Calling target program-options parser
[10:58:47.095] [bmv2] [D] [thread 24411] Set default default entry for table 'MyIngress.firewall': NoAction - 
[10:58:47.095] [bmv2] [D] [thread 24411] Set default default entry for table 'tbl_syn_flood_filter264': syn_flood_filter264 - 
[10:58:47.095] [bmv2] [D] [thread 24411] Set default default entry for table 'tbl_update_ttl': MyIngress.update_ttl - 
[10:58:47.095] [bmv2] [D] [thread 24411] Set default default entry for table 'MyIngress.ip_forward': NoAction - 
[10:58:47.095] [bmv2] [D] [thread 24411] Set default default entry for table 'tbl_syn_flood_filter277': syn_flood_filter277 - 
[10:58:47.095] [bmv2] [D] [thread 24411] Set default default entry for table 'MyIngress.debug_flow': NoAction - 
[10:58:47.095] [bmv2] [D] [thread 24411] Set default default entry for table 'tbl_syn_flood_filter285': syn_flood_filter285 - 
[10:58:47.096] [bmv2] [D] [thread 24411] Set default default entry for table 'tbl_syn_flood_filter412': syn_flood_filter412 - 
[10:58:47.096] [bmv2] [D] [thread 24411] Set default default entry for table 'tbl_syn_flood_filter418': syn_flood_filter418 - 
[10:58:47.096] [bmv2] [D] [thread 24411] Set default default entry for table 'tbl_syn_flood_filter373': syn_flood_filter373 - 
[10:58:47.096] [bmv2] [D] [thread 24411] Set default default entry for table 'MyEgress.debug_flow': NoAction - 
[10:58:47.096] [bmv2] [D] [thread 24411] Set default default entry for table 'MyEgress.swtrace': NoAction - 
[10:58:47.096] [bmv2] [D] [thread 24411] Set default default entry for table 'MyEgress.ip_forward': NoAction - 
Adding interface s5-eth1 as port 1
[10:58:47.097] [bmv2] [D] [thread 24411] Adding interface s5-eth1 as port 1
Adding interface s5-eth2 as port 2
[10:58:47.124] [bmv2] [D] [thread 24411] Adding interface s5-eth2 as port 2
Adding interface s5-eth3 as port 3
[10:58:47.164] [bmv2] [D] [thread 24411] Adding interface s5-eth3 as port 3
Server listening on 0.0.0.0:50055
[10:58:47.197] [bmv2] [I] [thread 24411] Starting Thrift server on port 9094
[10:58:47.197] [bmv2] [I] [thread 24411] Thrift server was started
[10:58:49.017] [bmv2] [D] [thread 24421] [0.0] [cxt 0] Processing packet received on port 1
[10:58:49.017] [bmv2] [D] [thread 24421] [0.0] [cxt 0] Parser 'parser': start
[10:58:49.017] [bmv2] [D] [thread 24421] [0.0] [cxt 0] Parser 'parser' entering state 'start'
[10:58:49.017] [bmv2] [D] [thread 24421] [0.0] [cxt 0] Extracting header 'ethernet'
[10:58:49.018] [bmv2] [D] [thread 24421] [0.0] [cxt 0] Parser state 'start': key is 86dd
[10:58:49.018] [bmv2] [T] [thread 24421] [0.0] [cxt 0] Bytes parsed: 14
[10:58:49.018] [bmv2] [D] [thread 24421] [0.0] [cxt 0] Parser 'parser': end
[10:58:49.018] [bmv2] [D] [thread 24421] [0.0] [cxt 0] Pipeline 'ingress': start
[10:58:49.018] [bmv2] [T] [thread 24421] [0.0] [cxt 0] Applying table 'MyIngress.firewall'
[10:58:49.018] [bmv2] [D] [thread 24421] [0.0] [cxt 0] Looking up key:
* hdr.ipv4.srcAddr    : 00000000

[10:58:49.018] [bmv2] [D] [thread 24421] [0.0] [cxt 0] Table 'MyIngress.firewall': miss
[10:58:49.018] [bmv2] [D] [thread 24421] [0.0] [cxt 0] Action entry is NoAction - 
[10:58:49.018] [bmv2] [T] [thread 24421] [0.0] [cxt 0] Action NoAction
[10:58:49.018] [bmv2] [T] [thread 24421] [0.0] [cxt 0] syn_flood_filter.p4(262) Condition "meta.toBlock == 1" (node_3) is false
[10:58:49.018] [bmv2] [T] [thread 24421] [0.0] [cxt 0] syn_flood_filter.p4(268) Condition "hdr.ipv4.isValid()" (node_5) is false
[10:58:49.018] [bmv2] [T] [thread 24421] [0.0] [cxt 0] syn_flood_filter.p4(274) Condition "hdr.tcp.isValid()" (node_8) is false
[10:58:49.018] [bmv2] [D] [thread 24421] [0.0] [cxt 0] Pipeline 'ingress': end
[10:58:49.018] [bmv2] [D] [thread 24421] [0.0] [cxt 0] Egress port is 0
[10:58:49.018] [bmv2] [D] [thread 24422] [0.0] [cxt 0] Pipeline 'egress': start
[10:58:49.018] [bmv2] [T] [thread 24422] [0.0] [cxt 0] syn_flood_filter.p4(410) Condition "hdr.tcp.isValid()" (node_16) is false
[10:58:49.018] [bmv2] [T] [thread 24422] [0.0] [cxt 0] Applying table 'tbl_syn_flood_filter373'
[10:58:49.018] [bmv2] [D] [thread 24422] [0.0] [cxt 0] Looking up key:

[10:58:49.018] [bmv2] [D] [thread 24422] [0.0] [cxt 0] Table 'tbl_syn_flood_filter373': miss
[10:58:49.018] [bmv2] [D] [thread 24422] [0.0] [cxt 0] Action entry is syn_flood_filter373 - 
[10:58:49.018] [bmv2] [T] [thread 24422] [0.0] [cxt 0] Action syn_flood_filter373
[10:58:49.018] [bmv2] [T] [thread 24422] [0.0] [cxt 0] syn_flood_filter.p4(373) Primitive hdr.swtraces[0].swid
[10:58:49.018] [bmv2] [T] [thread 24422] [0.0] [cxt 0] Applying table 'MyEgress.debug_flow'
[10:58:49.018] [bmv2] [D] [thread 24422] [0.0] [cxt 0] Looking up key:
* meta.cntSyn         : 00000000
* meta.cntSynAckRst   : 00000000
* hdr.swtraces[0].swid: 00000000
* hdr.mri.count       : 0000

[10:58:49.018] [bmv2] [D] [thread 24422] [0.0] [cxt 0] Table 'MyEgress.debug_flow': miss
[10:58:49.018] [bmv2] [D] [thread 24422] [0.0] [cxt 0] Action entry is NoAction - 
[10:58:49.018] [bmv2] [T] [thread 24422] [0.0] [cxt 0] Action NoAction
[10:58:49.018] [bmv2] [T] [thread 24422] [0.0] [cxt 0] syn_flood_filter.p4(427) Condition "hdr.mri.isValid()" (node_23) is false
[10:58:49.018] [bmv2] [T] [thread 24422] [0.0] [cxt 0] Applying table 'MyEgress.ip_forward'
[10:58:49.018] [bmv2] [D] [thread 24422] [0.0] [cxt 0] Looking up key:
* hdr.ipv4.dstAddr    : 00000000

[10:58:49.018] [bmv2] [D] [thread 24422] [0.0] [cxt 0] Table 'MyEgress.ip_forward': miss
[10:58:49.018] [bmv2] [D] [thread 24422] [0.0] [cxt 0] Action entry is NoAction - 
[10:58:49.018] [bmv2] [T] [thread 24422] [0.0] [cxt 0] Action NoAction
[10:58:49.018] [bmv2] [D] [thread 24422] [0.0] [cxt 0] Pipeline 'egress': end
[10:58:49.018] [bmv2] [D] [thread 24422] [0.0] [cxt 0] Deparser 'deparser': start
[10:58:49.018] [bmv2] [T] [thread 24422] [0.0] [cxt 0] Skipping checksum 'cksum' update because condition not met
[10:58:49.018] [bmv2] [D] [thread 24422] [0.0] [cxt 0] Deparsing header 'ethernet'
[10:58:49.018] [bmv2] [D] [thread 24422] [0.0] [cxt 0] Deparser 'deparser': end
[10:58:49.018] [bmv2] [D] [thread 24426] [0.0] [cxt 0] Transmitting packet of size 70 out of port 0
[10:58:49.409] [bmv2] [W] [thread 24503] [P4Runtime] p4::tmp::P4DeviceConfig is deprecated
[10:58:49.414] [bmv2] [D] [thread 24503] Set default default entry for table 'MyIngress.firewall': NoAction - 
[10:58:49.414] [bmv2] [D] [thread 24503] Set default default entry for table 'tbl_syn_flood_filter264': syn_flood_filter264 - 
[10:58:49.414] [bmv2] [D] [thread 24503] Set default default entry for table 'tbl_update_ttl': MyIngress.update_ttl - 
[10:58:49.414] [bmv2] [D] [thread 24503] Set default default entry for table 'MyIngress.ip_forward': NoAction - 
[10:58:49.414] [bmv2] [D] [thread 24503] Set default default entry for table 'tbl_syn_flood_filter277': syn_flood_filter277 - 
[10:58:49.414] [bmv2] [D] [thread 24503] Set default default entry for table 'MyIngress.debug_flow': NoAction - 
[10:58:49.414] [bmv2] [D] [thread 24503] Set default default entry for table 'tbl_syn_flood_filter285': syn_flood_filter285 - 
[10:58:49.415] [bmv2] [D] [thread 24503] Set default default entry for table 'tbl_syn_flood_filter412': syn_flood_filter412 - 
[10:58:49.415] [bmv2] [D] [thread 24503] Set default default entry for table 'tbl_syn_flood_filter418': syn_flood_filter418 - 
[10:58:49.415] [bmv2] [D] [thread 24503] Set default default entry for table 'tbl_syn_flood_filter373': syn_flood_filter373 - 
[10:58:49.415] [bmv2] [D] [thread 24503] Set default default entry for table 'MyEgress.debug_flow': NoAction - 
[10:58:49.415] [bmv2] [D] [thread 24503] Set default default entry for table 'MyEgress.swtrace': NoAction - 
[10:58:49.415] [bmv2] [D] [thread 24503] Set default default entry for table 'MyEgress.ip_forward': NoAction - 
[10:58:49.420] [bmv2] [D] [thread 24503] simple_switch target has been notified of a config swap
[10:58:49.422] [bmv2] [D] [thread 24505] Entry 0 added to table 'MyIngress.ip_forward'
[10:58:49.423] [bmv2] [D] [thread 24505] Dumping entry 0
Match key:
* hdr.ipv4.dstAddr    : EXACT     0a00060b
Action entry: MyIngress.forward - 3,60000000003,

[10:58:49.424] [bmv2] [D] [thread 24503] Entry 1 added to table 'MyIngress.ip_forward'
[10:58:49.424] [bmv2] [D] [thread 24503] Dumping entry 1
Match key:
* hdr.ipv4.dstAddr    : EXACT     0a00010b
Action entry: MyIngress.forward - 1,20000000004,

[10:58:49.426] [bmv2] [D] [thread 24503] Entry 2 added to table 'MyIngress.ip_forward'
[10:58:49.426] [bmv2] [D] [thread 24503] Dumping entry 2
Match key:
* hdr.ipv4.dstAddr    : EXACT     0a000152
Action entry: MyIngress.forward - 1,20000000004,

[10:58:49.427] [bmv2] [D] [thread 24505] Entry 3 added to table 'MyIngress.ip_forward'
[10:58:49.427] [bmv2] [D] [thread 24505] Dumping entry 3
Match key:
* hdr.ipv4.dstAddr    : EXACT     0a0001b6
Action entry: MyIngress.forward - 1,20000000004,

[10:58:49.782] [bmv2] [D] [thread 24421] [1.0] [cxt 0] Processing packet received on port 1
[10:58:49.782] [bmv2] [D] [thread 24421] [1.0] [cxt 0] Parser 'parser': start
[10:58:49.782] [bmv2] [D] [thread 24421] [1.0] [cxt 0] Parser 'parser' entering state 'start'
[10:58:49.782] [bmv2] [D] [thread 24421] [1.0] [cxt 0] Extracting header 'ethernet'
[10:58:49.782] [bmv2] [D] [thread 24421] [1.0] [cxt 0] Parser state 'start': key is 86dd
[10:58:49.782] [bmv2] [T] [thread 24421] [1.0] [cxt 0] Bytes parsed: 14
[10:58:49.782] [bmv2] [D] [thread 24421] [1.0] [cxt 0] Parser 'parser': end
[10:58:49.782] [bmv2] [D] [thread 24421] [1.0] [cxt 0] Pipeline 'ingress': start
[10:58:49.782] [bmv2] [T] [thread 24421] [1.0] [cxt 0] Applying table 'MyIngress.firewall'
[10:58:49.782] [bmv2] [D] [thread 24421] [1.0] [cxt 0] Looking up key:
* hdr.ipv4.srcAddr    : 00000000

[10:58:49.782] [bmv2] [D] [thread 24421] [1.0] [cxt 0] Table 'MyIngress.firewall': miss
[10:58:49.782] [bmv2] [D] [thread 24421] [1.0] [cxt 0] Action entry is NoAction - 
[10:58:49.782] [bmv2] [T] [thread 24421] [1.0] [cxt 0] Action NoAction
[10:58:49.782] [bmv2] [T] [thread 24421] [1.0] [cxt 0] syn_flood_filter.p4(262) Condition "meta.toBlock == 1" (node_3) is false
[10:58:49.782] [bmv2] [T] [thread 24421] [1.0] [cxt 0] syn_flood_filter.p4(268) Condition "hdr.ipv4.isValid()" (node_5) is false
[10:58:49.782] [bmv2] [T] [thread 24421] [1.0] [cxt 0] syn_flood_filter.p4(274) Condition "hdr.tcp.isValid()" (node_8) is false
[10:58:49.782] [bmv2] [D] [thread 24421] [1.0] [cxt 0] Pipeline 'ingress': end
[10:58:49.782] [bmv2] [D] [thread 24421] [1.0] [cxt 0] Egress port is 0
[10:58:49.782] [bmv2] [D] [thread 24421] [2.0] [cxt 0] Processing packet received on port 2
[10:58:49.782] [bmv2] [D] [thread 24421] [2.0] [cxt 0] Parser 'parser': start
[10:58:49.782] [bmv2] [D] [thread 24421] [2.0] [cxt 0] Parser 'parser' entering state 'start'
[10:58:49.782] [bmv2] [D] [thread 24421] [2.0] [cxt 0] Extracting header 'ethernet'
[10:58:49.782] [bmv2] [D] [thread 24421] [2.0] [cxt 0] Parser state 'start': key is 86dd
[10:58:49.782] [bmv2] [T] [thread 24421] [2.0] [cxt 0] Bytes parsed: 14
[10:58:49.782] [bmv2] [D] [thread 24421] [2.0] [cxt 0] Parser 'parser': end
[10:58:49.782] [bmv2] [D] [thread 24421] [2.0] [cxt 0] Pipeline 'ingress': start
[10:58:49.782] [bmv2] [T] [thread 24421] [2.0] [cxt 0] Applying table 'MyIngress.firewall'
[10:58:49.782] [bmv2] [D] [thread 24421] [2.0] [cxt 0] Looking up key:
* hdr.ipv4.srcAddr    : 00000000

[10:58:49.782] [bmv2] [D] [thread 24421] [2.0] [cxt 0] Table 'MyIngress.firewall': miss
[10:58:49.782] [bmv2] [D] [thread 24421] [2.0] [cxt 0] Action entry is NoAction - 
[10:58:49.782] [bmv2] [T] [thread 24421] [2.0] [cxt 0] Action NoAction
[10:58:49.782] [bmv2] [T] [thread 24421] [2.0] [cxt 0] syn_flood_filter.p4(262) Condition "meta.toBlock == 1" (node_3) is false
[10:58:49.782] [bmv2] [T] [thread 24421] [2.0] [cxt 0] syn_flood_filter.p4(268) Condition "hdr.ipv4.isValid()" (node_5) is false
[10:58:49.782] [bmv2] [T] [thread 24421] [2.0] [cxt 0] syn_flood_filter.p4(274) Condition "hdr.tcp.isValid()" (node_8) is false
[10:58:49.782] [bmv2] [D] [thread 24422] [1.0] [cxt 0] Pipeline 'egress': start
[10:58:49.782] [bmv2] [T] [thread 24422] [1.0] [cxt 0] syn_flood_filter.p4(410) Condition "hdr.tcp.isValid()" (node_16) is false
[10:58:49.782] [bmv2] [T] [thread 24422] [1.0] [cxt 0] Applying table 'tbl_syn_flood_filter373'
[10:58:49.782] [bmv2] [D] [thread 24422] [1.0] [cxt 0] Looking up key:

[10:58:49.782] [bmv2] [D] [thread 24422] [1.0] [cxt 0] Table 'tbl_syn_flood_filter373': miss
[10:58:49.782] [bmv2] [D] [thread 24422] [1.0] [cxt 0] Action entry is syn_flood_filter373 - 
[10:58:49.782] [bmv2] [T] [thread 24422] [1.0] [cxt 0] Action syn_flood_filter373
[10:58:49.782] [bmv2] [T] [thread 24422] [1.0] [cxt 0] syn_flood_filter.p4(373) Primitive hdr.swtraces[0].swid
[10:58:49.782] [bmv2] [T] [thread 24422] [1.0] [cxt 0] Applying table 'MyEgress.debug_flow'
[10:58:49.782] [bmv2] [D] [thread 24422] [1.0] [cxt 0] Looking up key:
* meta.cntSyn         : 00000000
* meta.cntSynAckRst   : 00000000
* hdr.swtraces[0].swid: 00000000
* hdr.mri.count       : 0000

[10:58:49.782] [bmv2] [D] [thread 24422] [1.0] [cxt 0] Table 'MyEgress.debug_flow': miss
[10:58:49.782] [bmv2] [D] [thread 24422] [1.0] [cxt 0] Action entry is NoAction - 
[10:58:49.782] [bmv2] [T] [thread 24422] [1.0] [cxt 0] Action NoAction
[10:58:49.783] [bmv2] [T] [thread 24422] [1.0] [cxt 0] syn_flood_filter.p4(427) Condition "hdr.mri.isValid()" (node_23) is false
[10:58:49.783] [bmv2] [T] [thread 24422] [1.0] [cxt 0] Applying table 'MyEgress.ip_forward'
[10:58:49.783] [bmv2] [D] [thread 24422] [1.0] [cxt 0] Looking up key:
* hdr.ipv4.dstAddr    : 00000000

[10:58:49.783] [bmv2] [D] [thread 24422] [1.0] [cxt 0] Table 'MyEgress.ip_forward': miss
[10:58:49.783] [bmv2] [D] [thread 24422] [1.0] [cxt 0] Action entry is NoAction - 
[10:58:49.783] [bmv2] [T] [thread 24422] [1.0] [cxt 0] Action NoAction
[10:58:49.783] [bmv2] [D] [thread 24422] [1.0] [cxt 0] Pipeline 'egress': end
[10:58:49.783] [bmv2] [D] [thread 24422] [1.0] [cxt 0] Deparser 'deparser': start
[10:58:49.783] [bmv2] [T] [thread 24422] [1.0] [cxt 0] Skipping checksum 'cksum' update because condition not met
[10:58:49.783] [bmv2] [D] [thread 24422] [1.0] [cxt 0] Deparsing header 'ethernet'
[10:58:49.783] [bmv2] [D] [thread 24422] [1.0] [cxt 0] Deparser 'deparser': end
[10:58:49.783] [bmv2] [D] [thread 24426] [1.0] [cxt 0] Transmitting packet of size 70 out of port 0
[10:58:49.782] [bmv2] [D] [thread 24421] [2.0] [cxt 0] Pipeline 'ingress': end
[10:58:49.783] [bmv2] [D] [thread 24421] [2.0] [cxt 0] Egress port is 0
[10:58:49.783] [bmv2] [D] [thread 24421] [3.0] [cxt 0] Processing packet received on port 3
[10:58:49.783] [bmv2] [D] [thread 24421] [3.0] [cxt 0] Parser 'parser': start
[10:58:49.783] [bmv2] [D] [thread 24421] [3.0] [cxt 0] Parser 'parser' entering state 'start'
[10:58:49.783] [bmv2] [D] [thread 24421] [3.0] [cxt 0] Extracting header 'ethernet'
[10:58:49.783] [bmv2] [D] [thread 24421] [3.0] [cxt 0] Parser state 'start': key is 86dd
[10:58:49.783] [bmv2] [T] [thread 24421] [3.0] [cxt 0] Bytes parsed: 14
[10:58:49.783] [bmv2] [D] [thread 24421] [3.0] [cxt 0] Parser 'parser': end
[10:58:49.783] [bmv2] [D] [thread 24421] [3.0] [cxt 0] Pipeline 'ingress': start
[10:58:49.783] [bmv2] [T] [thread 24421] [3.0] [cxt 0] Applying table 'MyIngress.firewall'
[10:58:49.783] [bmv2] [D] [thread 24421] [3.0] [cxt 0] Looking up key:
* hdr.ipv4.srcAddr    : 00000000

[10:58:49.783] [bmv2] [D] [thread 24421] [3.0] [cxt 0] Table 'MyIngress.firewall': miss
[10:58:49.783] [bmv2] [D] [thread 24421] [3.0] [cxt 0] Action entry is NoAction - 
[10:58:49.783] [bmv2] [T] [thread 24421] [3.0] [cxt 0] Action NoAction
[10:58:49.783] [bmv2] [T] [thread 24421] [3.0] [cxt 0] syn_flood_filter.p4(262) Condition "meta.toBlock == 1" (node_3) is false
[10:58:49.783] [bmv2] [T] [thread 24421] [3.0] [cxt 0] syn_flood_filter.p4(268) Condition "hdr.ipv4.isValid()" (node_5) is false
[10:58:49.783] [bmv2] [T] [thread 24421] [3.0] [cxt 0] syn_flood_filter.p4(274) Condition "hdr.tcp.isValid()" (node_8) is false
[10:58:49.783] [bmv2] [D] [thread 24421] [3.0] [cxt 0] Pipeline 'ingress': end
[10:58:49.783] [bmv2] [D] [thread 24421] [3.0] [cxt 0] Egress port is 0
[10:58:49.783] [bmv2] [D] [thread 24422] [2.0] [cxt 0] Pipeline 'egress': start
[10:58:49.783] [bmv2] [T] [thread 24422] [2.0] [cxt 0] syn_flood_filter.p4(410) Condition "hdr.tcp.isValid()" (node_16) is false
[10:58:49.783] [bmv2] [T] [thread 24422] [2.0] [cxt 0] Applying table 'tbl_syn_flood_filter373'
[10:58:49.783] [bmv2] [D] [thread 24422] [2.0] [cxt 0] Looking up key:

[10:58:49.783] [bmv2] [D] [thread 24422] [2.0] [cxt 0] Table 'tbl_syn_flood_filter373': miss
[10:58:49.783] [bmv2] [D] [thread 24422] [2.0] [cxt 0] Action entry is syn_flood_filter373 - 
[10:58:49.783] [bmv2] [T] [thread 24422] [2.0] [cxt 0] Action syn_flood_filter373
[10:58:49.783] [bmv2] [T] [thread 24422] [2.0] [cxt 0] syn_flood_filter.p4(373) Primitive hdr.swtraces[0].swid
[10:58:49.783] [bmv2] [T] [thread 24422] [2.0] [cxt 0] Applying table 'MyEgress.debug_flow'
[10:58:49.783] [bmv2] [D] [thread 24422] [2.0] [cxt 0] Looking up key:
* meta.cntSyn         : 00000000
* meta.cntSynAckRst   : 00000000
* hdr.swtraces[0].swid: 00000000
* hdr.mri.count       : 0000

[10:58:49.783] [bmv2] [D] [thread 24422] [2.0] [cxt 0] Table 'MyEgress.debug_flow': miss
[10:58:49.783] [bmv2] [D] [thread 24422] [2.0] [cxt 0] Action entry is NoAction - 
[10:58:49.783] [bmv2] [T] [thread 24422] [2.0] [cxt 0] Action NoAction
[10:58:49.783] [bmv2] [T] [thread 24422] [2.0] [cxt 0] syn_flood_filter.p4(427) Condition "hdr.mri.isValid()" (node_23) is false
[10:58:49.783] [bmv2] [T] [thread 24422] [2.0] [cxt 0] Applying table 'MyEgress.ip_forward'
[10:58:49.783] [bmv2] [D] [thread 24422] [2.0] [cxt 0] Looking up key:
* hdr.ipv4.dstAddr    : 00000000

[10:58:49.783] [bmv2] [D] [thread 24422] [2.0] [cxt 0] Table 'MyEgress.ip_forward': miss
[10:58:49.783] [bmv2] [D] [thread 24422] [2.0] [cxt 0] Action entry is NoAction - 
[10:58:49.783] [bmv2] [T] [thread 24422] [2.0] [cxt 0] Action NoAction
[10:58:49.783] [bmv2] [D] [thread 24422] [2.0] [cxt 0] Pipeline 'egress': end
[10:58:49.783] [bmv2] [D] [thread 24422] [2.0] [cxt 0] Deparser 'deparser': start
[10:58:49.783] [bmv2] [T] [thread 24422] [2.0] [cxt 0] Skipping checksum 'cksum' update because condition not met
[10:58:49.783] [bmv2] [D] [thread 24422] [2.0] [cxt 0] Deparsing header 'ethernet'
[10:58:49.783] [bmv2] [D] [thread 24422] [2.0] [cxt 0] Deparser 'deparser': end
[10:58:49.783] [bmv2] [D] [thread 24422] [3.0] [cxt 0] Pipeline 'egress': start
[10:58:49.783] [bmv2] [T] [thread 24422] [3.0] [cxt 0] syn_flood_filter.p4(410) Condition "hdr.tcp.isValid()" (node_16) is false
[10:58:49.783] [bmv2] [T] [thread 24422] [3.0] [cxt 0] Applying table 'tbl_syn_flood_filter373'
[10:58:49.783] [bmv2] [D] [thread 24422] [3.0] [cxt 0] Looking up key:

[10:58:49.783] [bmv2] [D] [thread 24422] [3.0] [cxt 0] Table 'tbl_syn_flood_filter373': miss
[10:58:49.783] [bmv2] [D] [thread 24422] [3.0] [cxt 0] Action entry is syn_flood_filter373 - 
[10:58:49.783] [bmv2] [T] [thread 24422] [3.0] [cxt 0] Action syn_flood_filter373
[10:58:49.783] [bmv2] [T] [thread 24422] [3.0] [cxt 0] syn_flood_filter.p4(373) Primitive hdr.swtraces[0].swid
[10:58:49.783] [bmv2] [T] [thread 24422] [3.0] [cxt 0] Applying table 'MyEgress.debug_flow'
[10:58:49.783] [bmv2] [D] [thread 24422] [3.0] [cxt 0] Looking up key:
* meta.cntSyn         : 00000000
* meta.cntSynAckRst   : 00000000
* hdr.swtraces[0].swid: 00000000
* hdr.mri.count       : 0000

[10:58:49.783] [bmv2] [D] [thread 24422] [3.0] [cxt 0] Table 'MyEgress.debug_flow': miss
[10:58:49.783] [bmv2] [D] [thread 24422] [3.0] [cxt 0] Action entry is NoAction - 
[10:58:49.783] [bmv2] [T] [thread 24422] [3.0] [cxt 0] Action NoAction
[10:58:49.783] [bmv2] [T] [thread 24422] [3.0] [cxt 0] syn_flood_filter.p4(427) Condition "hdr.mri.isValid()" (node_23) is false
[10:58:49.783] [bmv2] [T] [thread 24422] [3.0] [cxt 0] Applying table 'MyEgress.ip_forward'
[10:58:49.783] [bmv2] [D] [thread 24426] [2.0] [cxt 0] Transmitting packet of size 70 out of port 0
[10:58:49.783] [bmv2] [D] [thread 24422] [3.0] [cxt 0] Looking up key:
* hdr.ipv4.dstAddr    : 00000000

[10:58:49.784] [bmv2] [D] [thread 24422] [3.0] [cxt 0] Table 'MyEgress.ip_forward': miss
[10:58:49.784] [bmv2] [D] [thread 24422] [3.0] [cxt 0] Action entry is NoAction - 
[10:58:49.784] [bmv2] [T] [thread 24422] [3.0] [cxt 0] Action NoAction
[10:58:49.784] [bmv2] [D] [thread 24422] [3.0] [cxt 0] Pipeline 'egress': end
[10:58:49.784] [bmv2] [D] [thread 24422] [3.0] [cxt 0] Deparser 'deparser': start
[10:58:49.784] [bmv2] [T] [thread 24422] [3.0] [cxt 0] Skipping checksum 'cksum' update because condition not met
[10:58:49.784] [bmv2] [D] [thread 24422] [3.0] [cxt 0] Deparsing header 'ethernet'
[10:58:49.784] [bmv2] [D] [thread 24422] [3.0] [cxt 0] Deparser 'deparser': end
[10:58:49.784] [bmv2] [D] [thread 24426] [3.0] [cxt 0] Transmitting packet of size 70 out of port 0
[10:58:50.036] [bmv2] [D] [thread 24421] [4.0] [cxt 0] Processing packet received on port 3
[10:58:50.036] [bmv2] [D] [thread 24421] [4.0] [cxt 0] Parser 'parser': start
[10:58:50.036] [bmv2] [D] [thread 24421] [4.0] [cxt 0] Parser 'parser' entering state 'start'
[10:58:50.036] [bmv2] [D] [thread 24421] [4.0] [cxt 0] Extracting header 'ethernet'
[10:58:50.036] [bmv2] [D] [thread 24421] [4.0] [cxt 0] Parser state 'start': key is 86dd
[10:58:50.036] [bmv2] [T] [thread 24421] [4.0] [cxt 0] Bytes parsed: 14
[10:58:50.036] [bmv2] [D] [thread 24421] [4.0] [cxt 0] Parser 'parser': end
[10:58:50.036] [bmv2] [D] [thread 24421] [4.0] [cxt 0] Pipeline 'ingress': start
[10:58:50.036] [bmv2] [T] [thread 24421] [4.0] [cxt 0] Applying table 'MyIngress.firewall'
[10:58:50.036] [bmv2] [D] [thread 24421] [4.0] [cxt 0] Looking up key:
* hdr.ipv4.srcAddr    : 00000000

[10:58:50.036] [bmv2] [D] [thread 24421] [4.0] [cxt 0] Table 'MyIngress.firewall': miss
[10:58:50.036] [bmv2] [D] [thread 24421] [4.0] [cxt 0] Action entry is NoAction - 
[10:58:50.036] [bmv2] [T] [thread 24421] [4.0] [cxt 0] Action NoAction
[10:58:50.036] [bmv2] [T] [thread 24421] [4.0] [cxt 0] syn_flood_filter.p4(262) Condition "meta.toBlock == 1" (node_3) is false
[10:58:50.036] [bmv2] [T] [thread 24421] [4.0] [cxt 0] syn_flood_filter.p4(268) Condition "hdr.ipv4.isValid()" (node_5) is false
[10:58:50.036] [bmv2] [T] [thread 24421] [4.0] [cxt 0] syn_flood_filter.p4(274) Condition "hdr.tcp.isValid()" (node_8) is false
[10:58:50.036] [bmv2] [D] [thread 24421] [4.0] [cxt 0] Pipeline 'ingress': end
[10:58:50.036] [bmv2] [D] [thread 24421] [4.0] [cxt 0] Egress port is 0
[10:58:50.038] [bmv2] [D] [thread 24422] [4.0] [cxt 0] Pipeline 'egress': start
[10:58:50.038] [bmv2] [T] [thread 24422] [4.0] [cxt 0] syn_flood_filter.p4(410) Condition "hdr.tcp.isValid()" (node_16) is false
[10:58:50.038] [bmv2] [T] [thread 24422] [4.0] [cxt 0] Applying table 'tbl_syn_flood_filter373'
[10:58:50.038] [bmv2] [D] [thread 24422] [4.0] [cxt 0] Looking up key:

[10:58:50.038] [bmv2] [D] [thread 24422] [4.0] [cxt 0] Table 'tbl_syn_flood_filter373': miss
[10:58:50.038] [bmv2] [D] [thread 24422] [4.0] [cxt 0] Action entry is syn_flood_filter373 - 
[10:58:50.039] [bmv2] [T] [thread 24422] [4.0] [cxt 0] Action syn_flood_filter373
[10:58:50.039] [bmv2] [T] [thread 24422] [4.0] [cxt 0] syn_flood_filter.p4(373) Primitive hdr.swtraces[0].swid
[10:58:50.039] [bmv2] [T] [thread 24422] [4.0] [cxt 0] Applying table 'MyEgress.debug_flow'
[10:58:50.039] [bmv2] [D] [thread 24422] [4.0] [cxt 0] Looking up key:
* meta.cntSyn         : 00000000
* meta.cntSynAckRst   : 00000000
* hdr.swtraces[0].swid: 00000000
* hdr.mri.count       : 0000

[10:58:50.039] [bmv2] [D] [thread 24422] [4.0] [cxt 0] Table 'MyEgress.debug_flow': miss
[10:58:50.039] [bmv2] [D] [thread 24422] [4.0] [cxt 0] Action entry is NoAction - 
[10:58:50.039] [bmv2] [T] [thread 24422] [4.0] [cxt 0] Action NoAction
[10:58:50.039] [bmv2] [T] [thread 24422] [4.0] [cxt 0] syn_flood_filter.p4(427) Condition "hdr.mri.isValid()" (node_23) is false
[10:58:50.039] [bmv2] [T] [thread 24422] [4.0] [cxt 0] Applying table 'MyEgress.ip_forward'
[10:58:50.039] [bmv2] [D] [thread 24422] [4.0] [cxt 0] Looking up key:
* hdr.ipv4.dstAddr    : 00000000

[10:58:50.039] [bmv2] [D] [thread 24422] [4.0] [cxt 0] Table 'MyEgress.ip_forward': miss
[10:58:50.039] [bmv2] [D] [thread 24422] [4.0] [cxt 0] Action entry is NoAction - 
[10:58:50.039] [bmv2] [T] [thread 24422] [4.0] [cxt 0] Action NoAction
[10:58:50.039] [bmv2] [D] [thread 24422] [4.0] [cxt 0] Pipeline 'egress': end
[10:58:50.039] [bmv2] [D] [thread 24422] [4.0] [cxt 0] Deparser 'deparser': start
[10:58:50.039] [bmv2] [T] [thread 24422] [4.0] [cxt 0] Skipping checksum 'cksum' update because condition not met
[10:58:50.039] [bmv2] [D] [thread 24422] [4.0] [cxt 0] Deparsing header 'ethernet'
[10:58:50.039] [bmv2] [D] [thread 24422] [4.0] [cxt 0] Deparser 'deparser': end
[10:58:50.039] [bmv2] [D] [thread 24426] [4.0] [cxt 0] Transmitting packet of size 70 out of port 0
[10:58:50.292] [bmv2] [D] [thread 24421] [5.0] [cxt 0] Processing packet received on port 2
[10:58:50.292] [bmv2] [D] [thread 24421] [5.0] [cxt 0] Parser 'parser': start
[10:58:50.292] [bmv2] [D] [thread 24421] [5.0] [cxt 0] Parser 'parser' entering state 'start'
[10:58:50.292] [bmv2] [D] [thread 24421] [5.0] [cxt 0] Extracting header 'ethernet'
[10:58:50.292] [bmv2] [D] [thread 24421] [5.0] [cxt 0] Parser state 'start': key is 86dd
[10:58:50.292] [bmv2] [T] [thread 24421] [5.0] [cxt 0] Bytes parsed: 14
[10:58:50.292] [bmv2] [D] [thread 24421] [5.0] [cxt 0] Parser 'parser': end
[10:58:50.292] [bmv2] [D] [thread 24421] [5.0] [cxt 0] Pipeline 'ingress': start
[10:58:50.292] [bmv2] [T] [thread 24421] [5.0] [cxt 0] Applying table 'MyIngress.firewall'
[10:58:50.292] [bmv2] [D] [thread 24421] [5.0] [cxt 0] Looking up key:
* hdr.ipv4.srcAddr    : 00000000

[10:58:50.292] [bmv2] [D] [thread 24421] [5.0] [cxt 0] Table 'MyIngress.firewall': miss
[10:58:50.292] [bmv2] [D] [thread 24421] [5.0] [cxt 0] Action entry is NoAction - 
[10:58:50.292] [bmv2] [T] [thread 24421] [5.0] [cxt 0] Action NoAction
[10:58:50.292] [bmv2] [T] [thread 24421] [5.0] [cxt 0] syn_flood_filter.p4(262) Condition "meta.toBlock == 1" (node_3) is false
[10:58:50.292] [bmv2] [T] [thread 24421] [5.0] [cxt 0] syn_flood_filter.p4(268) Condition "hdr.ipv4.isValid()" (node_5) is false
[10:58:50.292] [bmv2] [T] [thread 24421] [5.0] [cxt 0] syn_flood_filter.p4(274) Condition "hdr.tcp.isValid()" (node_8) is false
[10:58:50.292] [bmv2] [D] [thread 24421] [5.0] [cxt 0] Pipeline 'ingress': end
[10:58:50.292] [bmv2] [D] [thread 24421] [5.0] [cxt 0] Egress port is 0
[10:58:50.293] [bmv2] [D] [thread 24422] [5.0] [cxt 0] Pipeline 'egress': start
[10:58:50.293] [bmv2] [T] [thread 24422] [5.0] [cxt 0] syn_flood_filter.p4(410) Condition "hdr.tcp.isValid()" (node_16) is false
[10:58:50.293] [bmv2] [T] [thread 24422] [5.0] [cxt 0] Applying table 'tbl_syn_flood_filter373'
[10:58:50.293] [bmv2] [D] [thread 24422] [5.0] [cxt 0] Looking up key:

[10:58:50.293] [bmv2] [D] [thread 24422] [5.0] [cxt 0] Table 'tbl_syn_flood_filter373': miss
[10:58:50.293] [bmv2] [D] [thread 24422] [5.0] [cxt 0] Action entry is syn_flood_filter373 - 
[10:58:50.293] [bmv2] [T] [thread 24422] [5.0] [cxt 0] Action syn_flood_filter373
[10:58:50.293] [bmv2] [T] [thread 24422] [5.0] [cxt 0] syn_flood_filter.p4(373) Primitive hdr.swtraces[0].swid
[10:58:50.293] [bmv2] [T] [thread 24422] [5.0] [cxt 0] Applying table 'MyEgress.debug_flow'
[10:58:50.293] [bmv2] [D] [thread 24422] [5.0] [cxt 0] Looking up key:
* meta.cntSyn         : 00000000
* meta.cntSynAckRst   : 00000000
* hdr.swtraces[0].swid: 00000000
* hdr.mri.count       : 0000

[10:58:50.293] [bmv2] [D] [thread 24422] [5.0] [cxt 0] Table 'MyEgress.debug_flow': miss
[10:58:50.293] [bmv2] [D] [thread 24422] [5.0] [cxt 0] Action entry is NoAction - 
[10:58:50.293] [bmv2] [T] [thread 24422] [5.0] [cxt 0] Action NoAction
[10:58:50.293] [bmv2] [T] [thread 24422] [5.0] [cxt 0] syn_flood_filter.p4(427) Condition "hdr.mri.isValid()" (node_23) is false
[10:58:50.293] [bmv2] [T] [thread 24422] [5.0] [cxt 0] Applying table 'MyEgress.ip_forward'
[10:58:50.293] [bmv2] [D] [thread 24422] [5.0] [cxt 0] Looking up key:
* hdr.ipv4.dstAddr    : 00000000

[10:58:50.293] [bmv2] [D] [thread 24422] [5.0] [cxt 0] Table 'MyEgress.ip_forward': miss
[10:58:50.293] [bmv2] [D] [thread 24422] [5.0] [cxt 0] Action entry is NoAction - 
[10:58:50.293] [bmv2] [T] [thread 24422] [5.0] [cxt 0] Action NoAction
[10:58:50.293] [bmv2] [D] [thread 24422] [5.0] [cxt 0] Pipeline 'egress': end
[10:58:50.293] [bmv2] [D] [thread 24422] [5.0] [cxt 0] Deparser 'deparser': start
[10:58:50.293] [bmv2] [T] [thread 24422] [5.0] [cxt 0] Skipping checksum 'cksum' update because condition not met
[10:58:50.293] [bmv2] [D] [thread 24422] [5.0] [cxt 0] Deparsing header 'ethernet'
[10:58:50.293] [bmv2] [D] [thread 24422] [5.0] [cxt 0] Deparser 'deparser': end
[10:58:50.293] [bmv2] [D] [thread 24426] [5.0] [cxt 0] Transmitting packet of size 70 out of port 0
[10:58:56.694] [bmv2] [D] [thread 24421] [6.0] [cxt 0] Processing packet received on port 1
[10:58:56.694] [bmv2] [D] [thread 24421] [6.0] [cxt 0] Parser 'parser': start
[10:58:56.694] [bmv2] [D] [thread 24421] [6.0] [cxt 0] Parser 'parser' entering state 'start'
[10:58:56.694] [bmv2] [D] [thread 24421] [6.0] [cxt 0] Extracting header 'ethernet'
[10:58:56.694] [bmv2] [D] [thread 24421] [6.0] [cxt 0] Parser state 'start': key is 86dd
[10:58:56.694] [bmv2] [T] [thread 24421] [6.0] [cxt 0] Bytes parsed: 14
[10:58:56.694] [bmv2] [D] [thread 24421] [6.0] [cxt 0] Parser 'parser': end
[10:58:56.694] [bmv2] [D] [thread 24421] [6.0] [cxt 0] Pipeline 'ingress': start
[10:58:56.694] [bmv2] [T] [thread 24421] [6.0] [cxt 0] Applying table 'MyIngress.firewall'
[10:58:56.694] [bmv2] [D] [thread 24421] [6.0] [cxt 0] Looking up key:
* hdr.ipv4.srcAddr    : 00000000

[10:58:56.694] [bmv2] [D] [thread 24421] [6.0] [cxt 0] Table 'MyIngress.firewall': miss
[10:58:56.694] [bmv2] [D] [thread 24421] [6.0] [cxt 0] Action entry is NoAction - 
[10:58:56.694] [bmv2] [T] [thread 24421] [6.0] [cxt 0] Action NoAction
[10:58:56.694] [bmv2] [T] [thread 24421] [6.0] [cxt 0] syn_flood_filter.p4(262) Condition "meta.toBlock == 1" (node_3) is false
[10:58:56.694] [bmv2] [T] [thread 24421] [6.0] [cxt 0] syn_flood_filter.p4(268) Condition "hdr.ipv4.isValid()" (node_5) is false
[10:58:56.694] [bmv2] [T] [thread 24421] [6.0] [cxt 0] syn_flood_filter.p4(274) Condition "hdr.tcp.isValid()" (node_8) is false
[10:58:56.694] [bmv2] [D] [thread 24421] [6.0] [cxt 0] Pipeline 'ingress': end
[10:58:56.694] [bmv2] [D] [thread 24421] [6.0] [cxt 0] Egress port is 0
[10:58:56.694] [bmv2] [D] [thread 24422] [6.0] [cxt 0] Pipeline 'egress': start
[10:58:56.694] [bmv2] [T] [thread 24422] [6.0] [cxt 0] syn_flood_filter.p4(410) Condition "hdr.tcp.isValid()" (node_16) is false
[10:58:56.694] [bmv2] [T] [thread 24422] [6.0] [cxt 0] Applying table 'tbl_syn_flood_filter373'
[10:58:56.694] [bmv2] [D] [thread 24422] [6.0] [cxt 0] Looking up key:

[10:58:56.694] [bmv2] [D] [thread 24422] [6.0] [cxt 0] Table 'tbl_syn_flood_filter373': miss
[10:58:56.694] [bmv2] [D] [thread 24422] [6.0] [cxt 0] Action entry is syn_flood_filter373 - 
[10:58:56.694] [bmv2] [T] [thread 24422] [6.0] [cxt 0] Action syn_flood_filter373
[10:58:56.694] [bmv2] [T] [thread 24422] [6.0] [cxt 0] syn_flood_filter.p4(373) Primitive hdr.swtraces[0].swid
[10:58:56.694] [bmv2] [T] [thread 24422] [6.0] [cxt 0] Applying table 'MyEgress.debug_flow'
[10:58:56.695] [bmv2] [D] [thread 24422] [6.0] [cxt 0] Looking up key:
* meta.cntSyn         : 00000000
* meta.cntSynAckRst   : 00000000
* hdr.swtraces[0].swid: 00000000
* hdr.mri.count       : 0000

[10:58:56.695] [bmv2] [D] [thread 24422] [6.0] [cxt 0] Table 'MyEgress.debug_flow': miss
[10:58:56.695] [bmv2] [D] [thread 24422] [6.0] [cxt 0] Action entry is NoAction - 
[10:58:56.695] [bmv2] [T] [thread 24422] [6.0] [cxt 0] Action NoAction
[10:58:56.695] [bmv2] [T] [thread 24422] [6.0] [cxt 0] syn_flood_filter.p4(427) Condition "hdr.mri.isValid()" (node_23) is false
[10:58:56.695] [bmv2] [T] [thread 24422] [6.0] [cxt 0] Applying table 'MyEgress.ip_forward'
[10:58:56.695] [bmv2] [D] [thread 24422] [6.0] [cxt 0] Looking up key:
* hdr.ipv4.dstAddr    : 00000000

[10:58:56.695] [bmv2] [D] [thread 24422] [6.0] [cxt 0] Table 'MyEgress.ip_forward': miss
[10:58:56.695] [bmv2] [D] [thread 24422] [6.0] [cxt 0] Action entry is NoAction - 
[10:58:56.695] [bmv2] [T] [thread 24422] [6.0] [cxt 0] Action NoAction
[10:58:56.695] [bmv2] [D] [thread 24422] [6.0] [cxt 0] Pipeline 'egress': end
[10:58:56.695] [bmv2] [D] [thread 24422] [6.0] [cxt 0] Deparser 'deparser': start
[10:58:56.695] [bmv2] [T] [thread 24422] [6.0] [cxt 0] Skipping checksum 'cksum' update because condition not met
[10:58:56.695] [bmv2] [D] [thread 24422] [6.0] [cxt 0] Deparsing header 'ethernet'
[10:58:56.695] [bmv2] [D] [thread 24422] [6.0] [cxt 0] Deparser 'deparser': end
[10:58:56.695] [bmv2] [D] [thread 24426] [6.0] [cxt 0] Transmitting packet of size 70 out of port 0
[10:58:57.462] [bmv2] [D] [thread 24421] [7.0] [cxt 0] Processing packet received on port 2
[10:58:57.462] [bmv2] [D] [thread 24421] [7.0] [cxt 0] Parser 'parser': start
[10:58:57.462] [bmv2] [D] [thread 24421] [7.0] [cxt 0] Parser 'parser' entering state 'start'
[10:58:57.462] [bmv2] [D] [thread 24421] [7.0] [cxt 0] Extracting header 'ethernet'
[10:58:57.462] [bmv2] [D] [thread 24421] [7.0] [cxt 0] Parser state 'start': key is 86dd
[10:58:57.462] [bmv2] [T] [thread 24421] [7.0] [cxt 0] Bytes parsed: 14
[10:58:57.462] [bmv2] [D] [thread 24421] [7.0] [cxt 0] Parser 'parser': end
[10:58:57.462] [bmv2] [D] [thread 24421] [7.0] [cxt 0] Pipeline 'ingress': start
[10:58:57.462] [bmv2] [T] [thread 24421] [7.0] [cxt 0] Applying table 'MyIngress.firewall'
[10:58:57.463] [bmv2] [D] [thread 24421] [7.0] [cxt 0] Looking up key:
* hdr.ipv4.srcAddr    : 00000000

[10:58:57.463] [bmv2] [D] [thread 24421] [7.0] [cxt 0] Table 'MyIngress.firewall': miss
[10:58:57.463] [bmv2] [D] [thread 24421] [7.0] [cxt 0] Action entry is NoAction - 
[10:58:57.463] [bmv2] [T] [thread 24421] [7.0] [cxt 0] Action NoAction
[10:58:57.463] [bmv2] [T] [thread 24421] [7.0] [cxt 0] syn_flood_filter.p4(262) Condition "meta.toBlock == 1" (node_3) is false
[10:58:57.463] [bmv2] [T] [thread 24421] [7.0] [cxt 0] syn_flood_filter.p4(268) Condition "hdr.ipv4.isValid()" (node_5) is false
[10:58:57.463] [bmv2] [T] [thread 24421] [7.0] [cxt 0] syn_flood_filter.p4(274) Condition "hdr.tcp.isValid()" (node_8) is false
[10:58:57.463] [bmv2] [D] [thread 24421] [7.0] [cxt 0] Pipeline 'ingress': end
[10:58:57.463] [bmv2] [D] [thread 24421] [7.0] [cxt 0] Egress port is 0
[10:58:57.463] [bmv2] [D] [thread 24421] [8.0] [cxt 0] Processing packet received on port 3
[10:58:57.463] [bmv2] [D] [thread 24421] [8.0] [cxt 0] Parser 'parser': start
[10:58:57.463] [bmv2] [D] [thread 24421] [8.0] [cxt 0] Parser 'parser' entering state 'start'
[10:58:57.463] [bmv2] [D] [thread 24421] [8.0] [cxt 0] Extracting header 'ethernet'
[10:58:57.463] [bmv2] [D] [thread 24421] [8.0] [cxt 0] Parser state 'start': key is 86dd
[10:58:57.463] [bmv2] [T] [thread 24421] [8.0] [cxt 0] Bytes parsed: 14
[10:58:57.463] [bmv2] [D] [thread 24421] [8.0] [cxt 0] Parser 'parser': end
[10:58:57.463] [bmv2] [D] [thread 24421] [8.0] [cxt 0] Pipeline 'ingress': start
[10:58:57.463] [bmv2] [T] [thread 24421] [8.0] [cxt 0] Applying table 'MyIngress.firewall'
[10:58:57.463] [bmv2] [D] [thread 24421] [8.0] [cxt 0] Looking up key:
* hdr.ipv4.srcAddr    : 00000000

[10:58:57.463] [bmv2] [D] [thread 24421] [8.0] [cxt 0] Table 'MyIngress.firewall': miss
[10:58:57.463] [bmv2] [D] [thread 24421] [8.0] [cxt 0] Action entry is NoAction - 
[10:58:57.463] [bmv2] [T] [thread 24421] [8.0] [cxt 0] Action NoAction
[10:58:57.463] [bmv2] [T] [thread 24421] [8.0] [cxt 0] syn_flood_filter.p4(262) Condition "meta.toBlock == 1" (node_3) is false
[10:58:57.463] [bmv2] [T] [thread 24421] [8.0] [cxt 0] syn_flood_filter.p4(268) Condition "hdr.ipv4.isValid()" (node_5) is false
[10:58:57.463] [bmv2] [T] [thread 24421] [8.0] [cxt 0] syn_flood_filter.p4(274) Condition "hdr.tcp.isValid()" (node_8) is false
[10:58:57.463] [bmv2] [D] [thread 24421] [8.0] [cxt 0] Pipeline 'ingress': end
[10:58:57.463] [bmv2] [D] [thread 24421] [8.0] [cxt 0] Egress port is 0
[10:58:57.463] [bmv2] [D] [thread 24421] [9.0] [cxt 0] Processing packet received on port 3
[10:58:57.463] [bmv2] [D] [thread 24421] [9.0] [cxt 0] Parser 'parser': start
[10:58:57.463] [bmv2] [D] [thread 24421] [9.0] [cxt 0] Parser 'parser' entering state 'start'
[10:58:57.463] [bmv2] [D] [thread 24421] [9.0] [cxt 0] Extracting header 'ethernet'
[10:58:57.463] [bmv2] [D] [thread 24421] [9.0] [cxt 0] Parser state 'start': key is 86dd
[10:58:57.463] [bmv2] [T] [thread 24421] [9.0] [cxt 0] Bytes parsed: 14
[10:58:57.463] [bmv2] [D] [thread 24421] [9.0] [cxt 0] Parser 'parser': end
[10:58:57.463] [bmv2] [D] [thread 24421] [9.0] [cxt 0] Pipeline 'ingress': start
[10:58:57.463] [bmv2] [T] [thread 24421] [9.0] [cxt 0] Applying table 'MyIngress.firewall'
[10:58:57.463] [bmv2] [D] [thread 24421] [9.0] [cxt 0] Looking up key:
* hdr.ipv4.srcAddr    : 00000000

[10:58:57.463] [bmv2] [D] [thread 24421] [9.0] [cxt 0] Table 'MyIngress.firewall': miss
[10:58:57.463] [bmv2] [D] [thread 24421] [9.0] [cxt 0] Action entry is NoAction - 
[10:58:57.463] [bmv2] [T] [thread 24421] [9.0] [cxt 0] Action NoAction
[10:58:57.463] [bmv2] [D] [thread 24422] [7.0] [cxt 0] Pipeline 'egress': start
[10:58:57.463] [bmv2] [T] [thread 24422] [7.0] [cxt 0] syn_flood_filter.p4(410) Condition "hdr.tcp.isValid()" (node_16) is false
[10:58:57.463] [bmv2] [T] [thread 24422] [7.0] [cxt 0] Applying table 'tbl_syn_flood_filter373'
[10:58:57.463] [bmv2] [D] [thread 24422] [7.0] [cxt 0] Looking up key:

[10:58:57.463] [bmv2] [D] [thread 24422] [7.0] [cxt 0] Table 'tbl_syn_flood_filter373': miss
[10:58:57.463] [bmv2] [D] [thread 24422] [7.0] [cxt 0] Action entry is syn_flood_filter373 - 
[10:58:57.463] [bmv2] [T] [thread 24422] [7.0] [cxt 0] Action syn_flood_filter373
[10:58:57.463] [bmv2] [T] [thread 24422] [7.0] [cxt 0] syn_flood_filter.p4(373) Primitive hdr.swtraces[0].swid
[10:58:57.463] [bmv2] [T] [thread 24422] [7.0] [cxt 0] Applying table 'MyEgress.debug_flow'
[10:58:57.463] [bmv2] [D] [thread 24422] [7.0] [cxt 0] Looking up key:
* meta.cntSyn         : 00000000
* meta.cntSynAckRst   : 00000000
* hdr.swtraces[0].swid: 00000000
* hdr.mri.count       : 0000

[10:58:57.463] [bmv2] [D] [thread 24422] [7.0] [cxt 0] Table 'MyEgress.debug_flow': miss
[10:58:57.463] [bmv2] [D] [thread 24422] [7.0] [cxt 0] Action entry is NoAction - 
[10:58:57.463] [bmv2] [T] [thread 24422] [7.0] [cxt 0] Action NoAction
[10:58:57.463] [bmv2] [T] [thread 24422] [7.0] [cxt 0] syn_flood_filter.p4(427) Condition "hdr.mri.isValid()" (node_23) is false
[10:58:57.463] [bmv2] [T] [thread 24422] [7.0] [cxt 0] Applying table 'MyEgress.ip_forward'
[10:58:57.463] [bmv2] [D] [thread 24422] [7.0] [cxt 0] Looking up key:
* hdr.ipv4.dstAddr    : 00000000

[10:58:57.463] [bmv2] [D] [thread 24422] [7.0] [cxt 0] Table 'MyEgress.ip_forward': miss
[10:58:57.463] [bmv2] [D] [thread 24422] [7.0] [cxt 0] Action entry is NoAction - 
[10:58:57.463] [bmv2] [T] [thread 24422] [7.0] [cxt 0] Action NoAction
[10:58:57.463] [bmv2] [D] [thread 24422] [7.0] [cxt 0] Pipeline 'egress': end
[10:58:57.463] [bmv2] [D] [thread 24422] [7.0] [cxt 0] Deparser 'deparser': start
[10:58:57.463] [bmv2] [T] [thread 24422] [7.0] [cxt 0] Skipping checksum 'cksum' update because condition not met
[10:58:57.463] [bmv2] [D] [thread 24422] [7.0] [cxt 0] Deparsing header 'ethernet'
[10:58:57.463] [bmv2] [D] [thread 24422] [7.0] [cxt 0] Deparser 'deparser': end
[10:58:57.463] [bmv2] [D] [thread 24422] [8.0] [cxt 0] Pipeline 'egress': start
[10:58:57.463] [bmv2] [T] [thread 24422] [8.0] [cxt 0] syn_flood_filter.p4(410) Condition "hdr.tcp.isValid()" (node_16) is false
[10:58:57.463] [bmv2] [T] [thread 24422] [8.0] [cxt 0] Applying table 'tbl_syn_flood_filter373'
[10:58:57.463] [bmv2] [D] [thread 24422] [8.0] [cxt 0] Looking up key:

[10:58:57.463] [bmv2] [D] [thread 24422] [8.0] [cxt 0] Table 'tbl_syn_flood_filter373': miss
[10:58:57.463] [bmv2] [D] [thread 24422] [8.0] [cxt 0] Action entry is syn_flood_filter373 - 
[10:58:57.463] [bmv2] [T] [thread 24422] [8.0] [cxt 0] Action syn_flood_filter373
[10:58:57.463] [bmv2] [T] [thread 24422] [8.0] [cxt 0] syn_flood_filter.p4(373) Primitive hdr.swtraces[0].swid
[10:58:57.463] [bmv2] [T] [thread 24422] [8.0] [cxt 0] Applying table 'MyEgress.debug_flow'
[10:58:57.463] [bmv2] [D] [thread 24422] [8.0] [cxt 0] Looking up key:
* meta.cntSyn         : 00000000
* meta.cntSynAckRst   : 00000000
* hdr.swtraces[0].swid: 00000000
* hdr.mri.count       : 0000

[10:58:57.463] [bmv2] [D] [thread 24422] [8.0] [cxt 0] Table 'MyEgress.debug_flow': miss
[10:58:57.463] [bmv2] [D] [thread 24422] [8.0] [cxt 0] Action entry is NoAction - 
[10:58:57.463] [bmv2] [T] [thread 24422] [8.0] [cxt 0] Action NoAction
[10:58:57.463] [bmv2] [T] [thread 24422] [8.0] [cxt 0] syn_flood_filter.p4(427) Condition "hdr.mri.isValid()" (node_23) is false
[10:58:57.463] [bmv2] [T] [thread 24422] [8.0] [cxt 0] Applying table 'MyEgress.ip_forward'
[10:58:57.463] [bmv2] [D] [thread 24422] [8.0] [cxt 0] Looking up key:
* hdr.ipv4.dstAddr    : 00000000

[10:58:57.463] [bmv2] [D] [thread 24422] [8.0] [cxt 0] Table 'MyEgress.ip_forward': miss
[10:58:57.463] [bmv2] [D] [thread 24422] [8.0] [cxt 0] Action entry is NoAction - 
[10:58:57.463] [bmv2] [T] [thread 24422] [8.0] [cxt 0] Action NoAction
[10:58:57.463] [bmv2] [D] [thread 24422] [8.0] [cxt 0] Pipeline 'egress': end
[10:58:57.464] [bmv2] [D] [thread 24422] [8.0] [cxt 0] Deparser 'deparser': start
[10:58:57.464] [bmv2] [T] [thread 24422] [8.0] [cxt 0] Skipping checksum 'cksum' update because condition not met
[10:58:57.464] [bmv2] [D] [thread 24422] [8.0] [cxt 0] Deparsing header 'ethernet'
[10:58:57.464] [bmv2] [D] [thread 24422] [8.0] [cxt 0] Deparser 'deparser': end
[10:58:57.464] [bmv2] [D] [thread 24426] [7.0] [cxt 0] Transmitting packet of size 70 out of port 0
[10:58:57.464] [bmv2] [D] [thread 24426] [8.0] [cxt 0] Transmitting packet of size 70 out of port 0
[10:58:57.463] [bmv2] [T] [thread 24421] [9.0] [cxt 0] syn_flood_filter.p4(262) Condition "meta.toBlock == 1" (node_3) is false
[10:58:57.464] [bmv2] [T] [thread 24421] [9.0] [cxt 0] syn_flood_filter.p4(268) Condition "hdr.ipv4.isValid()" (node_5) is false
[10:58:57.464] [bmv2] [T] [thread 24421] [9.0] [cxt 0] syn_flood_filter.p4(274) Condition "hdr.tcp.isValid()" (node_8) is false
[10:58:57.464] [bmv2] [D] [thread 24421] [9.0] [cxt 0] Pipeline 'ingress': end
[10:58:57.464] [bmv2] [D] [thread 24421] [9.0] [cxt 0] Egress port is 0
[10:58:57.465] [bmv2] [D] [thread 24422] [9.0] [cxt 0] Pipeline 'egress': start
[10:58:57.465] [bmv2] [T] [thread 24422] [9.0] [cxt 0] syn_flood_filter.p4(410) Condition "hdr.tcp.isValid()" (node_16) is false
[10:58:57.465] [bmv2] [T] [thread 24422] [9.0] [cxt 0] Applying table 'tbl_syn_flood_filter373'
[10:58:57.465] [bmv2] [D] [thread 24422] [9.0] [cxt 0] Looking up key:

[10:58:57.465] [bmv2] [D] [thread 24422] [9.0] [cxt 0] Table 'tbl_syn_flood_filter373': miss
[10:58:57.465] [bmv2] [D] [thread 24422] [9.0] [cxt 0] Action entry is syn_flood_filter373 - 
[10:58:57.465] [bmv2] [T] [thread 24422] [9.0] [cxt 0] Action syn_flood_filter373
[10:58:57.465] [bmv2] [T] [thread 24422] [9.0] [cxt 0] syn_flood_filter.p4(373) Primitive hdr.swtraces[0].swid
[10:58:57.465] [bmv2] [T] [thread 24422] [9.0] [cxt 0] Applying table 'MyEgress.debug_flow'
[10:58:57.465] [bmv2] [D] [thread 24422] [9.0] [cxt 0] Looking up key:
* meta.cntSyn         : 00000000
* meta.cntSynAckRst   : 00000000
* hdr.swtraces[0].swid: 00000000
* hdr.mri.count       : 0000

[10:58:57.465] [bmv2] [D] [thread 24422] [9.0] [cxt 0] Table 'MyEgress.debug_flow': miss
[10:58:57.465] [bmv2] [D] [thread 24422] [9.0] [cxt 0] Action entry is NoAction - 
[10:58:57.465] [bmv2] [T] [thread 24422] [9.0] [cxt 0] Action NoAction
[10:58:57.465] [bmv2] [T] [thread 24422] [9.0] [cxt 0] syn_flood_filter.p4(427) Condition "hdr.mri.isValid()" (node_23) is false
[10:58:57.465] [bmv2] [T] [thread 24422] [9.0] [cxt 0] Applying table 'MyEgress.ip_forward'
[10:58:57.465] [bmv2] [D] [thread 24422] [9.0] [cxt 0] Looking up key:
* hdr.ipv4.dstAddr    : 00000000

[10:58:57.465] [bmv2] [D] [thread 24422] [9.0] [cxt 0] Table 'MyEgress.ip_forward': miss
[10:58:57.465] [bmv2] [D] [thread 24422] [9.0] [cxt 0] Action entry is NoAction - 
[10:58:57.465] [bmv2] [T] [thread 24422] [9.0] [cxt 0] Action NoAction
[10:58:57.465] [bmv2] [D] [thread 24422] [9.0] [cxt 0] Pipeline 'egress': end
[10:58:57.465] [bmv2] [D] [thread 24422] [9.0] [cxt 0] Deparser 'deparser': start
[10:58:57.465] [bmv2] [T] [thread 24422] [9.0] [cxt 0] Skipping checksum 'cksum' update because condition not met
[10:58:57.465] [bmv2] [D] [thread 24422] [9.0] [cxt 0] Deparsing header 'ethernet'
[10:58:57.465] [bmv2] [D] [thread 24422] [9.0] [cxt 0] Deparser 'deparser': end
[10:58:57.465] [bmv2] [D] [thread 24426] [9.0] [cxt 0] Transmitting packet of size 70 out of port 0
[10:58:57.718] [bmv2] [D] [thread 24421] [10.0] [cxt 0] Processing packet received on port 1
[10:58:57.718] [bmv2] [D] [thread 24421] [10.0] [cxt 0] Parser 'parser': start
[10:58:57.718] [bmv2] [D] [thread 24421] [10.0] [cxt 0] Parser 'parser' entering state 'start'
[10:58:57.718] [bmv2] [D] [thread 24421] [10.0] [cxt 0] Extracting header 'ethernet'
[10:58:57.718] [bmv2] [D] [thread 24421] [10.0] [cxt 0] Parser state 'start': key is 86dd
[10:58:57.718] [bmv2] [T] [thread 24421] [10.0] [cxt 0] Bytes parsed: 14
[10:58:57.718] [bmv2] [D] [thread 24421] [10.0] [cxt 0] Parser 'parser': end
[10:58:57.718] [bmv2] [D] [thread 24421] [10.0] [cxt 0] Pipeline 'ingress': start
[10:58:57.718] [bmv2] [T] [thread 24421] [10.0] [cxt 0] Applying table 'MyIngress.firewall'
[10:58:57.718] [bmv2] [D] [thread 24421] [10.0] [cxt 0] Looking up key:
* hdr.ipv4.srcAddr    : 00000000

[10:58:57.719] [bmv2] [D] [thread 24421] [10.0] [cxt 0] Table 'MyIngress.firewall': miss
[10:58:57.719] [bmv2] [D] [thread 24421] [10.0] [cxt 0] Action entry is NoAction - 
[10:58:57.719] [bmv2] [T] [thread 24421] [10.0] [cxt 0] Action NoAction
[10:58:57.719] [bmv2] [T] [thread 24421] [10.0] [cxt 0] syn_flood_filter.p4(262) Condition "meta.toBlock == 1" (node_3) is false
[10:58:57.719] [bmv2] [T] [thread 24421] [10.0] [cxt 0] syn_flood_filter.p4(268) Condition "hdr.ipv4.isValid()" (node_5) is false
[10:58:57.719] [bmv2] [T] [thread 24421] [10.0] [cxt 0] syn_flood_filter.p4(274) Condition "hdr.tcp.isValid()" (node_8) is false
[10:58:57.719] [bmv2] [D] [thread 24421] [10.0] [cxt 0] Pipeline 'ingress': end
[10:58:57.719] [bmv2] [D] [thread 24421] [10.0] [cxt 0] Egress port is 0
[10:58:57.720] [bmv2] [D] [thread 24422] [10.0] [cxt 0] Pipeline 'egress': start
[10:58:57.720] [bmv2] [T] [thread 24422] [10.0] [cxt 0] syn_flood_filter.p4(410) Condition "hdr.tcp.isValid()" (node_16) is false
[10:58:57.720] [bmv2] [T] [thread 24422] [10.0] [cxt 0] Applying table 'tbl_syn_flood_filter373'
[10:58:57.720] [bmv2] [D] [thread 24422] [10.0] [cxt 0] Looking up key:

[10:58:57.720] [bmv2] [D] [thread 24422] [10.0] [cxt 0] Table 'tbl_syn_flood_filter373': miss
[10:58:57.720] [bmv2] [D] [thread 24422] [10.0] [cxt 0] Action entry is syn_flood_filter373 - 
[10:58:57.720] [bmv2] [T] [thread 24422] [10.0] [cxt 0] Action syn_flood_filter373
[10:58:57.720] [bmv2] [T] [thread 24422] [10.0] [cxt 0] syn_flood_filter.p4(373) Primitive hdr.swtraces[0].swid
[10:58:57.720] [bmv2] [T] [thread 24422] [10.0] [cxt 0] Applying table 'MyEgress.debug_flow'
[10:58:57.720] [bmv2] [D] [thread 24422] [10.0] [cxt 0] Looking up key:
* meta.cntSyn         : 00000000
* meta.cntSynAckRst   : 00000000
* hdr.swtraces[0].swid: 00000000
* hdr.mri.count       : 0000

[10:58:57.720] [bmv2] [D] [thread 24422] [10.0] [cxt 0] Table 'MyEgress.debug_flow': miss
[10:58:57.720] [bmv2] [D] [thread 24422] [10.0] [cxt 0] Action entry is NoAction - 
[10:58:57.720] [bmv2] [T] [thread 24422] [10.0] [cxt 0] Action NoAction
[10:58:57.720] [bmv2] [T] [thread 24422] [10.0] [cxt 0] syn_flood_filter.p4(427) Condition "hdr.mri.isValid()" (node_23) is false
[10:58:57.720] [bmv2] [T] [thread 24422] [10.0] [cxt 0] Applying table 'MyEgress.ip_forward'
[10:58:57.720] [bmv2] [D] [thread 24422] [10.0] [cxt 0] Looking up key:
* hdr.ipv4.dstAddr    : 00000000

[10:58:57.720] [bmv2] [D] [thread 24422] [10.0] [cxt 0] Table 'MyEgress.ip_forward': miss
[10:58:57.720] [bmv2] [D] [thread 24422] [10.0] [cxt 0] Action entry is NoAction - 
[10:58:57.720] [bmv2] [T] [thread 24422] [10.0] [cxt 0] Action NoAction
[10:58:57.720] [bmv2] [D] [thread 24422] [10.0] [cxt 0] Pipeline 'egress': end
[10:58:57.720] [bmv2] [D] [thread 24422] [10.0] [cxt 0] Deparser 'deparser': start
[10:58:57.720] [bmv2] [T] [thread 24422] [10.0] [cxt 0] Skipping checksum 'cksum' update because condition not met
[10:58:57.720] [bmv2] [D] [thread 24422] [10.0] [cxt 0] Deparsing header 'ethernet'
[10:58:57.720] [bmv2] [D] [thread 24422] [10.0] [cxt 0] Deparser 'deparser': end
[10:58:57.720] [bmv2] [D] [thread 24426] [10.0] [cxt 0] Transmitting packet of size 70 out of port 0
[10:58:58.996] [bmv2] [D] [thread 24421] [11.0] [cxt 0] Processing packet received on port 2
[10:58:58.996] [bmv2] [D] [thread 24421] [11.0] [cxt 0] Parser 'parser': start
[10:58:58.996] [bmv2] [D] [thread 24421] [11.0] [cxt 0] Parser 'parser' entering state 'start'
[10:58:58.996] [bmv2] [D] [thread 24421] [11.0] [cxt 0] Extracting header 'ethernet'
[10:58:58.996] [bmv2] [D] [thread 24421] [11.0] [cxt 0] Parser state 'start': key is 86dd
[10:58:58.996] [bmv2] [T] [thread 24421] [11.0] [cxt 0] Bytes parsed: 14
[10:58:58.996] [bmv2] [D] [thread 24421] [11.0] [cxt 0] Parser 'parser': end
[10:58:58.996] [bmv2] [D] [thread 24421] [11.0] [cxt 0] Pipeline 'ingress': start
[10:58:58.996] [bmv2] [T] [thread 24421] [11.0] [cxt 0] Applying table 'MyIngress.firewall'
[10:58:58.996] [bmv2] [D] [thread 24421] [11.0] [cxt 0] Looking up key:
* hdr.ipv4.srcAddr    : 00000000

[10:58:58.996] [bmv2] [D] [thread 24421] [11.0] [cxt 0] Table 'MyIngress.firewall': miss
[10:58:58.996] [bmv2] [D] [thread 24421] [11.0] [cxt 0] Action entry is NoAction - 
[10:58:58.996] [bmv2] [T] [thread 24421] [11.0] [cxt 0] Action NoAction
[10:58:58.996] [bmv2] [T] [thread 24421] [11.0] [cxt 0] syn_flood_filter.p4(262) Condition "meta.toBlock == 1" (node_3) is false
[10:58:58.996] [bmv2] [T] [thread 24421] [11.0] [cxt 0] syn_flood_filter.p4(268) Condition "hdr.ipv4.isValid()" (node_5) is false
[10:58:58.996] [bmv2] [T] [thread 24421] [11.0] [cxt 0] syn_flood_filter.p4(274) Condition "hdr.tcp.isValid()" (node_8) is false
[10:58:58.996] [bmv2] [D] [thread 24421] [11.0] [cxt 0] Pipeline 'ingress': end
[10:58:58.996] [bmv2] [D] [thread 24421] [11.0] [cxt 0] Egress port is 0
[10:58:58.996] [bmv2] [D] [thread 24422] [11.0] [cxt 0] Pipeline 'egress': start
[10:58:58.996] [bmv2] [T] [thread 24422] [11.0] [cxt 0] syn_flood_filter.p4(410) Condition "hdr.tcp.isValid()" (node_16) is false
[10:58:58.996] [bmv2] [T] [thread 24422] [11.0] [cxt 0] Applying table 'tbl_syn_flood_filter373'
[10:58:58.996] [bmv2] [D] [thread 24422] [11.0] [cxt 0] Looking up key:

[10:58:58.996] [bmv2] [D] [thread 24422] [11.0] [cxt 0] Table 'tbl_syn_flood_filter373': miss
[10:58:58.996] [bmv2] [D] [thread 24422] [11.0] [cxt 0] Action entry is syn_flood_filter373 - 
[10:58:58.996] [bmv2] [T] [thread 24422] [11.0] [cxt 0] Action syn_flood_filter373
[10:58:58.996] [bmv2] [T] [thread 24422] [11.0] [cxt 0] syn_flood_filter.p4(373) Primitive hdr.swtraces[0].swid
[10:58:58.996] [bmv2] [T] [thread 24422] [11.0] [cxt 0] Applying table 'MyEgress.debug_flow'
[10:58:58.996] [bmv2] [D] [thread 24422] [11.0] [cxt 0] Looking up key:
* meta.cntSyn         : 00000000
* meta.cntSynAckRst   : 00000000
* hdr.swtraces[0].swid: 00000000
* hdr.mri.count       : 0000

[10:58:58.996] [bmv2] [D] [thread 24422] [11.0] [cxt 0] Table 'MyEgress.debug_flow': miss
[10:58:58.996] [bmv2] [D] [thread 24422] [11.0] [cxt 0] Action entry is NoAction - 
[10:58:58.996] [bmv2] [T] [thread 24422] [11.0] [cxt 0] Action NoAction
[10:58:58.996] [bmv2] [T] [thread 24422] [11.0] [cxt 0] syn_flood_filter.p4(427) Condition "hdr.mri.isValid()" (node_23) is false
[10:58:58.996] [bmv2] [T] [thread 24422] [11.0] [cxt 0] Applying table 'MyEgress.ip_forward'
[10:58:58.996] [bmv2] [D] [thread 24422] [11.0] [cxt 0] Looking up key:
* hdr.ipv4.dstAddr    : 00000000

[10:58:58.996] [bmv2] [D] [thread 24422] [11.0] [cxt 0] Table 'MyEgress.ip_forward': miss
[10:58:58.996] [bmv2] [D] [thread 24422] [11.0] [cxt 0] Action entry is NoAction - 
[10:58:58.996] [bmv2] [T] [thread 24422] [11.0] [cxt 0] Action NoAction
[10:58:58.996] [bmv2] [D] [thread 24422] [11.0] [cxt 0] Pipeline 'egress': end
[10:58:58.996] [bmv2] [D] [thread 24422] [11.0] [cxt 0] Deparser 'deparser': start
[10:58:58.996] [bmv2] [T] [thread 24422] [11.0] [cxt 0] Skipping checksum 'cksum' update because condition not met
[10:58:58.997] [bmv2] [D] [thread 24422] [11.0] [cxt 0] Deparsing header 'ethernet'
[10:58:58.997] [bmv2] [D] [thread 24422] [11.0] [cxt 0] Deparser 'deparser': end
[10:58:58.997] [bmv2] [D] [thread 24426] [11.0] [cxt 0] Transmitting packet of size 70 out of port 0
[10:59:11.540] [bmv2] [D] [thread 24421] [12.0] [cxt 0] Processing packet received on port 1
[10:59:11.540] [bmv2] [D] [thread 24421] [12.0] [cxt 0] Parser 'parser': start
[10:59:11.540] [bmv2] [D] [thread 24421] [12.0] [cxt 0] Parser 'parser' entering state 'start'
[10:59:11.540] [bmv2] [D] [thread 24421] [12.0] [cxt 0] Extracting header 'ethernet'
[10:59:11.540] [bmv2] [D] [thread 24421] [12.0] [cxt 0] Parser state 'start': key is 86dd
[10:59:11.540] [bmv2] [T] [thread 24421] [12.0] [cxt 0] Bytes parsed: 14
[10:59:11.540] [bmv2] [D] [thread 24421] [12.0] [cxt 0] Parser 'parser': end
[10:59:11.540] [bmv2] [D] [thread 24421] [12.0] [cxt 0] Pipeline 'ingress': start
[10:59:11.540] [bmv2] [T] [thread 24421] [12.0] [cxt 0] Applying table 'MyIngress.firewall'
[10:59:11.540] [bmv2] [D] [thread 24421] [12.0] [cxt 0] Looking up key:
* hdr.ipv4.srcAddr    : 00000000

[10:59:11.540] [bmv2] [D] [thread 24421] [12.0] [cxt 0] Table 'MyIngress.firewall': miss
[10:59:11.540] [bmv2] [D] [thread 24421] [12.0] [cxt 0] Action entry is NoAction - 
[10:59:11.540] [bmv2] [T] [thread 24421] [12.0] [cxt 0] Action NoAction
[10:59:11.540] [bmv2] [T] [thread 24421] [12.0] [cxt 0] syn_flood_filter.p4(262) Condition "meta.toBlock == 1" (node_3) is false
[10:59:11.540] [bmv2] [T] [thread 24421] [12.0] [cxt 0] syn_flood_filter.p4(268) Condition "hdr.ipv4.isValid()" (node_5) is false
[10:59:11.540] [bmv2] [T] [thread 24421] [12.0] [cxt 0] syn_flood_filter.p4(274) Condition "hdr.tcp.isValid()" (node_8) is false
[10:59:11.540] [bmv2] [D] [thread 24421] [12.0] [cxt 0] Pipeline 'ingress': end
[10:59:11.540] [bmv2] [D] [thread 24421] [12.0] [cxt 0] Egress port is 0
[10:59:11.540] [bmv2] [D] [thread 24421] [13.0] [cxt 0] Processing packet received on port 3
[10:59:11.540] [bmv2] [D] [thread 24421] [13.0] [cxt 0] Parser 'parser': start
[10:59:11.540] [bmv2] [D] [thread 24421] [13.0] [cxt 0] Parser 'parser' entering state 'start'
[10:59:11.540] [bmv2] [D] [thread 24421] [13.0] [cxt 0] Extracting header 'ethernet'
[10:59:11.540] [bmv2] [D] [thread 24422] [12.0] [cxt 0] Pipeline 'egress': start
[10:59:11.540] [bmv2] [T] [thread 24422] [12.0] [cxt 0] syn_flood_filter.p4(410) Condition "hdr.tcp.isValid()" (node_16) is false
[10:59:11.540] [bmv2] [T] [thread 24422] [12.0] [cxt 0] Applying table 'tbl_syn_flood_filter373'
[10:59:11.540] [bmv2] [D] [thread 24422] [12.0] [cxt 0] Looking up key:

[10:59:11.540] [bmv2] [D] [thread 24422] [12.0] [cxt 0] Table 'tbl_syn_flood_filter373': miss
[10:59:11.540] [bmv2] [D] [thread 24422] [12.0] [cxt 0] Action entry is syn_flood_filter373 - 
[10:59:11.540] [bmv2] [T] [thread 24422] [12.0] [cxt 0] Action syn_flood_filter373
[10:59:11.540] [bmv2] [T] [thread 24422] [12.0] [cxt 0] syn_flood_filter.p4(373) Primitive hdr.swtraces[0].swid
[10:59:11.540] [bmv2] [T] [thread 24422] [12.0] [cxt 0] Applying table 'MyEgress.debug_flow'
[10:59:11.540] [bmv2] [D] [thread 24422] [12.0] [cxt 0] Looking up key:
* meta.cntSyn         : 00000000
* meta.cntSynAckRst   : 00000000
* hdr.swtraces[0].swid: 00000000
* hdr.mri.count       : 0000

[10:59:11.540] [bmv2] [D] [thread 24422] [12.0] [cxt 0] Table 'MyEgress.debug_flow': miss
[10:59:11.540] [bmv2] [D] [thread 24422] [12.0] [cxt 0] Action entry is NoAction - 
[10:59:11.540] [bmv2] [T] [thread 24422] [12.0] [cxt 0] Action NoAction
[10:59:11.540] [bmv2] [T] [thread 24422] [12.0] [cxt 0] syn_flood_filter.p4(427) Condition "hdr.mri.isValid()" (node_23) is false
[10:59:11.540] [bmv2] [T] [thread 24422] [12.0] [cxt 0] Applying table 'MyEgress.ip_forward'
[10:59:11.540] [bmv2] [D] [thread 24422] [12.0] [cxt 0] Looking up key:
* hdr.ipv4.dstAddr    : 00000000

[10:59:11.540] [bmv2] [D] [thread 24422] [12.0] [cxt 0] Table 'MyEgress.ip_forward': miss
[10:59:11.540] [bmv2] [D] [thread 24422] [12.0] [cxt 0] Action entry is NoAction - 
[10:59:11.540] [bmv2] [T] [thread 24422] [12.0] [cxt 0] Action NoAction
[10:59:11.540] [bmv2] [D] [thread 24422] [12.0] [cxt 0] Pipeline 'egress': end
[10:59:11.540] [bmv2] [D] [thread 24422] [12.0] [cxt 0] Deparser 'deparser': start
[10:59:11.540] [bmv2] [T] [thread 24422] [12.0] [cxt 0] Skipping checksum 'cksum' update because condition not met
[10:59:11.540] [bmv2] [D] [thread 24422] [12.0] [cxt 0] Deparsing header 'ethernet'
[10:59:11.540] [bmv2] [D] [thread 24422] [12.0] [cxt 0] Deparser 'deparser': end
[10:59:11.540] [bmv2] [D] [thread 24421] [13.0] [cxt 0] Parser state 'start': key is 86dd
[10:59:11.540] [bmv2] [T] [thread 24421] [13.0] [cxt 0] Bytes parsed: 14
[10:59:11.540] [bmv2] [D] [thread 24421] [13.0] [cxt 0] Parser 'parser': end
[10:59:11.540] [bmv2] [D] [thread 24421] [13.0] [cxt 0] Pipeline 'ingress': start
[10:59:11.540] [bmv2] [T] [thread 24421] [13.0] [cxt 0] Applying table 'MyIngress.firewall'
[10:59:11.540] [bmv2] [D] [thread 24421] [13.0] [cxt 0] Looking up key:
* hdr.ipv4.srcAddr    : 00000000

[10:59:11.540] [bmv2] [D] [thread 24421] [13.0] [cxt 0] Table 'MyIngress.firewall': miss
[10:59:11.540] [bmv2] [D] [thread 24421] [13.0] [cxt 0] Action entry is NoAction - 
[10:59:11.540] [bmv2] [T] [thread 24421] [13.0] [cxt 0] Action NoAction
[10:59:11.541] [bmv2] [T] [thread 24421] [13.0] [cxt 0] syn_flood_filter.p4(262) Condition "meta.toBlock == 1" (node_3) is false
[10:59:11.541] [bmv2] [T] [thread 24421] [13.0] [cxt 0] syn_flood_filter.p4(268) Condition "hdr.ipv4.isValid()" (node_5) is false
[10:59:11.541] [bmv2] [T] [thread 24421] [13.0] [cxt 0] syn_flood_filter.p4(274) Condition "hdr.tcp.isValid()" (node_8) is false
[10:59:11.541] [bmv2] [D] [thread 24421] [13.0] [cxt 0] Pipeline 'ingress': end
[10:59:11.541] [bmv2] [D] [thread 24421] [13.0] [cxt 0] Egress port is 0
[10:59:11.541] [bmv2] [D] [thread 24422] [13.0] [cxt 0] Pipeline 'egress': start
[10:59:11.541] [bmv2] [T] [thread 24422] [13.0] [cxt 0] syn_flood_filter.p4(410) Condition "hdr.tcp.isValid()" (node_16) is false
[10:59:11.541] [bmv2] [T] [thread 24422] [13.0] [cxt 0] Applying table 'tbl_syn_flood_filter373'
[10:59:11.541] [bmv2] [D] [thread 24422] [13.0] [cxt 0] Looking up key:

[10:59:11.541] [bmv2] [D] [thread 24422] [13.0] [cxt 0] Table 'tbl_syn_flood_filter373': miss
[10:59:11.541] [bmv2] [D] [thread 24422] [13.0] [cxt 0] Action entry is syn_flood_filter373 - 
[10:59:11.541] [bmv2] [T] [thread 24422] [13.0] [cxt 0] Action syn_flood_filter373
[10:59:11.541] [bmv2] [T] [thread 24422] [13.0] [cxt 0] syn_flood_filter.p4(373) Primitive hdr.swtraces[0].swid
[10:59:11.541] [bmv2] [T] [thread 24422] [13.0] [cxt 0] Applying table 'MyEgress.debug_flow'
[10:59:11.541] [bmv2] [D] [thread 24422] [13.0] [cxt 0] Looking up key:
* meta.cntSyn         : 00000000
* meta.cntSynAckRst   : 00000000
* hdr.swtraces[0].swid: 00000000
* hdr.mri.count       : 0000

[10:59:11.541] [bmv2] [D] [thread 24422] [13.0] [cxt 0] Table 'MyEgress.debug_flow': miss
[10:59:11.541] [bmv2] [D] [thread 24426] [12.0] [cxt 0] Transmitting packet of size 70 out of port 0
[10:59:11.541] [bmv2] [D] [thread 24422] [13.0] [cxt 0] Action entry is NoAction - 
[10:59:11.541] [bmv2] [T] [thread 24422] [13.0] [cxt 0] Action NoAction
[10:59:11.541] [bmv2] [T] [thread 24422] [13.0] [cxt 0] syn_flood_filter.p4(427) Condition "hdr.mri.isValid()" (node_23) is false
[10:59:11.541] [bmv2] [T] [thread 24422] [13.0] [cxt 0] Applying table 'MyEgress.ip_forward'
[10:59:11.541] [bmv2] [D] [thread 24422] [13.0] [cxt 0] Looking up key:
* hdr.ipv4.dstAddr    : 00000000

[10:59:11.541] [bmv2] [D] [thread 24422] [13.0] [cxt 0] Table 'MyEgress.ip_forward': miss
[10:59:11.541] [bmv2] [D] [thread 24422] [13.0] [cxt 0] Action entry is NoAction - 
[10:59:11.541] [bmv2] [T] [thread 24422] [13.0] [cxt 0] Action NoAction
[10:59:11.541] [bmv2] [D] [thread 24422] [13.0] [cxt 0] Pipeline 'egress': end
[10:59:11.541] [bmv2] [D] [thread 24422] [13.0] [cxt 0] Deparser 'deparser': start
[10:59:11.541] [bmv2] [T] [thread 24422] [13.0] [cxt 0] Skipping checksum 'cksum' update because condition not met
[10:59:11.541] [bmv2] [D] [thread 24422] [13.0] [cxt 0] Deparsing header 'ethernet'
[10:59:11.541] [bmv2] [D] [thread 24422] [13.0] [cxt 0] Deparser 'deparser': end
[10:59:11.541] [bmv2] [D] [thread 24426] [13.0] [cxt 0] Transmitting packet of size 70 out of port 0
[10:59:12.567] [bmv2] [D] [thread 24421] [14.0] [cxt 0] Processing packet received on port 2
[10:59:12.567] [bmv2] [D] [thread 24421] [14.0] [cxt 0] Parser 'parser': start
[10:59:12.567] [bmv2] [D] [thread 24421] [14.0] [cxt 0] Parser 'parser' entering state 'start'
[10:59:12.567] [bmv2] [D] [thread 24421] [14.0] [cxt 0] Extracting header 'ethernet'
[10:59:12.567] [bmv2] [D] [thread 24421] [14.0] [cxt 0] Parser state 'start': key is 86dd
[10:59:12.567] [bmv2] [T] [thread 24421] [14.0] [cxt 0] Bytes parsed: 14
[10:59:12.567] [bmv2] [D] [thread 24421] [14.0] [cxt 0] Parser 'parser': end
[10:59:12.567] [bmv2] [D] [thread 24421] [14.0] [cxt 0] Pipeline 'ingress': start
[10:59:12.567] [bmv2] [T] [thread 24421] [14.0] [cxt 0] Applying table 'MyIngress.firewall'
[10:59:12.567] [bmv2] [D] [thread 24421] [14.0] [cxt 0] Looking up key:
* hdr.ipv4.srcAddr    : 00000000

[10:59:12.567] [bmv2] [D] [thread 24421] [14.0] [cxt 0] Table 'MyIngress.firewall': miss
[10:59:12.567] [bmv2] [D] [thread 24421] [14.0] [cxt 0] Action entry is NoAction - 
[10:59:12.567] [bmv2] [T] [thread 24421] [14.0] [cxt 0] Action NoAction
[10:59:12.567] [bmv2] [T] [thread 24421] [14.0] [cxt 0] syn_flood_filter.p4(262) Condition "meta.toBlock == 1" (node_3) is false
[10:59:12.567] [bmv2] [T] [thread 24421] [14.0] [cxt 0] syn_flood_filter.p4(268) Condition "hdr.ipv4.isValid()" (node_5) is false
[10:59:12.567] [bmv2] [T] [thread 24421] [14.0] [cxt 0] syn_flood_filter.p4(274) Condition "hdr.tcp.isValid()" (node_8) is false
[10:59:12.567] [bmv2] [D] [thread 24421] [14.0] [cxt 0] Pipeline 'ingress': end
[10:59:12.567] [bmv2] [D] [thread 24421] [14.0] [cxt 0] Egress port is 0
[10:59:12.567] [bmv2] [D] [thread 24422] [14.0] [cxt 0] Pipeline 'egress': start
[10:59:12.567] [bmv2] [T] [thread 24422] [14.0] [cxt 0] syn_flood_filter.p4(410) Condition "hdr.tcp.isValid()" (node_16) is false
[10:59:12.567] [bmv2] [T] [thread 24422] [14.0] [cxt 0] Applying table 'tbl_syn_flood_filter373'
[10:59:12.567] [bmv2] [D] [thread 24422] [14.0] [cxt 0] Looking up key:

[10:59:12.567] [bmv2] [D] [thread 24422] [14.0] [cxt 0] Table 'tbl_syn_flood_filter373': miss
[10:59:12.567] [bmv2] [D] [thread 24422] [14.0] [cxt 0] Action entry is syn_flood_filter373 - 
[10:59:12.567] [bmv2] [T] [thread 24422] [14.0] [cxt 0] Action syn_flood_filter373
[10:59:12.567] [bmv2] [T] [thread 24422] [14.0] [cxt 0] syn_flood_filter.p4(373) Primitive hdr.swtraces[0].swid
[10:59:12.567] [bmv2] [T] [thread 24422] [14.0] [cxt 0] Applying table 'MyEgress.debug_flow'
[10:59:12.567] [bmv2] [D] [thread 24422] [14.0] [cxt 0] Looking up key:
* meta.cntSyn         : 00000000
* meta.cntSynAckRst   : 00000000
* hdr.swtraces[0].swid: 00000000
* hdr.mri.count       : 0000

[10:59:12.567] [bmv2] [D] [thread 24422] [14.0] [cxt 0] Table 'MyEgress.debug_flow': miss
[10:59:12.567] [bmv2] [D] [thread 24422] [14.0] [cxt 0] Action entry is NoAction - 
[10:59:12.567] [bmv2] [T] [thread 24422] [14.0] [cxt 0] Action NoAction
[10:59:12.567] [bmv2] [T] [thread 24422] [14.0] [cxt 0] syn_flood_filter.p4(427) Condition "hdr.mri.isValid()" (node_23) is false
[10:59:12.567] [bmv2] [T] [thread 24422] [14.0] [cxt 0] Applying table 'MyEgress.ip_forward'
[10:59:12.567] [bmv2] [D] [thread 24422] [14.0] [cxt 0] Looking up key:
* hdr.ipv4.dstAddr    : 00000000

[10:59:12.567] [bmv2] [D] [thread 24422] [14.0] [cxt 0] Table 'MyEgress.ip_forward': miss
[10:59:12.567] [bmv2] [D] [thread 24422] [14.0] [cxt 0] Action entry is NoAction - 
[10:59:12.567] [bmv2] [T] [thread 24422] [14.0] [cxt 0] Action NoAction
[10:59:12.567] [bmv2] [D] [thread 24422] [14.0] [cxt 0] Pipeline 'egress': end
[10:59:12.567] [bmv2] [D] [thread 24422] [14.0] [cxt 0] Deparser 'deparser': start
[10:59:12.567] [bmv2] [T] [thread 24422] [14.0] [cxt 0] Skipping checksum 'cksum' update because condition not met
[10:59:12.567] [bmv2] [D] [thread 24422] [14.0] [cxt 0] Deparsing header 'ethernet'
[10:59:12.567] [bmv2] [D] [thread 24422] [14.0] [cxt 0] Deparser 'deparser': end
[10:59:12.567] [bmv2] [D] [thread 24426] [14.0] [cxt 0] Transmitting packet of size 70 out of port 0
[10:59:12.820] [bmv2] [D] [thread 24421] [15.0] [cxt 0] Processing packet received on port 3
[10:59:12.820] [bmv2] [D] [thread 24421] [15.0] [cxt 0] Parser 'parser': start
[10:59:12.820] [bmv2] [D] [thread 24421] [15.0] [cxt 0] Parser 'parser' entering state 'start'
[10:59:12.820] [bmv2] [D] [thread 24421] [15.0] [cxt 0] Extracting header 'ethernet'
[10:59:12.820] [bmv2] [D] [thread 24421] [15.0] [cxt 0] Parser state 'start': key is 86dd
[10:59:12.820] [bmv2] [T] [thread 24421] [15.0] [cxt 0] Bytes parsed: 14
[10:59:12.820] [bmv2] [D] [thread 24421] [15.0] [cxt 0] Parser 'parser': end
[10:59:12.820] [bmv2] [D] [thread 24421] [15.0] [cxt 0] Pipeline 'ingress': start
[10:59:12.820] [bmv2] [T] [thread 24421] [15.0] [cxt 0] Applying table 'MyIngress.firewall'
[10:59:12.820] [bmv2] [D] [thread 24421] [15.0] [cxt 0] Looking up key:
* hdr.ipv4.srcAddr    : 00000000

[10:59:12.820] [bmv2] [D] [thread 24421] [15.0] [cxt 0] Table 'MyIngress.firewall': miss
[10:59:12.820] [bmv2] [D] [thread 24421] [15.0] [cxt 0] Action entry is NoAction - 
[10:59:12.820] [bmv2] [T] [thread 24421] [15.0] [cxt 0] Action NoAction
[10:59:12.820] [bmv2] [T] [thread 24421] [15.0] [cxt 0] syn_flood_filter.p4(262) Condition "meta.toBlock == 1" (node_3) is false
[10:59:12.820] [bmv2] [T] [thread 24421] [15.0] [cxt 0] syn_flood_filter.p4(268) Condition "hdr.ipv4.isValid()" (node_5) is false
[10:59:12.820] [bmv2] [T] [thread 24421] [15.0] [cxt 0] syn_flood_filter.p4(274) Condition "hdr.tcp.isValid()" (node_8) is false
[10:59:12.820] [bmv2] [D] [thread 24421] [15.0] [cxt 0] Pipeline 'ingress': end
[10:59:12.820] [bmv2] [D] [thread 24421] [15.0] [cxt 0] Egress port is 0
[10:59:12.820] [bmv2] [D] [thread 24422] [15.0] [cxt 0] Pipeline 'egress': start
[10:59:12.820] [bmv2] [T] [thread 24422] [15.0] [cxt 0] syn_flood_filter.p4(410) Condition "hdr.tcp.isValid()" (node_16) is false
[10:59:12.820] [bmv2] [T] [thread 24422] [15.0] [cxt 0] Applying table 'tbl_syn_flood_filter373'
[10:59:12.820] [bmv2] [D] [thread 24422] [15.0] [cxt 0] Looking up key:

[10:59:12.820] [bmv2] [D] [thread 24422] [15.0] [cxt 0] Table 'tbl_syn_flood_filter373': miss
[10:59:12.820] [bmv2] [D] [thread 24422] [15.0] [cxt 0] Action entry is syn_flood_filter373 - 
[10:59:12.820] [bmv2] [T] [thread 24422] [15.0] [cxt 0] Action syn_flood_filter373
[10:59:12.820] [bmv2] [T] [thread 24422] [15.0] [cxt 0] syn_flood_filter.p4(373) Primitive hdr.swtraces[0].swid
[10:59:12.820] [bmv2] [T] [thread 24422] [15.0] [cxt 0] Applying table 'MyEgress.debug_flow'
[10:59:12.820] [bmv2] [D] [thread 24422] [15.0] [cxt 0] Looking up key:
* meta.cntSyn         : 00000000
* meta.cntSynAckRst   : 00000000
* hdr.swtraces[0].swid: 00000000
* hdr.mri.count       : 0000

[10:59:12.820] [bmv2] [D] [thread 24422] [15.0] [cxt 0] Table 'MyEgress.debug_flow': miss
[10:59:12.820] [bmv2] [D] [thread 24422] [15.0] [cxt 0] Action entry is NoAction - 
[10:59:12.820] [bmv2] [T] [thread 24422] [15.0] [cxt 0] Action NoAction
[10:59:12.820] [bmv2] [T] [thread 24422] [15.0] [cxt 0] syn_flood_filter.p4(427) Condition "hdr.mri.isValid()" (node_23) is false
[10:59:12.820] [bmv2] [T] [thread 24422] [15.0] [cxt 0] Applying table 'MyEgress.ip_forward'
[10:59:12.821] [bmv2] [D] [thread 24422] [15.0] [cxt 0] Looking up key:
* hdr.ipv4.dstAddr    : 00000000

[10:59:12.821] [bmv2] [D] [thread 24422] [15.0] [cxt 0] Table 'MyEgress.ip_forward': miss
[10:59:12.821] [bmv2] [D] [thread 24422] [15.0] [cxt 0] Action entry is NoAction - 
[10:59:12.821] [bmv2] [T] [thread 24422] [15.0] [cxt 0] Action NoAction
[10:59:12.821] [bmv2] [D] [thread 24422] [15.0] [cxt 0] Pipeline 'egress': end
[10:59:12.821] [bmv2] [D] [thread 24422] [15.0] [cxt 0] Deparser 'deparser': start
[10:59:12.821] [bmv2] [T] [thread 24422] [15.0] [cxt 0] Skipping checksum 'cksum' update because condition not met
[10:59:12.821] [bmv2] [D] [thread 24422] [15.0] [cxt 0] Deparsing header 'ethernet'
[10:59:12.821] [bmv2] [D] [thread 24422] [15.0] [cxt 0] Deparser 'deparser': end
[10:59:12.821] [bmv2] [D] [thread 24426] [15.0] [cxt 0] Transmitting packet of size 70 out of port 0
[10:59:13.332] [bmv2] [D] [thread 24421] [16.0] [cxt 0] Processing packet received on port 1
[10:59:13.332] [bmv2] [D] [thread 24421] [16.0] [cxt 0] Parser 'parser': start
[10:59:13.332] [bmv2] [D] [thread 24421] [16.0] [cxt 0] Parser 'parser' entering state 'start'
[10:59:13.332] [bmv2] [D] [thread 24421] [16.0] [cxt 0] Extracting header 'ethernet'
[10:59:13.332] [bmv2] [D] [thread 24421] [16.0] [cxt 0] Parser state 'start': key is 86dd
[10:59:13.332] [bmv2] [T] [thread 24421] [16.0] [cxt 0] Bytes parsed: 14
[10:59:13.332] [bmv2] [D] [thread 24421] [16.0] [cxt 0] Parser 'parser': end
[10:59:13.332] [bmv2] [D] [thread 24421] [16.0] [cxt 0] Pipeline 'ingress': start
[10:59:13.332] [bmv2] [T] [thread 24421] [16.0] [cxt 0] Applying table 'MyIngress.firewall'
[10:59:13.332] [bmv2] [D] [thread 24421] [16.0] [cxt 0] Looking up key:
* hdr.ipv4.srcAddr    : 00000000

[10:59:13.332] [bmv2] [D] [thread 24421] [16.0] [cxt 0] Table 'MyIngress.firewall': miss
[10:59:13.332] [bmv2] [D] [thread 24421] [16.0] [cxt 0] Action entry is NoAction - 
[10:59:13.332] [bmv2] [T] [thread 24421] [16.0] [cxt 0] Action NoAction
[10:59:13.332] [bmv2] [T] [thread 24421] [16.0] [cxt 0] syn_flood_filter.p4(262) Condition "meta.toBlock == 1" (node_3) is false
[10:59:13.332] [bmv2] [T] [thread 24421] [16.0] [cxt 0] syn_flood_filter.p4(268) Condition "hdr.ipv4.isValid()" (node_5) is false
[10:59:13.332] [bmv2] [T] [thread 24421] [16.0] [cxt 0] syn_flood_filter.p4(274) Condition "hdr.tcp.isValid()" (node_8) is false
[10:59:13.332] [bmv2] [D] [thread 24421] [16.0] [cxt 0] Pipeline 'ingress': end
[10:59:13.332] [bmv2] [D] [thread 24421] [16.0] [cxt 0] Egress port is 0
[10:59:13.332] [bmv2] [D] [thread 24422] [16.0] [cxt 0] Pipeline 'egress': start
[10:59:13.332] [bmv2] [T] [thread 24422] [16.0] [cxt 0] syn_flood_filter.p4(410) Condition "hdr.tcp.isValid()" (node_16) is false
[10:59:13.332] [bmv2] [T] [thread 24422] [16.0] [cxt 0] Applying table 'tbl_syn_flood_filter373'
[10:59:13.332] [bmv2] [D] [thread 24422] [16.0] [cxt 0] Looking up key:

[10:59:13.333] [bmv2] [D] [thread 24422] [16.0] [cxt 0] Table 'tbl_syn_flood_filter373': miss
[10:59:13.333] [bmv2] [D] [thread 24422] [16.0] [cxt 0] Action entry is syn_flood_filter373 - 
[10:59:13.333] [bmv2] [T] [thread 24422] [16.0] [cxt 0] Action syn_flood_filter373
[10:59:13.333] [bmv2] [T] [thread 24422] [16.0] [cxt 0] syn_flood_filter.p4(373) Primitive hdr.swtraces[0].swid
[10:59:13.333] [bmv2] [T] [thread 24422] [16.0] [cxt 0] Applying table 'MyEgress.debug_flow'
[10:59:13.333] [bmv2] [D] [thread 24422] [16.0] [cxt 0] Looking up key:
* meta.cntSyn         : 00000000
* meta.cntSynAckRst   : 00000000
* hdr.swtraces[0].swid: 00000000
* hdr.mri.count       : 0000

[10:59:13.333] [bmv2] [D] [thread 24422] [16.0] [cxt 0] Table 'MyEgress.debug_flow': miss
[10:59:13.333] [bmv2] [D] [thread 24422] [16.0] [cxt 0] Action entry is NoAction - 
[10:59:13.333] [bmv2] [T] [thread 24422] [16.0] [cxt 0] Action NoAction
[10:59:13.333] [bmv2] [T] [thread 24422] [16.0] [cxt 0] syn_flood_filter.p4(427) Condition "hdr.mri.isValid()" (node_23) is false
[10:59:13.333] [bmv2] [T] [thread 24422] [16.0] [cxt 0] Applying table 'MyEgress.ip_forward'
[10:59:13.333] [bmv2] [D] [thread 24422] [16.0] [cxt 0] Looking up key:
* hdr.ipv4.dstAddr    : 00000000

[10:59:13.333] [bmv2] [D] [thread 24422] [16.0] [cxt 0] Table 'MyEgress.ip_forward': miss
[10:59:13.333] [bmv2] [D] [thread 24422] [16.0] [cxt 0] Action entry is NoAction - 
[10:59:13.333] [bmv2] [T] [thread 24422] [16.0] [cxt 0] Action NoAction
[10:59:13.333] [bmv2] [D] [thread 24422] [16.0] [cxt 0] Pipeline 'egress': end
[10:59:13.333] [bmv2] [D] [thread 24422] [16.0] [cxt 0] Deparser 'deparser': start
[10:59:13.333] [bmv2] [T] [thread 24422] [16.0] [cxt 0] Skipping checksum 'cksum' update because condition not met
[10:59:13.333] [bmv2] [D] [thread 24422] [16.0] [cxt 0] Deparsing header 'ethernet'
[10:59:13.333] [bmv2] [D] [thread 24422] [16.0] [cxt 0] Deparser 'deparser': end
[10:59:13.333] [bmv2] [D] [thread 24426] [16.0] [cxt 0] Transmitting packet of size 70 out of port 0
[10:59:18.452] [bmv2] [D] [thread 24421] [17.0] [cxt 0] Processing packet received on port 2
[10:59:18.452] [bmv2] [D] [thread 24421] [17.0] [cxt 0] Parser 'parser': start
[10:59:18.452] [bmv2] [D] [thread 24421] [17.0] [cxt 0] Parser 'parser' entering state 'start'
[10:59:18.452] [bmv2] [D] [thread 24421] [17.0] [cxt 0] Extracting header 'ethernet'
[10:59:18.452] [bmv2] [D] [thread 24421] [17.0] [cxt 0] Parser state 'start': key is 86dd
[10:59:18.452] [bmv2] [T] [thread 24421] [17.0] [cxt 0] Bytes parsed: 14
[10:59:18.452] [bmv2] [D] [thread 24421] [17.0] [cxt 0] Parser 'parser': end
[10:59:18.452] [bmv2] [D] [thread 24421] [17.0] [cxt 0] Pipeline 'ingress': start
[10:59:18.452] [bmv2] [T] [thread 24421] [17.0] [cxt 0] Applying table 'MyIngress.firewall'
[10:59:18.452] [bmv2] [D] [thread 24421] [17.0] [cxt 0] Looking up key:
* hdr.ipv4.srcAddr    : 00000000

[10:59:18.452] [bmv2] [D] [thread 24421] [17.0] [cxt 0] Table 'MyIngress.firewall': miss
[10:59:18.452] [bmv2] [D] [thread 24421] [17.0] [cxt 0] Action entry is NoAction - 
[10:59:18.452] [bmv2] [T] [thread 24421] [17.0] [cxt 0] Action NoAction
[10:59:18.452] [bmv2] [T] [thread 24421] [17.0] [cxt 0] syn_flood_filter.p4(262) Condition "meta.toBlock == 1" (node_3) is false
[10:59:18.452] [bmv2] [T] [thread 24421] [17.0] [cxt 0] syn_flood_filter.p4(268) Condition "hdr.ipv4.isValid()" (node_5) is false
[10:59:18.452] [bmv2] [T] [thread 24421] [17.0] [cxt 0] syn_flood_filter.p4(274) Condition "hdr.tcp.isValid()" (node_8) is false
[10:59:18.452] [bmv2] [D] [thread 24421] [17.0] [cxt 0] Pipeline 'ingress': end
[10:59:18.452] [bmv2] [D] [thread 24421] [17.0] [cxt 0] Egress port is 0
[10:59:18.452] [bmv2] [D] [thread 24422] [17.0] [cxt 0] Pipeline 'egress': start
[10:59:18.452] [bmv2] [T] [thread 24422] [17.0] [cxt 0] syn_flood_filter.p4(410) Condition "hdr.tcp.isValid()" (node_16) is false
[10:59:18.452] [bmv2] [T] [thread 24422] [17.0] [cxt 0] Applying table 'tbl_syn_flood_filter373'
[10:59:18.452] [bmv2] [D] [thread 24422] [17.0] [cxt 0] Looking up key:

[10:59:18.452] [bmv2] [D] [thread 24422] [17.0] [cxt 0] Table 'tbl_syn_flood_filter373': miss
[10:59:18.452] [bmv2] [D] [thread 24422] [17.0] [cxt 0] Action entry is syn_flood_filter373 - 
[10:59:18.452] [bmv2] [T] [thread 24422] [17.0] [cxt 0] Action syn_flood_filter373
[10:59:18.452] [bmv2] [T] [thread 24422] [17.0] [cxt 0] syn_flood_filter.p4(373) Primitive hdr.swtraces[0].swid
[10:59:18.452] [bmv2] [T] [thread 24422] [17.0] [cxt 0] Applying table 'MyEgress.debug_flow'
[10:59:18.452] [bmv2] [D] [thread 24422] [17.0] [cxt 0] Looking up key:
* meta.cntSyn         : 00000000
* meta.cntSynAckRst   : 00000000
* hdr.swtraces[0].swid: 00000000
* hdr.mri.count       : 0000

[10:59:18.453] [bmv2] [D] [thread 24422] [17.0] [cxt 0] Table 'MyEgress.debug_flow': miss
[10:59:18.453] [bmv2] [D] [thread 24422] [17.0] [cxt 0] Action entry is NoAction - 
[10:59:18.453] [bmv2] [T] [thread 24422] [17.0] [cxt 0] Action NoAction
[10:59:18.453] [bmv2] [T] [thread 24422] [17.0] [cxt 0] syn_flood_filter.p4(427) Condition "hdr.mri.isValid()" (node_23) is false
[10:59:18.453] [bmv2] [T] [thread 24422] [17.0] [cxt 0] Applying table 'MyEgress.ip_forward'
[10:59:18.453] [bmv2] [D] [thread 24422] [17.0] [cxt 0] Looking up key:
* hdr.ipv4.dstAddr    : 00000000

[10:59:18.453] [bmv2] [D] [thread 24422] [17.0] [cxt 0] Table 'MyEgress.ip_forward': miss
[10:59:18.453] [bmv2] [D] [thread 24422] [17.0] [cxt 0] Action entry is NoAction - 
[10:59:18.453] [bmv2] [T] [thread 24422] [17.0] [cxt 0] Action NoAction
[10:59:18.453] [bmv2] [D] [thread 24422] [17.0] [cxt 0] Pipeline 'egress': end
[10:59:18.453] [bmv2] [D] [thread 24422] [17.0] [cxt 0] Deparser 'deparser': start
[10:59:18.453] [bmv2] [T] [thread 24422] [17.0] [cxt 0] Skipping checksum 'cksum' update because condition not met
[10:59:18.453] [bmv2] [D] [thread 24422] [17.0] [cxt 0] Deparsing header 'ethernet'
[10:59:18.453] [bmv2] [D] [thread 24422] [17.0] [cxt 0] Deparser 'deparser': end
[10:59:18.453] [bmv2] [D] [thread 24426] [17.0] [cxt 0] Transmitting packet of size 70 out of port 0
open: No such file or directory
open: No such file or directory
open: No such file or directory
open: No such file or directory
open: No such file or directory
open: No such file or directory
open: No such file or directory
open: No such file or directory
open: No such file or directory
open: No such file or directory
open: No such file or directory
open: No such file or directory
open: No such file or directory
