Calling target program-options parser
[10:58:47.641] [bmv2] [D] [thread 24428] Set default default entry for table 'MyIngress.firewall': NoAction - 
[10:58:47.641] [bmv2] [D] [thread 24428] Set default default entry for table 'tbl_syn_flood_filter264': syn_flood_filter264 - 
[10:58:47.641] [bmv2] [D] [thread 24428] Set default default entry for table 'tbl_update_ttl': MyIngress.update_ttl - 
[10:58:47.641] [bmv2] [D] [thread 24428] Set default default entry for table 'MyIngress.ip_forward': NoAction - 
[10:58:47.641] [bmv2] [D] [thread 24428] Set default default entry for table 'tbl_syn_flood_filter277': syn_flood_filter277 - 
[10:58:47.641] [bmv2] [D] [thread 24428] Set default default entry for table 'MyIngress.debug_flow': NoAction - 
[10:58:47.641] [bmv2] [D] [thread 24428] Set default default entry for table 'tbl_syn_flood_filter285': syn_flood_filter285 - 
[10:58:47.642] [bmv2] [D] [thread 24428] Set default default entry for table 'tbl_syn_flood_filter412': syn_flood_filter412 - 
[10:58:47.642] [bmv2] [D] [thread 24428] Set default default entry for table 'tbl_syn_flood_filter418': syn_flood_filter418 - 
[10:58:47.642] [bmv2] [D] [thread 24428] Set default default entry for table 'tbl_syn_flood_filter373': syn_flood_filter373 - 
[10:58:47.642] [bmv2] [D] [thread 24428] Set default default entry for table 'MyEgress.debug_flow': NoAction - 
[10:58:47.642] [bmv2] [D] [thread 24428] Set default default entry for table 'MyEgress.swtrace': NoAction - 
[10:58:47.642] [bmv2] [D] [thread 24428] Set default default entry for table 'MyEgress.ip_forward': NoAction - 
Adding interface s6-eth1 as port 1
[10:58:47.643] [bmv2] [D] [thread 24428] Adding interface s6-eth1 as port 1
Adding interface s6-eth2 as port 2
[10:58:47.676] [bmv2] [D] [thread 24428] Adding interface s6-eth2 as port 2
Adding interface s6-eth3 as port 3
[10:58:47.704] [bmv2] [D] [thread 24428] Adding interface s6-eth3 as port 3
Adding interface s6-eth4 as port 4
[10:58:47.747] [bmv2] [D] [thread 24428] Adding interface s6-eth4 as port 4
Server listening on 0.0.0.0:50056
[10:58:47.780] [bmv2] [I] [thread 24428] Starting Thrift server on port 9095
[10:58:47.781] [bmv2] [I] [thread 24428] Thrift server was started
[10:58:49.017] [bmv2] [D] [thread 24438] [0.0] [cxt 0] Processing packet received on port 4
[10:58:49.017] [bmv2] [D] [thread 24438] [0.0] [cxt 0] Parser 'parser': start
[10:58:49.017] [bmv2] [D] [thread 24438] [0.0] [cxt 0] Parser 'parser' entering state 'start'
[10:58:49.017] [bmv2] [D] [thread 24438] [0.0] [cxt 0] Extracting header 'ethernet'
[10:58:49.017] [bmv2] [D] [thread 24438] [0.0] [cxt 0] Parser state 'start': key is 86dd
[10:58:49.017] [bmv2] [T] [thread 24438] [0.0] [cxt 0] Bytes parsed: 14
[10:58:49.017] [bmv2] [D] [thread 24438] [0.0] [cxt 0] Parser 'parser': end
[10:58:49.017] [bmv2] [D] [thread 24438] [0.0] [cxt 0] Pipeline 'ingress': start
[10:58:49.017] [bmv2] [T] [thread 24438] [0.0] [cxt 0] Applying table 'MyIngress.firewall'
[10:58:49.017] [bmv2] [D] [thread 24438] [0.0] [cxt 0] Looking up key:
* hdr.ipv4.srcAddr    : 00000000

[10:58:49.017] [bmv2] [D] [thread 24438] [0.0] [cxt 0] Table 'MyIngress.firewall': miss
[10:58:49.017] [bmv2] [D] [thread 24438] [0.0] [cxt 0] Action entry is NoAction - 
[10:58:49.017] [bmv2] [T] [thread 24438] [0.0] [cxt 0] Action NoAction
[10:58:49.017] [bmv2] [T] [thread 24438] [0.0] [cxt 0] syn_flood_filter.p4(262) Condition "meta.toBlock == 1" (node_3) is false
[10:58:49.017] [bmv2] [T] [thread 24438] [0.0] [cxt 0] syn_flood_filter.p4(268) Condition "hdr.ipv4.isValid()" (node_5) is false
[10:58:49.017] [bmv2] [T] [thread 24438] [0.0] [cxt 0] syn_flood_filter.p4(274) Condition "hdr.tcp.isValid()" (node_8) is false
[10:58:49.017] [bmv2] [D] [thread 24438] [0.0] [cxt 0] Pipeline 'ingress': end
[10:58:49.017] [bmv2] [D] [thread 24438] [0.0] [cxt 0] Egress port is 0
[10:58:49.017] [bmv2] [D] [thread 24439] [0.0] [cxt 0] Pipeline 'egress': start
[10:58:49.017] [bmv2] [T] [thread 24439] [0.0] [cxt 0] syn_flood_filter.p4(410) Condition "hdr.tcp.isValid()" (node_16) is false
[10:58:49.017] [bmv2] [T] [thread 24439] [0.0] [cxt 0] Applying table 'tbl_syn_flood_filter373'
[10:58:49.017] [bmv2] [D] [thread 24439] [0.0] [cxt 0] Looking up key:

[10:58:49.017] [bmv2] [D] [thread 24439] [0.0] [cxt 0] Table 'tbl_syn_flood_filter373': miss
[10:58:49.017] [bmv2] [D] [thread 24439] [0.0] [cxt 0] Action entry is syn_flood_filter373 - 
[10:58:49.017] [bmv2] [T] [thread 24439] [0.0] [cxt 0] Action syn_flood_filter373
[10:58:49.017] [bmv2] [T] [thread 24439] [0.0] [cxt 0] syn_flood_filter.p4(373) Primitive hdr.swtraces[0].swid
[10:58:49.017] [bmv2] [T] [thread 24439] [0.0] [cxt 0] Applying table 'MyEgress.debug_flow'
[10:58:49.017] [bmv2] [D] [thread 24439] [0.0] [cxt 0] Looking up key:
* meta.cntSyn         : 00000000
* meta.cntSynAckRst   : 00000000
* hdr.swtraces[0].swid: 00000000
* hdr.mri.count       : 0000

[10:58:49.017] [bmv2] [D] [thread 24439] [0.0] [cxt 0] Table 'MyEgress.debug_flow': miss
[10:58:49.017] [bmv2] [D] [thread 24439] [0.0] [cxt 0] Action entry is NoAction - 
[10:58:49.017] [bmv2] [T] [thread 24439] [0.0] [cxt 0] Action NoAction
[10:58:49.017] [bmv2] [T] [thread 24439] [0.0] [cxt 0] syn_flood_filter.p4(427) Condition "hdr.mri.isValid()" (node_23) is false
[10:58:49.017] [bmv2] [T] [thread 24439] [0.0] [cxt 0] Applying table 'MyEgress.ip_forward'
[10:58:49.017] [bmv2] [D] [thread 24439] [0.0] [cxt 0] Looking up key:
* hdr.ipv4.dstAddr    : 00000000

[10:58:49.017] [bmv2] [D] [thread 24439] [0.0] [cxt 0] Table 'MyEgress.ip_forward': miss
[10:58:49.017] [bmv2] [D] [thread 24439] [0.0] [cxt 0] Action entry is NoAction - 
[10:58:49.017] [bmv2] [T] [thread 24439] [0.0] [cxt 0] Action NoAction
[10:58:49.017] [bmv2] [D] [thread 24439] [0.0] [cxt 0] Pipeline 'egress': end
[10:58:49.017] [bmv2] [D] [thread 24439] [0.0] [cxt 0] Deparser 'deparser': start
[10:58:49.017] [bmv2] [T] [thread 24439] [0.0] [cxt 0] Skipping checksum 'cksum' update because condition not met
[10:58:49.017] [bmv2] [D] [thread 24439] [0.0] [cxt 0] Deparsing header 'ethernet'
[10:58:49.017] [bmv2] [D] [thread 24439] [0.0] [cxt 0] Deparser 'deparser': end
[10:58:49.017] [bmv2] [D] [thread 24443] [0.0] [cxt 0] Transmitting packet of size 70 out of port 0
[10:58:49.269] [bmv2] [D] [thread 24438] [1.0] [cxt 0] Processing packet received on port 1
[10:58:49.269] [bmv2] [D] [thread 24438] [1.0] [cxt 0] Parser 'parser': start
[10:58:49.269] [bmv2] [D] [thread 24438] [1.0] [cxt 0] Parser 'parser' entering state 'start'
[10:58:49.269] [bmv2] [D] [thread 24438] [1.0] [cxt 0] Extracting header 'ethernet'
[10:58:49.269] [bmv2] [D] [thread 24438] [1.0] [cxt 0] Parser state 'start': key is 86dd
[10:58:49.269] [bmv2] [T] [thread 24438] [1.0] [cxt 0] Bytes parsed: 14
[10:58:49.269] [bmv2] [D] [thread 24438] [1.0] [cxt 0] Parser 'parser': end
[10:58:49.269] [bmv2] [D] [thread 24438] [1.0] [cxt 0] Pipeline 'ingress': start
[10:58:49.269] [bmv2] [T] [thread 24438] [1.0] [cxt 0] Applying table 'MyIngress.firewall'
[10:58:49.269] [bmv2] [D] [thread 24438] [1.0] [cxt 0] Looking up key:
* hdr.ipv4.srcAddr    : 00000000

[10:58:49.269] [bmv2] [D] [thread 24438] [1.0] [cxt 0] Table 'MyIngress.firewall': miss
[10:58:49.269] [bmv2] [D] [thread 24438] [1.0] [cxt 0] Action entry is NoAction - 
[10:58:49.269] [bmv2] [T] [thread 24438] [1.0] [cxt 0] Action NoAction
[10:58:49.269] [bmv2] [T] [thread 24438] [1.0] [cxt 0] syn_flood_filter.p4(262) Condition "meta.toBlock == 1" (node_3) is false
[10:58:49.269] [bmv2] [T] [thread 24438] [1.0] [cxt 0] syn_flood_filter.p4(268) Condition "hdr.ipv4.isValid()" (node_5) is false
[10:58:49.269] [bmv2] [T] [thread 24438] [1.0] [cxt 0] syn_flood_filter.p4(274) Condition "hdr.tcp.isValid()" (node_8) is false
[10:58:49.269] [bmv2] [D] [thread 24438] [1.0] [cxt 0] Pipeline 'ingress': end
[10:58:49.269] [bmv2] [D] [thread 24438] [1.0] [cxt 0] Egress port is 0
[10:58:49.270] [bmv2] [D] [thread 24439] [1.0] [cxt 0] Pipeline 'egress': start
[10:58:49.270] [bmv2] [T] [thread 24439] [1.0] [cxt 0] syn_flood_filter.p4(410) Condition "hdr.tcp.isValid()" (node_16) is false
[10:58:49.270] [bmv2] [T] [thread 24439] [1.0] [cxt 0] Applying table 'tbl_syn_flood_filter373'
[10:58:49.270] [bmv2] [D] [thread 24439] [1.0] [cxt 0] Looking up key:

[10:58:49.270] [bmv2] [D] [thread 24439] [1.0] [cxt 0] Table 'tbl_syn_flood_filter373': miss
[10:58:49.270] [bmv2] [D] [thread 24439] [1.0] [cxt 0] Action entry is syn_flood_filter373 - 
[10:58:49.270] [bmv2] [T] [thread 24439] [1.0] [cxt 0] Action syn_flood_filter373
[10:58:49.270] [bmv2] [T] [thread 24439] [1.0] [cxt 0] syn_flood_filter.p4(373) Primitive hdr.swtraces[0].swid
[10:58:49.270] [bmv2] [T] [thread 24439] [1.0] [cxt 0] Applying table 'MyEgress.debug_flow'
[10:58:49.270] [bmv2] [D] [thread 24439] [1.0] [cxt 0] Looking up key:
* meta.cntSyn         : 00000000
* meta.cntSynAckRst   : 00000000
* hdr.swtraces[0].swid: 00000000
* hdr.mri.count       : 0000

[10:58:49.270] [bmv2] [D] [thread 24439] [1.0] [cxt 0] Table 'MyEgress.debug_flow': miss
[10:58:49.270] [bmv2] [D] [thread 24439] [1.0] [cxt 0] Action entry is NoAction - 
[10:58:49.270] [bmv2] [T] [thread 24439] [1.0] [cxt 0] Action NoAction
[10:58:49.270] [bmv2] [T] [thread 24439] [1.0] [cxt 0] syn_flood_filter.p4(427) Condition "hdr.mri.isValid()" (node_23) is false
[10:58:49.270] [bmv2] [T] [thread 24439] [1.0] [cxt 0] Applying table 'MyEgress.ip_forward'
[10:58:49.270] [bmv2] [D] [thread 24439] [1.0] [cxt 0] Looking up key:
* hdr.ipv4.dstAddr    : 00000000

[10:58:49.270] [bmv2] [D] [thread 24439] [1.0] [cxt 0] Table 'MyEgress.ip_forward': miss
[10:58:49.270] [bmv2] [D] [thread 24439] [1.0] [cxt 0] Action entry is NoAction - 
[10:58:49.270] [bmv2] [T] [thread 24439] [1.0] [cxt 0] Action NoAction
[10:58:49.270] [bmv2] [D] [thread 24439] [1.0] [cxt 0] Pipeline 'egress': end
[10:58:49.270] [bmv2] [D] [thread 24439] [1.0] [cxt 0] Deparser 'deparser': start
[10:58:49.270] [bmv2] [T] [thread 24439] [1.0] [cxt 0] Skipping checksum 'cksum' update because condition not met
[10:58:49.270] [bmv2] [D] [thread 24439] [1.0] [cxt 0] Deparsing header 'ethernet'
[10:58:49.270] [bmv2] [D] [thread 24439] [1.0] [cxt 0] Deparser 'deparser': end
[10:58:49.270] [bmv2] [D] [thread 24443] [1.0] [cxt 0] Transmitting packet of size 70 out of port 0
[10:58:49.448] [bmv2] [W] [thread 24513] [P4Runtime] p4::tmp::P4DeviceConfig is deprecated
[10:58:49.452] [bmv2] [D] [thread 24513] Set default default entry for table 'MyIngress.firewall': NoAction - 
[10:58:49.452] [bmv2] [D] [thread 24513] Set default default entry for table 'tbl_syn_flood_filter264': syn_flood_filter264 - 
[10:58:49.452] [bmv2] [D] [thread 24513] Set default default entry for table 'tbl_update_ttl': MyIngress.update_ttl - 
[10:58:49.452] [bmv2] [D] [thread 24513] Set default default entry for table 'MyIngress.ip_forward': NoAction - 
[10:58:49.452] [bmv2] [D] [thread 24513] Set default default entry for table 'tbl_syn_flood_filter277': syn_flood_filter277 - 
[10:58:49.452] [bmv2] [D] [thread 24513] Set default default entry for table 'MyIngress.debug_flow': NoAction - 
[10:58:49.452] [bmv2] [D] [thread 24513] Set default default entry for table 'tbl_syn_flood_filter285': syn_flood_filter285 - 
[10:58:49.453] [bmv2] [D] [thread 24513] Set default default entry for table 'tbl_syn_flood_filter412': syn_flood_filter412 - 
[10:58:49.453] [bmv2] [D] [thread 24513] Set default default entry for table 'tbl_syn_flood_filter418': syn_flood_filter418 - 
[10:58:49.453] [bmv2] [D] [thread 24513] Set default default entry for table 'tbl_syn_flood_filter373': syn_flood_filter373 - 
[10:58:49.453] [bmv2] [D] [thread 24513] Set default default entry for table 'MyEgress.debug_flow': NoAction - 
[10:58:49.453] [bmv2] [D] [thread 24513] Set default default entry for table 'MyEgress.swtrace': NoAction - 
[10:58:49.453] [bmv2] [D] [thread 24513] Set default default entry for table 'MyEgress.ip_forward': NoAction - 
[10:58:49.461] [bmv2] [D] [thread 24513] simple_switch target has been notified of a config swap
[10:58:49.463] [bmv2] [D] [thread 24514] Entry 0 added to table 'MyIngress.ip_forward'
[10:58:49.464] [bmv2] [D] [thread 24514] Dumping entry 0
Match key:
* hdr.ipv4.dstAddr    : EXACT     0a00060b
Action entry: MyIngress.forward - 1,80000000611,

[10:58:49.465] [bmv2] [D] [thread 24513] Entry 1 added to table 'MyIngress.ip_forward'
[10:58:49.465] [bmv2] [D] [thread 24513] Dumping entry 1
Match key:
* hdr.ipv4.dstAddr    : EXACT     0a00010b
Action entry: MyIngress.forward - 2,40000000003,

[10:58:49.467] [bmv2] [D] [thread 24514] Entry 2 added to table 'MyIngress.ip_forward'
[10:58:49.467] [bmv2] [D] [thread 24514] Dumping entry 2
Match key:
* hdr.ipv4.dstAddr    : EXACT     0a000152
Action entry: MyIngress.forward - 2,40000000003,

[10:58:49.469] [bmv2] [D] [thread 24513] Entry 3 added to table 'MyIngress.ip_forward'
[10:58:49.469] [bmv2] [D] [thread 24513] Dumping entry 3
Match key:
* hdr.ipv4.dstAddr    : EXACT     0a0001b6
Action entry: MyIngress.forward - 2,40000000003,

[10:58:49.470] [bmv2] [D] [thread 24514] Entry 4 added to table 'MyIngress.ip_forward'
[10:58:49.470] [bmv2] [D] [thread 24514] Dumping entry 4
Match key:
* hdr.ipv4.dstAddr    : EXACT     0a00020b
Action entry: MyIngress.forward - 2,40000000003,

[10:58:49.525] [bmv2] [D] [thread 24438] [2.0] [cxt 0] Processing packet received on port 4
[10:58:49.525] [bmv2] [D] [thread 24438] [2.0] [cxt 0] Parser 'parser': start
[10:58:49.525] [bmv2] [D] [thread 24438] [2.0] [cxt 0] Parser 'parser' entering state 'start'
[10:58:49.525] [bmv2] [D] [thread 24438] [2.0] [cxt 0] Extracting header 'ethernet'
[10:58:49.525] [bmv2] [D] [thread 24438] [2.0] [cxt 0] Parser state 'start': key is 86dd
[10:58:49.525] [bmv2] [T] [thread 24438] [2.0] [cxt 0] Bytes parsed: 14
[10:58:49.525] [bmv2] [D] [thread 24438] [2.0] [cxt 0] Parser 'parser': end
[10:58:49.525] [bmv2] [D] [thread 24438] [2.0] [cxt 0] Pipeline 'ingress': start
[10:58:49.525] [bmv2] [T] [thread 24438] [2.0] [cxt 0] Applying table 'MyIngress.firewall'
[10:58:49.525] [bmv2] [D] [thread 24438] [2.0] [cxt 0] Looking up key:
* hdr.ipv4.srcAddr    : 00000000

[10:58:49.525] [bmv2] [D] [thread 24438] [2.0] [cxt 0] Table 'MyIngress.firewall': miss
[10:58:49.525] [bmv2] [D] [thread 24438] [2.0] [cxt 0] Action entry is NoAction - 
[10:58:49.525] [bmv2] [T] [thread 24438] [2.0] [cxt 0] Action NoAction
[10:58:49.525] [bmv2] [T] [thread 24438] [2.0] [cxt 0] syn_flood_filter.p4(262) Condition "meta.toBlock == 1" (node_3) is false
[10:58:49.525] [bmv2] [T] [thread 24438] [2.0] [cxt 0] syn_flood_filter.p4(268) Condition "hdr.ipv4.isValid()" (node_5) is false
[10:58:49.525] [bmv2] [T] [thread 24438] [2.0] [cxt 0] syn_flood_filter.p4(274) Condition "hdr.tcp.isValid()" (node_8) is false
[10:58:49.525] [bmv2] [D] [thread 24438] [2.0] [cxt 0] Pipeline 'ingress': end
[10:58:49.525] [bmv2] [D] [thread 24438] [2.0] [cxt 0] Egress port is 0
[10:58:49.525] [bmv2] [D] [thread 24439] [2.0] [cxt 0] Pipeline 'egress': start
[10:58:49.525] [bmv2] [T] [thread 24439] [2.0] [cxt 0] syn_flood_filter.p4(410) Condition "hdr.tcp.isValid()" (node_16) is false
[10:58:49.525] [bmv2] [T] [thread 24439] [2.0] [cxt 0] Applying table 'tbl_syn_flood_filter373'
[10:58:49.525] [bmv2] [D] [thread 24439] [2.0] [cxt 0] Looking up key:

[10:58:49.525] [bmv2] [D] [thread 24439] [2.0] [cxt 0] Table 'tbl_syn_flood_filter373': miss
[10:58:49.525] [bmv2] [D] [thread 24439] [2.0] [cxt 0] Action entry is syn_flood_filter373 - 
[10:58:49.525] [bmv2] [T] [thread 24439] [2.0] [cxt 0] Action syn_flood_filter373
[10:58:49.525] [bmv2] [T] [thread 24439] [2.0] [cxt 0] syn_flood_filter.p4(373) Primitive hdr.swtraces[0].swid
[10:58:49.525] [bmv2] [T] [thread 24439] [2.0] [cxt 0] Applying table 'MyEgress.debug_flow'
[10:58:49.525] [bmv2] [D] [thread 24439] [2.0] [cxt 0] Looking up key:
* meta.cntSyn         : 00000000
* meta.cntSynAckRst   : 00000000
* hdr.swtraces[0].swid: 00000000
* hdr.mri.count       : 0000

[10:58:49.525] [bmv2] [D] [thread 24439] [2.0] [cxt 0] Table 'MyEgress.debug_flow': miss
[10:58:49.525] [bmv2] [D] [thread 24439] [2.0] [cxt 0] Action entry is NoAction - 
[10:58:49.525] [bmv2] [T] [thread 24439] [2.0] [cxt 0] Action NoAction
[10:58:49.525] [bmv2] [T] [thread 24439] [2.0] [cxt 0] syn_flood_filter.p4(427) Condition "hdr.mri.isValid()" (node_23) is false
[10:58:49.525] [bmv2] [T] [thread 24439] [2.0] [cxt 0] Applying table 'MyEgress.ip_forward'
[10:58:49.526] [bmv2] [D] [thread 24439] [2.0] [cxt 0] Looking up key:
* hdr.ipv4.dstAddr    : 00000000

[10:58:49.526] [bmv2] [D] [thread 24439] [2.0] [cxt 0] Table 'MyEgress.ip_forward': miss
[10:58:49.526] [bmv2] [D] [thread 24439] [2.0] [cxt 0] Action entry is NoAction - 
[10:58:49.526] [bmv2] [T] [thread 24439] [2.0] [cxt 0] Action NoAction
[10:58:49.526] [bmv2] [D] [thread 24439] [2.0] [cxt 0] Pipeline 'egress': end
[10:58:49.526] [bmv2] [D] [thread 24439] [2.0] [cxt 0] Deparser 'deparser': start
[10:58:49.526] [bmv2] [T] [thread 24439] [2.0] [cxt 0] Skipping checksum 'cksum' update because condition not met
[10:58:49.526] [bmv2] [D] [thread 24439] [2.0] [cxt 0] Deparsing header 'ethernet'
[10:58:49.526] [bmv2] [D] [thread 24439] [2.0] [cxt 0] Deparser 'deparser': end
[10:58:49.526] [bmv2] [D] [thread 24443] [2.0] [cxt 0] Transmitting packet of size 70 out of port 0
[10:58:49.782] [bmv2] [D] [thread 24438] [3.0] [cxt 0] Processing packet received on port 3
[10:58:49.782] [bmv2] [D] [thread 24438] [3.0] [cxt 0] Parser 'parser': start
[10:58:49.782] [bmv2] [D] [thread 24438] [3.0] [cxt 0] Parser 'parser' entering state 'start'
[10:58:49.782] [bmv2] [D] [thread 24438] [3.0] [cxt 0] Extracting header 'ethernet'
[10:58:49.782] [bmv2] [D] [thread 24438] [3.0] [cxt 0] Parser state 'start': key is 86dd
[10:58:49.782] [bmv2] [T] [thread 24438] [3.0] [cxt 0] Bytes parsed: 14
[10:58:49.782] [bmv2] [D] [thread 24438] [3.0] [cxt 0] Parser 'parser': end
[10:58:49.782] [bmv2] [D] [thread 24438] [3.0] [cxt 0] Pipeline 'ingress': start
[10:58:49.782] [bmv2] [T] [thread 24438] [3.0] [cxt 0] Applying table 'MyIngress.firewall'
[10:58:49.782] [bmv2] [D] [thread 24438] [3.0] [cxt 0] Looking up key:
* hdr.ipv4.srcAddr    : 00000000

[10:58:49.782] [bmv2] [D] [thread 24438] [3.0] [cxt 0] Table 'MyIngress.firewall': miss
[10:58:49.782] [bmv2] [D] [thread 24438] [3.0] [cxt 0] Action entry is NoAction - 
[10:58:49.782] [bmv2] [T] [thread 24438] [3.0] [cxt 0] Action NoAction
[10:58:49.782] [bmv2] [T] [thread 24438] [3.0] [cxt 0] syn_flood_filter.p4(262) Condition "meta.toBlock == 1" (node_3) is false
[10:58:49.782] [bmv2] [T] [thread 24438] [3.0] [cxt 0] syn_flood_filter.p4(268) Condition "hdr.ipv4.isValid()" (node_5) is false
[10:58:49.782] [bmv2] [T] [thread 24438] [3.0] [cxt 0] syn_flood_filter.p4(274) Condition "hdr.tcp.isValid()" (node_8) is false
[10:58:49.782] [bmv2] [D] [thread 24438] [3.0] [cxt 0] Pipeline 'ingress': end
[10:58:49.782] [bmv2] [D] [thread 24438] [3.0] [cxt 0] Egress port is 0
[10:58:49.782] [bmv2] [D] [thread 24439] [3.0] [cxt 0] Pipeline 'egress': start
[10:58:49.782] [bmv2] [T] [thread 24439] [3.0] [cxt 0] syn_flood_filter.p4(410) Condition "hdr.tcp.isValid()" (node_16) is false
[10:58:49.782] [bmv2] [T] [thread 24439] [3.0] [cxt 0] Applying table 'tbl_syn_flood_filter373'
[10:58:49.782] [bmv2] [D] [thread 24439] [3.0] [cxt 0] Looking up key:

[10:58:49.782] [bmv2] [D] [thread 24439] [3.0] [cxt 0] Table 'tbl_syn_flood_filter373': miss
[10:58:49.782] [bmv2] [D] [thread 24439] [3.0] [cxt 0] Action entry is syn_flood_filter373 - 
[10:58:49.782] [bmv2] [T] [thread 24439] [3.0] [cxt 0] Action syn_flood_filter373
[10:58:49.782] [bmv2] [T] [thread 24439] [3.0] [cxt 0] syn_flood_filter.p4(373) Primitive hdr.swtraces[0].swid
[10:58:49.782] [bmv2] [T] [thread 24439] [3.0] [cxt 0] Applying table 'MyEgress.debug_flow'
[10:58:49.782] [bmv2] [D] [thread 24439] [3.0] [cxt 0] Looking up key:
* meta.cntSyn         : 00000000
* meta.cntSynAckRst   : 00000000
* hdr.swtraces[0].swid: 00000000
* hdr.mri.count       : 0000

[10:58:49.782] [bmv2] [D] [thread 24439] [3.0] [cxt 0] Table 'MyEgress.debug_flow': miss
[10:58:49.782] [bmv2] [D] [thread 24439] [3.0] [cxt 0] Action entry is NoAction - 
[10:58:49.782] [bmv2] [T] [thread 24439] [3.0] [cxt 0] Action NoAction
[10:58:49.782] [bmv2] [T] [thread 24439] [3.0] [cxt 0] syn_flood_filter.p4(427) Condition "hdr.mri.isValid()" (node_23) is false
[10:58:49.782] [bmv2] [T] [thread 24439] [3.0] [cxt 0] Applying table 'MyEgress.ip_forward'
[10:58:49.782] [bmv2] [D] [thread 24439] [3.0] [cxt 0] Looking up key:
* hdr.ipv4.dstAddr    : 00000000

[10:58:49.782] [bmv2] [D] [thread 24439] [3.0] [cxt 0] Table 'MyEgress.ip_forward': miss
[10:58:49.782] [bmv2] [D] [thread 24439] [3.0] [cxt 0] Action entry is NoAction - 
[10:58:49.782] [bmv2] [T] [thread 24439] [3.0] [cxt 0] Action NoAction
[10:58:49.782] [bmv2] [D] [thread 24439] [3.0] [cxt 0] Pipeline 'egress': end
[10:58:49.782] [bmv2] [D] [thread 24439] [3.0] [cxt 0] Deparser 'deparser': start
[10:58:49.782] [bmv2] [T] [thread 24439] [3.0] [cxt 0] Skipping checksum 'cksum' update because condition not met
[10:58:49.782] [bmv2] [D] [thread 24439] [3.0] [cxt 0] Deparsing header 'ethernet'
[10:58:49.782] [bmv2] [D] [thread 24439] [3.0] [cxt 0] Deparser 'deparser': end
[10:58:49.782] [bmv2] [D] [thread 24443] [3.0] [cxt 0] Transmitting packet of size 70 out of port 0
[10:58:50.037] [bmv2] [D] [thread 24438] [4.0] [cxt 0] Processing packet received on port 2
[10:58:50.037] [bmv2] [D] [thread 24438] [4.0] [cxt 0] Parser 'parser': start
[10:58:50.037] [bmv2] [D] [thread 24438] [4.0] [cxt 0] Parser 'parser' entering state 'start'
[10:58:50.037] [bmv2] [D] [thread 24438] [4.0] [cxt 0] Extracting header 'ethernet'
[10:58:50.037] [bmv2] [D] [thread 24438] [4.0] [cxt 0] Parser state 'start': key is 86dd
[10:58:50.037] [bmv2] [T] [thread 24438] [4.0] [cxt 0] Bytes parsed: 14
[10:58:50.037] [bmv2] [D] [thread 24438] [4.0] [cxt 0] Parser 'parser': end
[10:58:50.037] [bmv2] [D] [thread 24438] [4.0] [cxt 0] Pipeline 'ingress': start
[10:58:50.037] [bmv2] [T] [thread 24438] [4.0] [cxt 0] Applying table 'MyIngress.firewall'
[10:58:50.037] [bmv2] [D] [thread 24438] [4.0] [cxt 0] Looking up key:
* hdr.ipv4.srcAddr    : 00000000

[10:58:50.037] [bmv2] [D] [thread 24438] [4.0] [cxt 0] Table 'MyIngress.firewall': miss
[10:58:50.037] [bmv2] [D] [thread 24438] [4.0] [cxt 0] Action entry is NoAction - 
[10:58:50.037] [bmv2] [T] [thread 24438] [4.0] [cxt 0] Action NoAction
[10:58:50.037] [bmv2] [T] [thread 24438] [4.0] [cxt 0] syn_flood_filter.p4(262) Condition "meta.toBlock == 1" (node_3) is false
[10:58:50.037] [bmv2] [T] [thread 24438] [4.0] [cxt 0] syn_flood_filter.p4(268) Condition "hdr.ipv4.isValid()" (node_5) is false
[10:58:50.037] [bmv2] [T] [thread 24438] [4.0] [cxt 0] syn_flood_filter.p4(274) Condition "hdr.tcp.isValid()" (node_8) is false
[10:58:50.037] [bmv2] [D] [thread 24438] [4.0] [cxt 0] Pipeline 'ingress': end
[10:58:50.037] [bmv2] [D] [thread 24438] [4.0] [cxt 0] Egress port is 0
[10:58:50.037] [bmv2] [D] [thread 24438] [5.0] [cxt 0] Processing packet received on port 3
[10:58:50.037] [bmv2] [D] [thread 24438] [5.0] [cxt 0] Parser 'parser': start
[10:58:50.037] [bmv2] [D] [thread 24438] [5.0] [cxt 0] Parser 'parser' entering state 'start'
[10:58:50.037] [bmv2] [D] [thread 24438] [5.0] [cxt 0] Extracting header 'ethernet'
[10:58:50.037] [bmv2] [D] [thread 24438] [5.0] [cxt 0] Parser state 'start': key is 86dd
[10:58:50.037] [bmv2] [T] [thread 24438] [5.0] [cxt 0] Bytes parsed: 14
[10:58:50.037] [bmv2] [D] [thread 24438] [5.0] [cxt 0] Parser 'parser': end
[10:58:50.037] [bmv2] [D] [thread 24438] [5.0] [cxt 0] Pipeline 'ingress': start
[10:58:50.037] [bmv2] [T] [thread 24438] [5.0] [cxt 0] Applying table 'MyIngress.firewall'
[10:58:50.037] [bmv2] [D] [thread 24438] [5.0] [cxt 0] Looking up key:
* hdr.ipv4.srcAddr    : 00000000

[10:58:50.037] [bmv2] [D] [thread 24438] [5.0] [cxt 0] Table 'MyIngress.firewall': miss
[10:58:50.037] [bmv2] [D] [thread 24438] [5.0] [cxt 0] Action entry is NoAction - 
[10:58:50.037] [bmv2] [T] [thread 24438] [5.0] [cxt 0] Action NoAction
[10:58:50.037] [bmv2] [T] [thread 24438] [5.0] [cxt 0] syn_flood_filter.p4(262) Condition "meta.toBlock == 1" (node_3) is false
[10:58:50.037] [bmv2] [T] [thread 24438] [5.0] [cxt 0] syn_flood_filter.p4(268) Condition "hdr.ipv4.isValid()" (node_5) is false
[10:58:50.037] [bmv2] [T] [thread 24438] [5.0] [cxt 0] syn_flood_filter.p4(274) Condition "hdr.tcp.isValid()" (node_8) is false
[10:58:50.037] [bmv2] [D] [thread 24438] [5.0] [cxt 0] Pipeline 'ingress': end
[10:58:50.037] [bmv2] [D] [thread 24438] [5.0] [cxt 0] Egress port is 0
[10:58:50.038] [bmv2] [D] [thread 24439] [4.0] [cxt 0] Pipeline 'egress': start
[10:58:50.038] [bmv2] [T] [thread 24439] [4.0] [cxt 0] syn_flood_filter.p4(410) Condition "hdr.tcp.isValid()" (node_16) is false
[10:58:50.038] [bmv2] [T] [thread 24439] [4.0] [cxt 0] Applying table 'tbl_syn_flood_filter373'
[10:58:50.038] [bmv2] [D] [thread 24439] [4.0] [cxt 0] Looking up key:

[10:58:50.038] [bmv2] [D] [thread 24439] [4.0] [cxt 0] Table 'tbl_syn_flood_filter373': miss
[10:58:50.038] [bmv2] [D] [thread 24439] [4.0] [cxt 0] Action entry is syn_flood_filter373 - 
[10:58:50.038] [bmv2] [T] [thread 24439] [4.0] [cxt 0] Action syn_flood_filter373
[10:58:50.038] [bmv2] [T] [thread 24439] [4.0] [cxt 0] syn_flood_filter.p4(373) Primitive hdr.swtraces[0].swid
[10:58:50.038] [bmv2] [T] [thread 24439] [4.0] [cxt 0] Applying table 'MyEgress.debug_flow'
[10:58:50.038] [bmv2] [D] [thread 24439] [4.0] [cxt 0] Looking up key:
* meta.cntSyn         : 00000000
* meta.cntSynAckRst   : 00000000
* hdr.swtraces[0].swid: 00000000
* hdr.mri.count       : 0000

[10:58:50.038] [bmv2] [D] [thread 24439] [4.0] [cxt 0] Table 'MyEgress.debug_flow': miss
[10:58:50.038] [bmv2] [D] [thread 24439] [4.0] [cxt 0] Action entry is NoAction - 
[10:58:50.038] [bmv2] [T] [thread 24439] [4.0] [cxt 0] Action NoAction
[10:58:50.038] [bmv2] [T] [thread 24439] [4.0] [cxt 0] syn_flood_filter.p4(427) Condition "hdr.mri.isValid()" (node_23) is false
[10:58:50.038] [bmv2] [T] [thread 24439] [4.0] [cxt 0] Applying table 'MyEgress.ip_forward'
[10:58:50.038] [bmv2] [D] [thread 24439] [4.0] [cxt 0] Looking up key:
* hdr.ipv4.dstAddr    : 00000000

[10:58:50.038] [bmv2] [D] [thread 24439] [4.0] [cxt 0] Table 'MyEgress.ip_forward': miss
[10:58:50.038] [bmv2] [D] [thread 24439] [4.0] [cxt 0] Action entry is NoAction - 
[10:58:50.038] [bmv2] [T] [thread 24439] [4.0] [cxt 0] Action NoAction
[10:58:50.038] [bmv2] [D] [thread 24439] [4.0] [cxt 0] Pipeline 'egress': end
[10:58:50.038] [bmv2] [D] [thread 24439] [4.0] [cxt 0] Deparser 'deparser': start
[10:58:50.038] [bmv2] [T] [thread 24439] [4.0] [cxt 0] Skipping checksum 'cksum' update because condition not met
[10:58:50.038] [bmv2] [D] [thread 24439] [4.0] [cxt 0] Deparsing header 'ethernet'
[10:58:50.038] [bmv2] [D] [thread 24439] [4.0] [cxt 0] Deparser 'deparser': end
[10:58:50.038] [bmv2] [D] [thread 24439] [5.0] [cxt 0] Pipeline 'egress': start
[10:58:50.038] [bmv2] [T] [thread 24439] [5.0] [cxt 0] syn_flood_filter.p4(410) Condition "hdr.tcp.isValid()" (node_16) is false
[10:58:50.038] [bmv2] [T] [thread 24439] [5.0] [cxt 0] Applying table 'tbl_syn_flood_filter373'
[10:58:50.038] [bmv2] [D] [thread 24439] [5.0] [cxt 0] Looking up key:

[10:58:50.038] [bmv2] [D] [thread 24439] [5.0] [cxt 0] Table 'tbl_syn_flood_filter373': miss
[10:58:50.038] [bmv2] [D] [thread 24439] [5.0] [cxt 0] Action entry is syn_flood_filter373 - 
[10:58:50.038] [bmv2] [T] [thread 24439] [5.0] [cxt 0] Action syn_flood_filter373
[10:58:50.038] [bmv2] [T] [thread 24439] [5.0] [cxt 0] syn_flood_filter.p4(373) Primitive hdr.swtraces[0].swid
[10:58:50.038] [bmv2] [T] [thread 24439] [5.0] [cxt 0] Applying table 'MyEgress.debug_flow'
[10:58:50.038] [bmv2] [D] [thread 24439] [5.0] [cxt 0] Looking up key:
* meta.cntSyn         : 00000000
* meta.cntSynAckRst   : 00000000
* hdr.swtraces[0].swid: 00000000
* hdr.mri.count       : 0000

[10:58:50.038] [bmv2] [D] [thread 24439] [5.0] [cxt 0] Table 'MyEgress.debug_flow': miss
[10:58:50.038] [bmv2] [D] [thread 24439] [5.0] [cxt 0] Action entry is NoAction - 
[10:58:50.038] [bmv2] [T] [thread 24439] [5.0] [cxt 0] Action NoAction
[10:58:50.038] [bmv2] [T] [thread 24439] [5.0] [cxt 0] syn_flood_filter.p4(427) Condition "hdr.mri.isValid()" (node_23) is false
[10:58:50.038] [bmv2] [T] [thread 24439] [5.0] [cxt 0] Applying table 'MyEgress.ip_forward'
[10:58:50.038] [bmv2] [D] [thread 24439] [5.0] [cxt 0] Looking up key:
* hdr.ipv4.dstAddr    : 00000000

[10:58:50.038] [bmv2] [D] [thread 24439] [5.0] [cxt 0] Table 'MyEgress.ip_forward': miss
[10:58:50.038] [bmv2] [D] [thread 24439] [5.0] [cxt 0] Action entry is NoAction - 
[10:58:50.038] [bmv2] [T] [thread 24439] [5.0] [cxt 0] Action NoAction
[10:58:50.038] [bmv2] [D] [thread 24439] [5.0] [cxt 0] Pipeline 'egress': end
[10:58:50.038] [bmv2] [D] [thread 24439] [5.0] [cxt 0] Deparser 'deparser': start
[10:58:50.038] [bmv2] [T] [thread 24439] [5.0] [cxt 0] Skipping checksum 'cksum' update because condition not met
[10:58:50.038] [bmv2] [D] [thread 24439] [5.0] [cxt 0] Deparsing header 'ethernet'
[10:58:50.038] [bmv2] [D] [thread 24439] [5.0] [cxt 0] Deparser 'deparser': end
[10:58:50.038] [bmv2] [D] [thread 24443] [4.0] [cxt 0] Transmitting packet of size 70 out of port 0
[10:58:50.038] [bmv2] [D] [thread 24443] [5.0] [cxt 0] Transmitting packet of size 70 out of port 0
[10:58:50.292] [bmv2] [D] [thread 24438] [6.0] [cxt 0] Processing packet received on port 2
[10:58:50.292] [bmv2] [D] [thread 24438] [6.0] [cxt 0] Parser 'parser': start
[10:58:50.292] [bmv2] [D] [thread 24438] [6.0] [cxt 0] Parser 'parser' entering state 'start'
[10:58:50.292] [bmv2] [D] [thread 24438] [6.0] [cxt 0] Extracting header 'ethernet'
[10:58:50.292] [bmv2] [D] [thread 24438] [6.0] [cxt 0] Parser state 'start': key is 86dd
[10:58:50.292] [bmv2] [T] [thread 24438] [6.0] [cxt 0] Bytes parsed: 14
[10:58:50.292] [bmv2] [D] [thread 24438] [6.0] [cxt 0] Parser 'parser': end
[10:58:50.292] [bmv2] [D] [thread 24438] [6.0] [cxt 0] Pipeline 'ingress': start
[10:58:50.292] [bmv2] [T] [thread 24438] [6.0] [cxt 0] Applying table 'MyIngress.firewall'
[10:58:50.292] [bmv2] [D] [thread 24438] [6.0] [cxt 0] Looking up key:
* hdr.ipv4.srcAddr    : 00000000

[10:58:50.292] [bmv2] [D] [thread 24438] [6.0] [cxt 0] Table 'MyIngress.firewall': miss
[10:58:50.292] [bmv2] [D] [thread 24438] [6.0] [cxt 0] Action entry is NoAction - 
[10:58:50.292] [bmv2] [T] [thread 24438] [6.0] [cxt 0] Action NoAction
[10:58:50.292] [bmv2] [T] [thread 24438] [6.0] [cxt 0] syn_flood_filter.p4(262) Condition "meta.toBlock == 1" (node_3) is false
[10:58:50.292] [bmv2] [T] [thread 24438] [6.0] [cxt 0] syn_flood_filter.p4(268) Condition "hdr.ipv4.isValid()" (node_5) is false
[10:58:50.292] [bmv2] [T] [thread 24438] [6.0] [cxt 0] syn_flood_filter.p4(274) Condition "hdr.tcp.isValid()" (node_8) is false
[10:58:50.292] [bmv2] [D] [thread 24438] [6.0] [cxt 0] Pipeline 'ingress': end
[10:58:50.292] [bmv2] [D] [thread 24438] [6.0] [cxt 0] Egress port is 0
[10:58:50.292] [bmv2] [D] [thread 24439] [6.0] [cxt 0] Pipeline 'egress': start
[10:58:50.292] [bmv2] [T] [thread 24439] [6.0] [cxt 0] syn_flood_filter.p4(410) Condition "hdr.tcp.isValid()" (node_16) is false
[10:58:50.292] [bmv2] [T] [thread 24439] [6.0] [cxt 0] Applying table 'tbl_syn_flood_filter373'
[10:58:50.292] [bmv2] [D] [thread 24439] [6.0] [cxt 0] Looking up key:

[10:58:50.292] [bmv2] [D] [thread 24439] [6.0] [cxt 0] Table 'tbl_syn_flood_filter373': miss
[10:58:50.292] [bmv2] [D] [thread 24439] [6.0] [cxt 0] Action entry is syn_flood_filter373 - 
[10:58:50.292] [bmv2] [T] [thread 24439] [6.0] [cxt 0] Action syn_flood_filter373
[10:58:50.292] [bmv2] [T] [thread 24439] [6.0] [cxt 0] syn_flood_filter.p4(373) Primitive hdr.swtraces[0].swid
[10:58:50.292] [bmv2] [T] [thread 24439] [6.0] [cxt 0] Applying table 'MyEgress.debug_flow'
[10:58:50.292] [bmv2] [D] [thread 24439] [6.0] [cxt 0] Looking up key:
* meta.cntSyn         : 00000000
* meta.cntSynAckRst   : 00000000
* hdr.swtraces[0].swid: 00000000
* hdr.mri.count       : 0000

[10:58:50.292] [bmv2] [D] [thread 24439] [6.0] [cxt 0] Table 'MyEgress.debug_flow': miss
[10:58:50.292] [bmv2] [D] [thread 24439] [6.0] [cxt 0] Action entry is NoAction - 
[10:58:50.292] [bmv2] [T] [thread 24439] [6.0] [cxt 0] Action NoAction
[10:58:50.292] [bmv2] [T] [thread 24439] [6.0] [cxt 0] syn_flood_filter.p4(427) Condition "hdr.mri.isValid()" (node_23) is false
[10:58:50.292] [bmv2] [T] [thread 24439] [6.0] [cxt 0] Applying table 'MyEgress.ip_forward'
[10:58:50.292] [bmv2] [D] [thread 24439] [6.0] [cxt 0] Looking up key:
* hdr.ipv4.dstAddr    : 00000000

[10:58:50.292] [bmv2] [D] [thread 24439] [6.0] [cxt 0] Table 'MyEgress.ip_forward': miss
[10:58:50.292] [bmv2] [D] [thread 24439] [6.0] [cxt 0] Action entry is NoAction - 
[10:58:50.292] [bmv2] [T] [thread 24439] [6.0] [cxt 0] Action NoAction
[10:58:50.292] [bmv2] [D] [thread 24439] [6.0] [cxt 0] Pipeline 'egress': end
[10:58:50.292] [bmv2] [D] [thread 24439] [6.0] [cxt 0] Deparser 'deparser': start
[10:58:50.292] [bmv2] [T] [thread 24439] [6.0] [cxt 0] Skipping checksum 'cksum' update because condition not met
[10:58:50.292] [bmv2] [D] [thread 24439] [6.0] [cxt 0] Deparsing header 'ethernet'
[10:58:50.292] [bmv2] [D] [thread 24439] [6.0] [cxt 0] Deparser 'deparser': end
[10:58:50.293] [bmv2] [D] [thread 24443] [6.0] [cxt 0] Transmitting packet of size 70 out of port 0
[10:58:56.692] [bmv2] [D] [thread 24438] [7.0] [cxt 0] Processing packet received on port 1
[10:58:56.692] [bmv2] [D] [thread 24438] [7.0] [cxt 0] Parser 'parser': start
[10:58:56.693] [bmv2] [D] [thread 24438] [7.0] [cxt 0] Parser 'parser' entering state 'start'
[10:58:56.693] [bmv2] [D] [thread 24438] [7.0] [cxt 0] Extracting header 'ethernet'
[10:58:56.693] [bmv2] [D] [thread 24438] [7.0] [cxt 0] Parser state 'start': key is 86dd
[10:58:56.693] [bmv2] [T] [thread 24438] [7.0] [cxt 0] Bytes parsed: 14
[10:58:56.693] [bmv2] [D] [thread 24438] [7.0] [cxt 0] Parser 'parser': end
[10:58:56.693] [bmv2] [D] [thread 24438] [7.0] [cxt 0] Pipeline 'ingress': start
[10:58:56.693] [bmv2] [T] [thread 24438] [7.0] [cxt 0] Applying table 'MyIngress.firewall'
[10:58:56.693] [bmv2] [D] [thread 24438] [7.0] [cxt 0] Looking up key:
* hdr.ipv4.srcAddr    : 00000000

[10:58:56.693] [bmv2] [D] [thread 24438] [7.0] [cxt 0] Table 'MyIngress.firewall': miss
[10:58:56.693] [bmv2] [D] [thread 24438] [7.0] [cxt 0] Action entry is NoAction - 
[10:58:56.693] [bmv2] [T] [thread 24438] [7.0] [cxt 0] Action NoAction
[10:58:56.693] [bmv2] [T] [thread 24438] [7.0] [cxt 0] syn_flood_filter.p4(262) Condition "meta.toBlock == 1" (node_3) is false
[10:58:56.693] [bmv2] [T] [thread 24438] [7.0] [cxt 0] syn_flood_filter.p4(268) Condition "hdr.ipv4.isValid()" (node_5) is false
[10:58:56.693] [bmv2] [T] [thread 24438] [7.0] [cxt 0] syn_flood_filter.p4(274) Condition "hdr.tcp.isValid()" (node_8) is false
[10:58:56.693] [bmv2] [D] [thread 24438] [7.0] [cxt 0] Pipeline 'ingress': end
[10:58:56.693] [bmv2] [D] [thread 24438] [7.0] [cxt 0] Egress port is 0
[10:58:56.693] [bmv2] [D] [thread 24439] [7.0] [cxt 0] Pipeline 'egress': start
[10:58:56.693] [bmv2] [T] [thread 24439] [7.0] [cxt 0] syn_flood_filter.p4(410) Condition "hdr.tcp.isValid()" (node_16) is false
[10:58:56.693] [bmv2] [T] [thread 24439] [7.0] [cxt 0] Applying table 'tbl_syn_flood_filter373'
[10:58:56.693] [bmv2] [D] [thread 24439] [7.0] [cxt 0] Looking up key:

[10:58:56.693] [bmv2] [D] [thread 24439] [7.0] [cxt 0] Table 'tbl_syn_flood_filter373': miss
[10:58:56.693] [bmv2] [D] [thread 24439] [7.0] [cxt 0] Action entry is syn_flood_filter373 - 
[10:58:56.693] [bmv2] [T] [thread 24439] [7.0] [cxt 0] Action syn_flood_filter373
[10:58:56.693] [bmv2] [T] [thread 24439] [7.0] [cxt 0] syn_flood_filter.p4(373) Primitive hdr.swtraces[0].swid
[10:58:56.693] [bmv2] [T] [thread 24439] [7.0] [cxt 0] Applying table 'MyEgress.debug_flow'
[10:58:56.693] [bmv2] [D] [thread 24439] [7.0] [cxt 0] Looking up key:
* meta.cntSyn         : 00000000
* meta.cntSynAckRst   : 00000000
* hdr.swtraces[0].swid: 00000000
* hdr.mri.count       : 0000

[10:58:56.693] [bmv2] [D] [thread 24439] [7.0] [cxt 0] Table 'MyEgress.debug_flow': miss
[10:58:56.693] [bmv2] [D] [thread 24439] [7.0] [cxt 0] Action entry is NoAction - 
[10:58:56.693] [bmv2] [T] [thread 24439] [7.0] [cxt 0] Action NoAction
[10:58:56.693] [bmv2] [T] [thread 24439] [7.0] [cxt 0] syn_flood_filter.p4(427) Condition "hdr.mri.isValid()" (node_23) is false
[10:58:56.693] [bmv2] [T] [thread 24439] [7.0] [cxt 0] Applying table 'MyEgress.ip_forward'
[10:58:56.693] [bmv2] [D] [thread 24439] [7.0] [cxt 0] Looking up key:
* hdr.ipv4.dstAddr    : 00000000

[10:58:56.693] [bmv2] [D] [thread 24439] [7.0] [cxt 0] Table 'MyEgress.ip_forward': miss
[10:58:56.693] [bmv2] [D] [thread 24439] [7.0] [cxt 0] Action entry is NoAction - 
[10:58:56.693] [bmv2] [T] [thread 24439] [7.0] [cxt 0] Action NoAction
[10:58:56.693] [bmv2] [D] [thread 24439] [7.0] [cxt 0] Pipeline 'egress': end
[10:58:56.693] [bmv2] [D] [thread 24439] [7.0] [cxt 0] Deparser 'deparser': start
[10:58:56.693] [bmv2] [T] [thread 24439] [7.0] [cxt 0] Skipping checksum 'cksum' update because condition not met
[10:58:56.693] [bmv2] [D] [thread 24439] [7.0] [cxt 0] Deparsing header 'ethernet'
[10:58:56.693] [bmv2] [D] [thread 24439] [7.0] [cxt 0] Deparser 'deparser': end
[10:58:56.693] [bmv2] [D] [thread 24443] [7.0] [cxt 0] Transmitting packet of size 70 out of port 0
[10:58:56.950] [bmv2] [D] [thread 24438] [8.0] [cxt 0] Processing packet received on port 4
[10:58:56.950] [bmv2] [D] [thread 24438] [8.0] [cxt 0] Parser 'parser': start
[10:58:56.950] [bmv2] [D] [thread 24438] [8.0] [cxt 0] Parser 'parser' entering state 'start'
[10:58:56.950] [bmv2] [D] [thread 24438] [8.0] [cxt 0] Extracting header 'ethernet'
[10:58:56.950] [bmv2] [D] [thread 24438] [8.0] [cxt 0] Parser state 'start': key is 86dd
[10:58:56.950] [bmv2] [T] [thread 24438] [8.0] [cxt 0] Bytes parsed: 14
[10:58:56.950] [bmv2] [D] [thread 24438] [8.0] [cxt 0] Parser 'parser': end
[10:58:56.950] [bmv2] [D] [thread 24438] [8.0] [cxt 0] Pipeline 'ingress': start
[10:58:56.950] [bmv2] [T] [thread 24438] [8.0] [cxt 0] Applying table 'MyIngress.firewall'
[10:58:56.950] [bmv2] [D] [thread 24438] [8.0] [cxt 0] Looking up key:
* hdr.ipv4.srcAddr    : 00000000

[10:58:56.950] [bmv2] [D] [thread 24438] [8.0] [cxt 0] Table 'MyIngress.firewall': miss
[10:58:56.950] [bmv2] [D] [thread 24438] [8.0] [cxt 0] Action entry is NoAction - 
[10:58:56.950] [bmv2] [T] [thread 24438] [8.0] [cxt 0] Action NoAction
[10:58:56.950] [bmv2] [T] [thread 24438] [8.0] [cxt 0] syn_flood_filter.p4(262) Condition "meta.toBlock == 1" (node_3) is false
[10:58:56.950] [bmv2] [T] [thread 24438] [8.0] [cxt 0] syn_flood_filter.p4(268) Condition "hdr.ipv4.isValid()" (node_5) is false
[10:58:56.950] [bmv2] [T] [thread 24438] [8.0] [cxt 0] syn_flood_filter.p4(274) Condition "hdr.tcp.isValid()" (node_8) is false
[10:58:56.950] [bmv2] [D] [thread 24438] [8.0] [cxt 0] Pipeline 'ingress': end
[10:58:56.950] [bmv2] [D] [thread 24438] [8.0] [cxt 0] Egress port is 0
[10:58:56.951] [bmv2] [D] [thread 24439] [8.0] [cxt 0] Pipeline 'egress': start
[10:58:56.951] [bmv2] [T] [thread 24439] [8.0] [cxt 0] syn_flood_filter.p4(410) Condition "hdr.tcp.isValid()" (node_16) is false
[10:58:56.951] [bmv2] [T] [thread 24439] [8.0] [cxt 0] Applying table 'tbl_syn_flood_filter373'
[10:58:56.951] [bmv2] [D] [thread 24439] [8.0] [cxt 0] Looking up key:

[10:58:56.951] [bmv2] [D] [thread 24439] [8.0] [cxt 0] Table 'tbl_syn_flood_filter373': miss
[10:58:56.951] [bmv2] [D] [thread 24439] [8.0] [cxt 0] Action entry is syn_flood_filter373 - 
[10:58:56.951] [bmv2] [T] [thread 24439] [8.0] [cxt 0] Action syn_flood_filter373
[10:58:56.951] [bmv2] [T] [thread 24439] [8.0] [cxt 0] syn_flood_filter.p4(373) Primitive hdr.swtraces[0].swid
[10:58:56.951] [bmv2] [T] [thread 24439] [8.0] [cxt 0] Applying table 'MyEgress.debug_flow'
[10:58:56.951] [bmv2] [D] [thread 24439] [8.0] [cxt 0] Looking up key:
* meta.cntSyn         : 00000000
* meta.cntSynAckRst   : 00000000
* hdr.swtraces[0].swid: 00000000
* hdr.mri.count       : 0000

[10:58:56.951] [bmv2] [D] [thread 24439] [8.0] [cxt 0] Table 'MyEgress.debug_flow': miss
[10:58:56.951] [bmv2] [D] [thread 24439] [8.0] [cxt 0] Action entry is NoAction - 
[10:58:56.951] [bmv2] [T] [thread 24439] [8.0] [cxt 0] Action NoAction
[10:58:56.951] [bmv2] [T] [thread 24439] [8.0] [cxt 0] syn_flood_filter.p4(427) Condition "hdr.mri.isValid()" (node_23) is false
[10:58:56.951] [bmv2] [T] [thread 24439] [8.0] [cxt 0] Applying table 'MyEgress.ip_forward'
[10:58:56.951] [bmv2] [D] [thread 24439] [8.0] [cxt 0] Looking up key:
* hdr.ipv4.dstAddr    : 00000000

[10:58:56.951] [bmv2] [D] [thread 24439] [8.0] [cxt 0] Table 'MyEgress.ip_forward': miss
[10:58:56.951] [bmv2] [D] [thread 24439] [8.0] [cxt 0] Action entry is NoAction - 
[10:58:56.951] [bmv2] [T] [thread 24439] [8.0] [cxt 0] Action NoAction
[10:58:56.951] [bmv2] [D] [thread 24439] [8.0] [cxt 0] Pipeline 'egress': end
[10:58:56.951] [bmv2] [D] [thread 24439] [8.0] [cxt 0] Deparser 'deparser': start
[10:58:56.951] [bmv2] [T] [thread 24439] [8.0] [cxt 0] Skipping checksum 'cksum' update because condition not met
[10:58:56.951] [bmv2] [D] [thread 24439] [8.0] [cxt 0] Deparsing header 'ethernet'
[10:58:56.951] [bmv2] [D] [thread 24439] [8.0] [cxt 0] Deparser 'deparser': end
[10:58:56.952] [bmv2] [D] [thread 24443] [8.0] [cxt 0] Transmitting packet of size 70 out of port 0
[10:58:57.461] [bmv2] [D] [thread 24438] [9.0] [cxt 0] Processing packet received on port 3
[10:58:57.461] [bmv2] [D] [thread 24438] [9.0] [cxt 0] Parser 'parser': start
[10:58:57.461] [bmv2] [D] [thread 24438] [9.0] [cxt 0] Parser 'parser' entering state 'start'
[10:58:57.461] [bmv2] [D] [thread 24438] [9.0] [cxt 0] Extracting header 'ethernet'
[10:58:57.461] [bmv2] [D] [thread 24438] [9.0] [cxt 0] Parser state 'start': key is 86dd
[10:58:57.461] [bmv2] [T] [thread 24438] [9.0] [cxt 0] Bytes parsed: 14
[10:58:57.461] [bmv2] [D] [thread 24438] [9.0] [cxt 0] Parser 'parser': end
[10:58:57.461] [bmv2] [D] [thread 24438] [9.0] [cxt 0] Pipeline 'ingress': start
[10:58:57.461] [bmv2] [T] [thread 24438] [9.0] [cxt 0] Applying table 'MyIngress.firewall'
[10:58:57.461] [bmv2] [D] [thread 24438] [9.0] [cxt 0] Looking up key:
* hdr.ipv4.srcAddr    : 00000000

[10:58:57.461] [bmv2] [D] [thread 24438] [9.0] [cxt 0] Table 'MyIngress.firewall': miss
[10:58:57.461] [bmv2] [D] [thread 24438] [9.0] [cxt 0] Action entry is NoAction - 
[10:58:57.461] [bmv2] [T] [thread 24438] [9.0] [cxt 0] Action NoAction
[10:58:57.461] [bmv2] [T] [thread 24438] [9.0] [cxt 0] syn_flood_filter.p4(262) Condition "meta.toBlock == 1" (node_3) is false
[10:58:57.461] [bmv2] [T] [thread 24438] [9.0] [cxt 0] syn_flood_filter.p4(268) Condition "hdr.ipv4.isValid()" (node_5) is false
[10:58:57.461] [bmv2] [T] [thread 24438] [9.0] [cxt 0] syn_flood_filter.p4(274) Condition "hdr.tcp.isValid()" (node_8) is false
[10:58:57.461] [bmv2] [D] [thread 24438] [9.0] [cxt 0] Pipeline 'ingress': end
[10:58:57.461] [bmv2] [D] [thread 24438] [9.0] [cxt 0] Egress port is 0
[10:58:57.461] [bmv2] [D] [thread 24438] [10.0] [cxt 0] Processing packet received on port 3
[10:58:57.461] [bmv2] [D] [thread 24438] [10.0] [cxt 0] Parser 'parser': start
[10:58:57.461] [bmv2] [D] [thread 24438] [10.0] [cxt 0] Parser 'parser' entering state 'start'
[10:58:57.461] [bmv2] [D] [thread 24438] [10.0] [cxt 0] Extracting header 'ethernet'
[10:58:57.461] [bmv2] [D] [thread 24438] [10.0] [cxt 0] Parser state 'start': key is 86dd
[10:58:57.461] [bmv2] [T] [thread 24438] [10.0] [cxt 0] Bytes parsed: 14
[10:58:57.461] [bmv2] [D] [thread 24438] [10.0] [cxt 0] Parser 'parser': end
[10:58:57.461] [bmv2] [D] [thread 24438] [10.0] [cxt 0] Pipeline 'ingress': start
[10:58:57.461] [bmv2] [T] [thread 24438] [10.0] [cxt 0] Applying table 'MyIngress.firewall'
[10:58:57.461] [bmv2] [D] [thread 24438] [10.0] [cxt 0] Looking up key:
* hdr.ipv4.srcAddr    : 00000000

[10:58:57.461] [bmv2] [D] [thread 24438] [10.0] [cxt 0] Table 'MyIngress.firewall': miss
[10:58:57.461] [bmv2] [D] [thread 24438] [10.0] [cxt 0] Action entry is NoAction - 
[10:58:57.461] [bmv2] [T] [thread 24438] [10.0] [cxt 0] Action NoAction
[10:58:57.461] [bmv2] [T] [thread 24438] [10.0] [cxt 0] syn_flood_filter.p4(262) Condition "meta.toBlock == 1" (node_3) is false
[10:58:57.461] [bmv2] [T] [thread 24438] [10.0] [cxt 0] syn_flood_filter.p4(268) Condition "hdr.ipv4.isValid()" (node_5) is false
[10:58:57.461] [bmv2] [T] [thread 24438] [10.0] [cxt 0] syn_flood_filter.p4(274) Condition "hdr.tcp.isValid()" (node_8) is false
[10:58:57.461] [bmv2] [D] [thread 24438] [10.0] [cxt 0] Pipeline 'ingress': end
[10:58:57.461] [bmv2] [D] [thread 24438] [10.0] [cxt 0] Egress port is 0
[10:58:57.462] [bmv2] [D] [thread 24439] [9.0] [cxt 0] Pipeline 'egress': start
[10:58:57.462] [bmv2] [T] [thread 24439] [9.0] [cxt 0] syn_flood_filter.p4(410) Condition "hdr.tcp.isValid()" (node_16) is false
[10:58:57.462] [bmv2] [T] [thread 24439] [9.0] [cxt 0] Applying table 'tbl_syn_flood_filter373'
[10:58:57.462] [bmv2] [D] [thread 24439] [9.0] [cxt 0] Looking up key:

[10:58:57.462] [bmv2] [D] [thread 24439] [9.0] [cxt 0] Table 'tbl_syn_flood_filter373': miss
[10:58:57.462] [bmv2] [D] [thread 24439] [9.0] [cxt 0] Action entry is syn_flood_filter373 - 
[10:58:57.462] [bmv2] [T] [thread 24439] [9.0] [cxt 0] Action syn_flood_filter373
[10:58:57.462] [bmv2] [T] [thread 24439] [9.0] [cxt 0] syn_flood_filter.p4(373) Primitive hdr.swtraces[0].swid
[10:58:57.462] [bmv2] [T] [thread 24439] [9.0] [cxt 0] Applying table 'MyEgress.debug_flow'
[10:58:57.462] [bmv2] [D] [thread 24439] [9.0] [cxt 0] Looking up key:
* meta.cntSyn         : 00000000
* meta.cntSynAckRst   : 00000000
* hdr.swtraces[0].swid: 00000000
* hdr.mri.count       : 0000

[10:58:57.462] [bmv2] [D] [thread 24439] [9.0] [cxt 0] Table 'MyEgress.debug_flow': miss
[10:58:57.462] [bmv2] [D] [thread 24439] [9.0] [cxt 0] Action entry is NoAction - 
[10:58:57.462] [bmv2] [T] [thread 24439] [9.0] [cxt 0] Action NoAction
[10:58:57.462] [bmv2] [T] [thread 24439] [9.0] [cxt 0] syn_flood_filter.p4(427) Condition "hdr.mri.isValid()" (node_23) is false
[10:58:57.462] [bmv2] [T] [thread 24439] [9.0] [cxt 0] Applying table 'MyEgress.ip_forward'
[10:58:57.462] [bmv2] [D] [thread 24439] [9.0] [cxt 0] Looking up key:
* hdr.ipv4.dstAddr    : 00000000

[10:58:57.462] [bmv2] [D] [thread 24439] [9.0] [cxt 0] Table 'MyEgress.ip_forward': miss
[10:58:57.462] [bmv2] [D] [thread 24439] [9.0] [cxt 0] Action entry is NoAction - 
[10:58:57.462] [bmv2] [T] [thread 24439] [9.0] [cxt 0] Action NoAction
[10:58:57.462] [bmv2] [D] [thread 24439] [9.0] [cxt 0] Pipeline 'egress': end
[10:58:57.462] [bmv2] [D] [thread 24439] [9.0] [cxt 0] Deparser 'deparser': start
[10:58:57.462] [bmv2] [T] [thread 24439] [9.0] [cxt 0] Skipping checksum 'cksum' update because condition not met
[10:58:57.462] [bmv2] [D] [thread 24439] [9.0] [cxt 0] Deparsing header 'ethernet'
[10:58:57.462] [bmv2] [D] [thread 24439] [9.0] [cxt 0] Deparser 'deparser': end
[10:58:57.462] [bmv2] [D] [thread 24439] [10.0] [cxt 0] Pipeline 'egress': start
[10:58:57.462] [bmv2] [T] [thread 24439] [10.0] [cxt 0] syn_flood_filter.p4(410) Condition "hdr.tcp.isValid()" (node_16) is false
[10:58:57.462] [bmv2] [T] [thread 24439] [10.0] [cxt 0] Applying table 'tbl_syn_flood_filter373'
[10:58:57.462] [bmv2] [D] [thread 24439] [10.0] [cxt 0] Looking up key:

[10:58:57.462] [bmv2] [D] [thread 24439] [10.0] [cxt 0] Table 'tbl_syn_flood_filter373': miss
[10:58:57.462] [bmv2] [D] [thread 24439] [10.0] [cxt 0] Action entry is syn_flood_filter373 - 
[10:58:57.462] [bmv2] [T] [thread 24439] [10.0] [cxt 0] Action syn_flood_filter373
[10:58:57.462] [bmv2] [T] [thread 24439] [10.0] [cxt 0] syn_flood_filter.p4(373) Primitive hdr.swtraces[0].swid
[10:58:57.462] [bmv2] [T] [thread 24439] [10.0] [cxt 0] Applying table 'MyEgress.debug_flow'
[10:58:57.462] [bmv2] [D] [thread 24439] [10.0] [cxt 0] Looking up key:
* meta.cntSyn         : 00000000
* meta.cntSynAckRst   : 00000000
* hdr.swtraces[0].swid: 00000000
* hdr.mri.count       : 0000

[10:58:57.462] [bmv2] [D] [thread 24439] [10.0] [cxt 0] Table 'MyEgress.debug_flow': miss
[10:58:57.462] [bmv2] [D] [thread 24439] [10.0] [cxt 0] Action entry is NoAction - 
[10:58:57.462] [bmv2] [T] [thread 24439] [10.0] [cxt 0] Action NoAction
[10:58:57.462] [bmv2] [T] [thread 24439] [10.0] [cxt 0] syn_flood_filter.p4(427) Condition "hdr.mri.isValid()" (node_23) is false
[10:58:57.462] [bmv2] [T] [thread 24439] [10.0] [cxt 0] Applying table 'MyEgress.ip_forward'
[10:58:57.462] [bmv2] [D] [thread 24439] [10.0] [cxt 0] Looking up key:
* hdr.ipv4.dstAddr    : 00000000

[10:58:57.462] [bmv2] [D] [thread 24439] [10.0] [cxt 0] Table 'MyEgress.ip_forward': miss
[10:58:57.462] [bmv2] [D] [thread 24439] [10.0] [cxt 0] Action entry is NoAction - 
[10:58:57.462] [bmv2] [T] [thread 24439] [10.0] [cxt 0] Action NoAction
[10:58:57.462] [bmv2] [D] [thread 24439] [10.0] [cxt 0] Pipeline 'egress': end
[10:58:57.462] [bmv2] [D] [thread 24439] [10.0] [cxt 0] Deparser 'deparser': start
[10:58:57.462] [bmv2] [T] [thread 24439] [10.0] [cxt 0] Skipping checksum 'cksum' update because condition not met
[10:58:57.462] [bmv2] [D] [thread 24439] [10.0] [cxt 0] Deparsing header 'ethernet'
[10:58:57.462] [bmv2] [D] [thread 24439] [10.0] [cxt 0] Deparser 'deparser': end
[10:58:57.462] [bmv2] [D] [thread 24443] [9.0] [cxt 0] Transmitting packet of size 70 out of port 0
[10:58:57.462] [bmv2] [D] [thread 24443] [10.0] [cxt 0] Transmitting packet of size 70 out of port 0
[10:58:58.232] [bmv2] [D] [thread 24438] [11.0] [cxt 0] Processing packet received on port 4
[10:58:58.232] [bmv2] [D] [thread 24438] [11.0] [cxt 0] Parser 'parser': start
[10:58:58.232] [bmv2] [D] [thread 24438] [11.0] [cxt 0] Parser 'parser' entering state 'start'
[10:58:58.232] [bmv2] [D] [thread 24438] [11.0] [cxt 0] Extracting header 'ethernet'
[10:58:58.232] [bmv2] [D] [thread 24438] [11.0] [cxt 0] Parser state 'start': key is 86dd
[10:58:58.232] [bmv2] [T] [thread 24438] [11.0] [cxt 0] Bytes parsed: 14
[10:58:58.232] [bmv2] [D] [thread 24438] [11.0] [cxt 0] Parser 'parser': end
[10:58:58.232] [bmv2] [D] [thread 24438] [11.0] [cxt 0] Pipeline 'ingress': start
[10:58:58.232] [bmv2] [T] [thread 24438] [11.0] [cxt 0] Applying table 'MyIngress.firewall'
[10:58:58.232] [bmv2] [D] [thread 24438] [11.0] [cxt 0] Looking up key:
* hdr.ipv4.srcAddr    : 00000000

[10:58:58.232] [bmv2] [D] [thread 24438] [11.0] [cxt 0] Table 'MyIngress.firewall': miss
[10:58:58.232] [bmv2] [D] [thread 24438] [11.0] [cxt 0] Action entry is NoAction - 
[10:58:58.232] [bmv2] [T] [thread 24438] [11.0] [cxt 0] Action NoAction
[10:58:58.232] [bmv2] [T] [thread 24438] [11.0] [cxt 0] syn_flood_filter.p4(262) Condition "meta.toBlock == 1" (node_3) is false
[10:58:58.232] [bmv2] [T] [thread 24438] [11.0] [cxt 0] syn_flood_filter.p4(268) Condition "hdr.ipv4.isValid()" (node_5) is false
[10:58:58.232] [bmv2] [T] [thread 24438] [11.0] [cxt 0] syn_flood_filter.p4(274) Condition "hdr.tcp.isValid()" (node_8) is false
[10:58:58.232] [bmv2] [D] [thread 24438] [11.0] [cxt 0] Pipeline 'ingress': end
[10:58:58.232] [bmv2] [D] [thread 24438] [11.0] [cxt 0] Egress port is 0
[10:58:58.232] [bmv2] [D] [thread 24439] [11.0] [cxt 0] Pipeline 'egress': start
[10:58:58.232] [bmv2] [T] [thread 24439] [11.0] [cxt 0] syn_flood_filter.p4(410) Condition "hdr.tcp.isValid()" (node_16) is false
[10:58:58.232] [bmv2] [T] [thread 24439] [11.0] [cxt 0] Applying table 'tbl_syn_flood_filter373'
[10:58:58.232] [bmv2] [D] [thread 24439] [11.0] [cxt 0] Looking up key:

[10:58:58.232] [bmv2] [D] [thread 24439] [11.0] [cxt 0] Table 'tbl_syn_flood_filter373': miss
[10:58:58.232] [bmv2] [D] [thread 24439] [11.0] [cxt 0] Action entry is syn_flood_filter373 - 
[10:58:58.232] [bmv2] [T] [thread 24439] [11.0] [cxt 0] Action syn_flood_filter373
[10:58:58.232] [bmv2] [T] [thread 24439] [11.0] [cxt 0] syn_flood_filter.p4(373) Primitive hdr.swtraces[0].swid
[10:58:58.232] [bmv2] [T] [thread 24439] [11.0] [cxt 0] Applying table 'MyEgress.debug_flow'
[10:58:58.232] [bmv2] [D] [thread 24439] [11.0] [cxt 0] Looking up key:
* meta.cntSyn         : 00000000
* meta.cntSynAckRst   : 00000000
* hdr.swtraces[0].swid: 00000000
* hdr.mri.count       : 0000

[10:58:58.232] [bmv2] [D] [thread 24439] [11.0] [cxt 0] Table 'MyEgress.debug_flow': miss
[10:58:58.232] [bmv2] [D] [thread 24439] [11.0] [cxt 0] Action entry is NoAction - 
[10:58:58.232] [bmv2] [T] [thread 24439] [11.0] [cxt 0] Action NoAction
[10:58:58.232] [bmv2] [T] [thread 24439] [11.0] [cxt 0] syn_flood_filter.p4(427) Condition "hdr.mri.isValid()" (node_23) is false
[10:58:58.232] [bmv2] [T] [thread 24439] [11.0] [cxt 0] Applying table 'MyEgress.ip_forward'
[10:58:58.232] [bmv2] [D] [thread 24439] [11.0] [cxt 0] Looking up key:
* hdr.ipv4.dstAddr    : 00000000

[10:58:58.232] [bmv2] [D] [thread 24439] [11.0] [cxt 0] Table 'MyEgress.ip_forward': miss
[10:58:58.232] [bmv2] [D] [thread 24439] [11.0] [cxt 0] Action entry is NoAction - 
[10:58:58.232] [bmv2] [T] [thread 24439] [11.0] [cxt 0] Action NoAction
[10:58:58.232] [bmv2] [D] [thread 24439] [11.0] [cxt 0] Pipeline 'egress': end
[10:58:58.232] [bmv2] [D] [thread 24439] [11.0] [cxt 0] Deparser 'deparser': start
[10:58:58.232] [bmv2] [T] [thread 24439] [11.0] [cxt 0] Skipping checksum 'cksum' update because condition not met
[10:58:58.232] [bmv2] [D] [thread 24439] [11.0] [cxt 0] Deparsing header 'ethernet'
[10:58:58.232] [bmv2] [D] [thread 24439] [11.0] [cxt 0] Deparser 'deparser': end
[10:58:58.232] [bmv2] [D] [thread 24443] [11.0] [cxt 0] Transmitting packet of size 70 out of port 0
[10:58:58.484] [bmv2] [D] [thread 24438] [12.0] [cxt 0] Processing packet received on port 2
[10:58:58.484] [bmv2] [D] [thread 24438] [12.0] [cxt 0] Parser 'parser': start
[10:58:58.484] [bmv2] [D] [thread 24438] [12.0] [cxt 0] Parser 'parser' entering state 'start'
[10:58:58.484] [bmv2] [D] [thread 24438] [12.0] [cxt 0] Extracting header 'ethernet'
[10:58:58.484] [bmv2] [D] [thread 24438] [12.0] [cxt 0] Parser state 'start': key is 86dd
[10:58:58.484] [bmv2] [T] [thread 24438] [12.0] [cxt 0] Bytes parsed: 14
[10:58:58.484] [bmv2] [D] [thread 24438] [12.0] [cxt 0] Parser 'parser': end
[10:58:58.484] [bmv2] [D] [thread 24438] [12.0] [cxt 0] Pipeline 'ingress': start
[10:58:58.484] [bmv2] [T] [thread 24438] [12.0] [cxt 0] Applying table 'MyIngress.firewall'
[10:58:58.484] [bmv2] [D] [thread 24438] [12.0] [cxt 0] Looking up key:
* hdr.ipv4.srcAddr    : 00000000

[10:58:58.484] [bmv2] [D] [thread 24438] [12.0] [cxt 0] Table 'MyIngress.firewall': miss
[10:58:58.484] [bmv2] [D] [thread 24438] [12.0] [cxt 0] Action entry is NoAction - 
[10:58:58.484] [bmv2] [T] [thread 24438] [12.0] [cxt 0] Action NoAction
[10:58:58.484] [bmv2] [T] [thread 24438] [12.0] [cxt 0] syn_flood_filter.p4(262) Condition "meta.toBlock == 1" (node_3) is false
[10:58:58.484] [bmv2] [T] [thread 24438] [12.0] [cxt 0] syn_flood_filter.p4(268) Condition "hdr.ipv4.isValid()" (node_5) is false
[10:58:58.484] [bmv2] [T] [thread 24438] [12.0] [cxt 0] syn_flood_filter.p4(274) Condition "hdr.tcp.isValid()" (node_8) is false
[10:58:58.484] [bmv2] [D] [thread 24438] [12.0] [cxt 0] Pipeline 'ingress': end
[10:58:58.484] [bmv2] [D] [thread 24438] [12.0] [cxt 0] Egress port is 0
[10:58:58.485] [bmv2] [D] [thread 24439] [12.0] [cxt 0] Pipeline 'egress': start
[10:58:58.485] [bmv2] [T] [thread 24439] [12.0] [cxt 0] syn_flood_filter.p4(410) Condition "hdr.tcp.isValid()" (node_16) is false
[10:58:58.485] [bmv2] [T] [thread 24439] [12.0] [cxt 0] Applying table 'tbl_syn_flood_filter373'
[10:58:58.485] [bmv2] [D] [thread 24439] [12.0] [cxt 0] Looking up key:

[10:58:58.485] [bmv2] [D] [thread 24439] [12.0] [cxt 0] Table 'tbl_syn_flood_filter373': miss
[10:58:58.485] [bmv2] [D] [thread 24439] [12.0] [cxt 0] Action entry is syn_flood_filter373 - 
[10:58:58.485] [bmv2] [T] [thread 24439] [12.0] [cxt 0] Action syn_flood_filter373
[10:58:58.485] [bmv2] [T] [thread 24439] [12.0] [cxt 0] syn_flood_filter.p4(373) Primitive hdr.swtraces[0].swid
[10:58:58.485] [bmv2] [T] [thread 24439] [12.0] [cxt 0] Applying table 'MyEgress.debug_flow'
[10:58:58.485] [bmv2] [D] [thread 24439] [12.0] [cxt 0] Looking up key:
* meta.cntSyn         : 00000000
* meta.cntSynAckRst   : 00000000
* hdr.swtraces[0].swid: 00000000
* hdr.mri.count       : 0000

[10:58:58.485] [bmv2] [D] [thread 24439] [12.0] [cxt 0] Table 'MyEgress.debug_flow': miss
[10:58:58.485] [bmv2] [D] [thread 24439] [12.0] [cxt 0] Action entry is NoAction - 
[10:58:58.485] [bmv2] [T] [thread 24439] [12.0] [cxt 0] Action NoAction
[10:58:58.485] [bmv2] [T] [thread 24439] [12.0] [cxt 0] syn_flood_filter.p4(427) Condition "hdr.mri.isValid()" (node_23) is false
[10:58:58.485] [bmv2] [T] [thread 24439] [12.0] [cxt 0] Applying table 'MyEgress.ip_forward'
[10:58:58.485] [bmv2] [D] [thread 24439] [12.0] [cxt 0] Looking up key:
* hdr.ipv4.dstAddr    : 00000000

[10:58:58.485] [bmv2] [D] [thread 24439] [12.0] [cxt 0] Table 'MyEgress.ip_forward': miss
[10:58:58.485] [bmv2] [D] [thread 24439] [12.0] [cxt 0] Action entry is NoAction - 
[10:58:58.485] [bmv2] [T] [thread 24439] [12.0] [cxt 0] Action NoAction
[10:58:58.485] [bmv2] [D] [thread 24439] [12.0] [cxt 0] Pipeline 'egress': end
[10:58:58.485] [bmv2] [D] [thread 24439] [12.0] [cxt 0] Deparser 'deparser': start
[10:58:58.485] [bmv2] [T] [thread 24439] [12.0] [cxt 0] Skipping checksum 'cksum' update because condition not met
[10:58:58.485] [bmv2] [D] [thread 24439] [12.0] [cxt 0] Deparsing header 'ethernet'
[10:58:58.485] [bmv2] [D] [thread 24439] [12.0] [cxt 0] Deparser 'deparser': end
[10:58:58.485] [bmv2] [D] [thread 24443] [12.0] [cxt 0] Transmitting packet of size 70 out of port 0
[10:58:58.740] [bmv2] [D] [thread 24438] [13.0] [cxt 0] Processing packet received on port 2
[10:58:58.740] [bmv2] [D] [thread 24438] [13.0] [cxt 0] Parser 'parser': start
[10:58:58.740] [bmv2] [D] [thread 24438] [13.0] [cxt 0] Parser 'parser' entering state 'start'
[10:58:58.740] [bmv2] [D] [thread 24438] [13.0] [cxt 0] Extracting header 'ethernet'
[10:58:58.740] [bmv2] [D] [thread 24438] [13.0] [cxt 0] Parser state 'start': key is 86dd
[10:58:58.740] [bmv2] [T] [thread 24438] [13.0] [cxt 0] Bytes parsed: 14
[10:58:58.740] [bmv2] [D] [thread 24438] [13.0] [cxt 0] Parser 'parser': end
[10:58:58.740] [bmv2] [D] [thread 24438] [13.0] [cxt 0] Pipeline 'ingress': start
[10:58:58.740] [bmv2] [T] [thread 24438] [13.0] [cxt 0] Applying table 'MyIngress.firewall'
[10:58:58.740] [bmv2] [D] [thread 24438] [13.0] [cxt 0] Looking up key:
* hdr.ipv4.srcAddr    : 00000000

[10:58:58.740] [bmv2] [D] [thread 24438] [13.0] [cxt 0] Table 'MyIngress.firewall': miss
[10:58:58.740] [bmv2] [D] [thread 24438] [13.0] [cxt 0] Action entry is NoAction - 
[10:58:58.740] [bmv2] [T] [thread 24438] [13.0] [cxt 0] Action NoAction
[10:58:58.740] [bmv2] [T] [thread 24438] [13.0] [cxt 0] syn_flood_filter.p4(262) Condition "meta.toBlock == 1" (node_3) is false
[10:58:58.740] [bmv2] [T] [thread 24438] [13.0] [cxt 0] syn_flood_filter.p4(268) Condition "hdr.ipv4.isValid()" (node_5) is false
[10:58:58.740] [bmv2] [T] [thread 24438] [13.0] [cxt 0] syn_flood_filter.p4(274) Condition "hdr.tcp.isValid()" (node_8) is false
[10:58:58.740] [bmv2] [D] [thread 24438] [13.0] [cxt 0] Pipeline 'ingress': end
[10:58:58.740] [bmv2] [D] [thread 24438] [13.0] [cxt 0] Egress port is 0
[10:58:58.740] [bmv2] [D] [thread 24439] [13.0] [cxt 0] Pipeline 'egress': start
[10:58:58.740] [bmv2] [T] [thread 24439] [13.0] [cxt 0] syn_flood_filter.p4(410) Condition "hdr.tcp.isValid()" (node_16) is false
[10:58:58.740] [bmv2] [T] [thread 24439] [13.0] [cxt 0] Applying table 'tbl_syn_flood_filter373'
[10:58:58.740] [bmv2] [D] [thread 24439] [13.0] [cxt 0] Looking up key:

[10:58:58.740] [bmv2] [D] [thread 24439] [13.0] [cxt 0] Table 'tbl_syn_flood_filter373': miss
[10:58:58.740] [bmv2] [D] [thread 24439] [13.0] [cxt 0] Action entry is syn_flood_filter373 - 
[10:58:58.740] [bmv2] [T] [thread 24439] [13.0] [cxt 0] Action syn_flood_filter373
[10:58:58.740] [bmv2] [T] [thread 24439] [13.0] [cxt 0] syn_flood_filter.p4(373) Primitive hdr.swtraces[0].swid
[10:58:58.740] [bmv2] [T] [thread 24439] [13.0] [cxt 0] Applying table 'MyEgress.debug_flow'
[10:58:58.740] [bmv2] [D] [thread 24439] [13.0] [cxt 0] Looking up key:
* meta.cntSyn         : 00000000
* meta.cntSynAckRst   : 00000000
* hdr.swtraces[0].swid: 00000000
* hdr.mri.count       : 0000

[10:58:58.740] [bmv2] [D] [thread 24439] [13.0] [cxt 0] Table 'MyEgress.debug_flow': miss
[10:58:58.740] [bmv2] [D] [thread 24439] [13.0] [cxt 0] Action entry is NoAction - 
[10:58:58.740] [bmv2] [T] [thread 24439] [13.0] [cxt 0] Action NoAction
[10:58:58.740] [bmv2] [T] [thread 24439] [13.0] [cxt 0] syn_flood_filter.p4(427) Condition "hdr.mri.isValid()" (node_23) is false
[10:58:58.740] [bmv2] [T] [thread 24439] [13.0] [cxt 0] Applying table 'MyEgress.ip_forward'
[10:58:58.740] [bmv2] [D] [thread 24439] [13.0] [cxt 0] Looking up key:
* hdr.ipv4.dstAddr    : 00000000

[10:58:58.740] [bmv2] [D] [thread 24439] [13.0] [cxt 0] Table 'MyEgress.ip_forward': miss
[10:58:58.740] [bmv2] [D] [thread 24439] [13.0] [cxt 0] Action entry is NoAction - 
[10:58:58.740] [bmv2] [T] [thread 24439] [13.0] [cxt 0] Action NoAction
[10:58:58.740] [bmv2] [D] [thread 24439] [13.0] [cxt 0] Pipeline 'egress': end
[10:58:58.740] [bmv2] [D] [thread 24439] [13.0] [cxt 0] Deparser 'deparser': start
[10:58:58.740] [bmv2] [T] [thread 24439] [13.0] [cxt 0] Skipping checksum 'cksum' update because condition not met
[10:58:58.740] [bmv2] [D] [thread 24439] [13.0] [cxt 0] Deparsing header 'ethernet'
[10:58:58.740] [bmv2] [D] [thread 24439] [13.0] [cxt 0] Deparser 'deparser': end
[10:58:58.741] [bmv2] [D] [thread 24443] [13.0] [cxt 0] Transmitting packet of size 70 out of port 0
[10:59:10.773] [bmv2] [D] [thread 24438] [14.0] [cxt 0] Processing packet received on port 1
[10:59:10.773] [bmv2] [D] [thread 24438] [14.0] [cxt 0] Parser 'parser': start
[10:59:10.773] [bmv2] [D] [thread 24438] [14.0] [cxt 0] Parser 'parser' entering state 'start'
[10:59:10.773] [bmv2] [D] [thread 24438] [14.0] [cxt 0] Extracting header 'ethernet'
[10:59:10.773] [bmv2] [D] [thread 24438] [14.0] [cxt 0] Parser state 'start': key is 86dd
[10:59:10.773] [bmv2] [T] [thread 24438] [14.0] [cxt 0] Bytes parsed: 14
[10:59:10.773] [bmv2] [D] [thread 24438] [14.0] [cxt 0] Parser 'parser': end
[10:59:10.773] [bmv2] [D] [thread 24438] [14.0] [cxt 0] Pipeline 'ingress': start
[10:59:10.773] [bmv2] [T] [thread 24438] [14.0] [cxt 0] Applying table 'MyIngress.firewall'
[10:59:10.773] [bmv2] [D] [thread 24438] [14.0] [cxt 0] Looking up key:
* hdr.ipv4.srcAddr    : 00000000

[10:59:10.773] [bmv2] [D] [thread 24438] [14.0] [cxt 0] Table 'MyIngress.firewall': miss
[10:59:10.773] [bmv2] [D] [thread 24438] [14.0] [cxt 0] Action entry is NoAction - 
[10:59:10.773] [bmv2] [T] [thread 24438] [14.0] [cxt 0] Action NoAction
[10:59:10.773] [bmv2] [T] [thread 24438] [14.0] [cxt 0] syn_flood_filter.p4(262) Condition "meta.toBlock == 1" (node_3) is false
[10:59:10.773] [bmv2] [T] [thread 24438] [14.0] [cxt 0] syn_flood_filter.p4(268) Condition "hdr.ipv4.isValid()" (node_5) is false
[10:59:10.773] [bmv2] [T] [thread 24438] [14.0] [cxt 0] syn_flood_filter.p4(274) Condition "hdr.tcp.isValid()" (node_8) is false
[10:59:10.773] [bmv2] [D] [thread 24438] [14.0] [cxt 0] Pipeline 'ingress': end
[10:59:10.773] [bmv2] [D] [thread 24438] [14.0] [cxt 0] Egress port is 0
[10:59:10.773] [bmv2] [D] [thread 24439] [14.0] [cxt 0] Pipeline 'egress': start
[10:59:10.773] [bmv2] [T] [thread 24439] [14.0] [cxt 0] syn_flood_filter.p4(410) Condition "hdr.tcp.isValid()" (node_16) is false
[10:59:10.773] [bmv2] [T] [thread 24439] [14.0] [cxt 0] Applying table 'tbl_syn_flood_filter373'
[10:59:10.773] [bmv2] [D] [thread 24439] [14.0] [cxt 0] Looking up key:

[10:59:10.773] [bmv2] [D] [thread 24439] [14.0] [cxt 0] Table 'tbl_syn_flood_filter373': miss
[10:59:10.773] [bmv2] [D] [thread 24439] [14.0] [cxt 0] Action entry is syn_flood_filter373 - 
[10:59:10.773] [bmv2] [T] [thread 24439] [14.0] [cxt 0] Action syn_flood_filter373
[10:59:10.773] [bmv2] [T] [thread 24439] [14.0] [cxt 0] syn_flood_filter.p4(373) Primitive hdr.swtraces[0].swid
[10:59:10.773] [bmv2] [T] [thread 24439] [14.0] [cxt 0] Applying table 'MyEgress.debug_flow'
[10:59:10.773] [bmv2] [D] [thread 24439] [14.0] [cxt 0] Looking up key:
* meta.cntSyn         : 00000000
* meta.cntSynAckRst   : 00000000
* hdr.swtraces[0].swid: 00000000
* hdr.mri.count       : 0000

[10:59:10.773] [bmv2] [D] [thread 24439] [14.0] [cxt 0] Table 'MyEgress.debug_flow': miss
[10:59:10.773] [bmv2] [D] [thread 24439] [14.0] [cxt 0] Action entry is NoAction - 
[10:59:10.773] [bmv2] [T] [thread 24439] [14.0] [cxt 0] Action NoAction
[10:59:10.773] [bmv2] [T] [thread 24439] [14.0] [cxt 0] syn_flood_filter.p4(427) Condition "hdr.mri.isValid()" (node_23) is false
[10:59:10.773] [bmv2] [T] [thread 24439] [14.0] [cxt 0] Applying table 'MyEgress.ip_forward'
[10:59:10.773] [bmv2] [D] [thread 24439] [14.0] [cxt 0] Looking up key:
* hdr.ipv4.dstAddr    : 00000000

[10:59:10.773] [bmv2] [D] [thread 24439] [14.0] [cxt 0] Table 'MyEgress.ip_forward': miss
[10:59:10.773] [bmv2] [D] [thread 24439] [14.0] [cxt 0] Action entry is NoAction - 
[10:59:10.773] [bmv2] [T] [thread 24439] [14.0] [cxt 0] Action NoAction
[10:59:10.773] [bmv2] [D] [thread 24439] [14.0] [cxt 0] Pipeline 'egress': end
[10:59:10.773] [bmv2] [D] [thread 24439] [14.0] [cxt 0] Deparser 'deparser': start
[10:59:10.773] [bmv2] [T] [thread 24439] [14.0] [cxt 0] Skipping checksum 'cksum' update because condition not met
[10:59:10.773] [bmv2] [D] [thread 24439] [14.0] [cxt 0] Deparsing header 'ethernet'
[10:59:10.773] [bmv2] [D] [thread 24439] [14.0] [cxt 0] Deparser 'deparser': end
[10:59:10.773] [bmv2] [D] [thread 24443] [14.0] [cxt 0] Transmitting packet of size 70 out of port 0
[10:59:11.540] [bmv2] [D] [thread 24438] [15.0] [cxt 0] Processing packet received on port 3
[10:59:11.540] [bmv2] [D] [thread 24438] [15.0] [cxt 0] Parser 'parser': start
[10:59:11.540] [bmv2] [D] [thread 24438] [15.0] [cxt 0] Parser 'parser' entering state 'start'
[10:59:11.540] [bmv2] [D] [thread 24438] [15.0] [cxt 0] Extracting header 'ethernet'
[10:59:11.540] [bmv2] [D] [thread 24438] [15.0] [cxt 0] Parser state 'start': key is 86dd
[10:59:11.540] [bmv2] [T] [thread 24438] [15.0] [cxt 0] Bytes parsed: 14
[10:59:11.540] [bmv2] [D] [thread 24438] [15.0] [cxt 0] Parser 'parser': end
[10:59:11.540] [bmv2] [D] [thread 24438] [15.0] [cxt 0] Pipeline 'ingress': start
[10:59:11.540] [bmv2] [T] [thread 24438] [15.0] [cxt 0] Applying table 'MyIngress.firewall'
[10:59:11.540] [bmv2] [D] [thread 24438] [15.0] [cxt 0] Looking up key:
* hdr.ipv4.srcAddr    : 00000000

[10:59:11.540] [bmv2] [D] [thread 24438] [15.0] [cxt 0] Table 'MyIngress.firewall': miss
[10:59:11.540] [bmv2] [D] [thread 24438] [15.0] [cxt 0] Action entry is NoAction - 
[10:59:11.540] [bmv2] [T] [thread 24438] [15.0] [cxt 0] Action NoAction
[10:59:11.540] [bmv2] [T] [thread 24438] [15.0] [cxt 0] syn_flood_filter.p4(262) Condition "meta.toBlock == 1" (node_3) is false
[10:59:11.540] [bmv2] [T] [thread 24438] [15.0] [cxt 0] syn_flood_filter.p4(268) Condition "hdr.ipv4.isValid()" (node_5) is false
[10:59:11.540] [bmv2] [T] [thread 24438] [15.0] [cxt 0] syn_flood_filter.p4(274) Condition "hdr.tcp.isValid()" (node_8) is false
[10:59:11.540] [bmv2] [D] [thread 24438] [15.0] [cxt 0] Pipeline 'ingress': end
[10:59:11.540] [bmv2] [D] [thread 24438] [15.0] [cxt 0] Egress port is 0
[10:59:11.540] [bmv2] [D] [thread 24439] [15.0] [cxt 0] Pipeline 'egress': start
[10:59:11.540] [bmv2] [T] [thread 24439] [15.0] [cxt 0] syn_flood_filter.p4(410) Condition "hdr.tcp.isValid()" (node_16) is false
[10:59:11.540] [bmv2] [T] [thread 24439] [15.0] [cxt 0] Applying table 'tbl_syn_flood_filter373'
[10:59:11.540] [bmv2] [D] [thread 24439] [15.0] [cxt 0] Looking up key:

[10:59:11.540] [bmv2] [D] [thread 24439] [15.0] [cxt 0] Table 'tbl_syn_flood_filter373': miss
[10:59:11.540] [bmv2] [D] [thread 24439] [15.0] [cxt 0] Action entry is syn_flood_filter373 - 
[10:59:11.540] [bmv2] [T] [thread 24439] [15.0] [cxt 0] Action syn_flood_filter373
[10:59:11.540] [bmv2] [T] [thread 24439] [15.0] [cxt 0] syn_flood_filter.p4(373) Primitive hdr.swtraces[0].swid
[10:59:11.540] [bmv2] [T] [thread 24439] [15.0] [cxt 0] Applying table 'MyEgress.debug_flow'
[10:59:11.540] [bmv2] [D] [thread 24439] [15.0] [cxt 0] Looking up key:
* meta.cntSyn         : 00000000
* meta.cntSynAckRst   : 00000000
* hdr.swtraces[0].swid: 00000000
* hdr.mri.count       : 0000

[10:59:11.540] [bmv2] [D] [thread 24439] [15.0] [cxt 0] Table 'MyEgress.debug_flow': miss
[10:59:11.540] [bmv2] [D] [thread 24439] [15.0] [cxt 0] Action entry is NoAction - 
[10:59:11.540] [bmv2] [T] [thread 24439] [15.0] [cxt 0] Action NoAction
[10:59:11.540] [bmv2] [T] [thread 24439] [15.0] [cxt 0] syn_flood_filter.p4(427) Condition "hdr.mri.isValid()" (node_23) is false
[10:59:11.540] [bmv2] [T] [thread 24439] [15.0] [cxt 0] Applying table 'MyEgress.ip_forward'
[10:59:11.540] [bmv2] [D] [thread 24439] [15.0] [cxt 0] Looking up key:
* hdr.ipv4.dstAddr    : 00000000

[10:59:11.540] [bmv2] [D] [thread 24439] [15.0] [cxt 0] Table 'MyEgress.ip_forward': miss
[10:59:11.540] [bmv2] [D] [thread 24439] [15.0] [cxt 0] Action entry is NoAction - 
[10:59:11.540] [bmv2] [T] [thread 24439] [15.0] [cxt 0] Action NoAction
[10:59:11.540] [bmv2] [D] [thread 24439] [15.0] [cxt 0] Pipeline 'egress': end
[10:59:11.540] [bmv2] [D] [thread 24439] [15.0] [cxt 0] Deparser 'deparser': start
[10:59:11.540] [bmv2] [T] [thread 24439] [15.0] [cxt 0] Skipping checksum 'cksum' update because condition not met
[10:59:11.540] [bmv2] [D] [thread 24439] [15.0] [cxt 0] Deparsing header 'ethernet'
[10:59:11.540] [bmv2] [D] [thread 24439] [15.0] [cxt 0] Deparser 'deparser': end
[10:59:11.540] [bmv2] [D] [thread 24443] [15.0] [cxt 0] Transmitting packet of size 70 out of port 0
[10:59:12.052] [bmv2] [D] [thread 24438] [16.0] [cxt 0] Processing packet received on port 4
[10:59:12.052] [bmv2] [D] [thread 24438] [16.0] [cxt 0] Parser 'parser': start
[10:59:12.052] [bmv2] [D] [thread 24438] [16.0] [cxt 0] Parser 'parser' entering state 'start'
[10:59:12.052] [bmv2] [D] [thread 24438] [16.0] [cxt 0] Extracting header 'ethernet'
[10:59:12.052] [bmv2] [D] [thread 24438] [16.0] [cxt 0] Parser state 'start': key is 86dd
[10:59:12.052] [bmv2] [T] [thread 24438] [16.0] [cxt 0] Bytes parsed: 14
[10:59:12.052] [bmv2] [D] [thread 24438] [16.0] [cxt 0] Parser 'parser': end
[10:59:12.052] [bmv2] [D] [thread 24438] [16.0] [cxt 0] Pipeline 'ingress': start
[10:59:12.052] [bmv2] [T] [thread 24438] [16.0] [cxt 0] Applying table 'MyIngress.firewall'
[10:59:12.052] [bmv2] [D] [thread 24438] [16.0] [cxt 0] Looking up key:
* hdr.ipv4.srcAddr    : 00000000

[10:59:12.052] [bmv2] [D] [thread 24438] [16.0] [cxt 0] Table 'MyIngress.firewall': miss
[10:59:12.052] [bmv2] [D] [thread 24438] [16.0] [cxt 0] Action entry is NoAction - 
[10:59:12.052] [bmv2] [T] [thread 24438] [16.0] [cxt 0] Action NoAction
[10:59:12.052] [bmv2] [T] [thread 24438] [16.0] [cxt 0] syn_flood_filter.p4(262) Condition "meta.toBlock == 1" (node_3) is false
[10:59:12.052] [bmv2] [T] [thread 24438] [16.0] [cxt 0] syn_flood_filter.p4(268) Condition "hdr.ipv4.isValid()" (node_5) is false
[10:59:12.052] [bmv2] [T] [thread 24438] [16.0] [cxt 0] syn_flood_filter.p4(274) Condition "hdr.tcp.isValid()" (node_8) is false
[10:59:12.052] [bmv2] [D] [thread 24438] [16.0] [cxt 0] Pipeline 'ingress': end
[10:59:12.052] [bmv2] [D] [thread 24438] [16.0] [cxt 0] Egress port is 0
[10:59:12.052] [bmv2] [D] [thread 24439] [16.0] [cxt 0] Pipeline 'egress': start
[10:59:12.052] [bmv2] [T] [thread 24439] [16.0] [cxt 0] syn_flood_filter.p4(410) Condition "hdr.tcp.isValid()" (node_16) is false
[10:59:12.052] [bmv2] [T] [thread 24439] [16.0] [cxt 0] Applying table 'tbl_syn_flood_filter373'
[10:59:12.052] [bmv2] [D] [thread 24439] [16.0] [cxt 0] Looking up key:

[10:59:12.052] [bmv2] [D] [thread 24439] [16.0] [cxt 0] Table 'tbl_syn_flood_filter373': miss
[10:59:12.052] [bmv2] [D] [thread 24439] [16.0] [cxt 0] Action entry is syn_flood_filter373 - 
[10:59:12.052] [bmv2] [T] [thread 24439] [16.0] [cxt 0] Action syn_flood_filter373
[10:59:12.052] [bmv2] [T] [thread 24439] [16.0] [cxt 0] syn_flood_filter.p4(373) Primitive hdr.swtraces[0].swid
[10:59:12.052] [bmv2] [T] [thread 24439] [16.0] [cxt 0] Applying table 'MyEgress.debug_flow'
[10:59:12.052] [bmv2] [D] [thread 24439] [16.0] [cxt 0] Looking up key:
* meta.cntSyn         : 00000000
* meta.cntSynAckRst   : 00000000
* hdr.swtraces[0].swid: 00000000
* hdr.mri.count       : 0000

[10:59:12.052] [bmv2] [D] [thread 24439] [16.0] [cxt 0] Table 'MyEgress.debug_flow': miss
[10:59:12.052] [bmv2] [D] [thread 24439] [16.0] [cxt 0] Action entry is NoAction - 
[10:59:12.052] [bmv2] [T] [thread 24439] [16.0] [cxt 0] Action NoAction
[10:59:12.052] [bmv2] [T] [thread 24439] [16.0] [cxt 0] syn_flood_filter.p4(427) Condition "hdr.mri.isValid()" (node_23) is false
[10:59:12.052] [bmv2] [T] [thread 24439] [16.0] [cxt 0] Applying table 'MyEgress.ip_forward'
[10:59:12.052] [bmv2] [D] [thread 24439] [16.0] [cxt 0] Looking up key:
* hdr.ipv4.dstAddr    : 00000000

[10:59:12.052] [bmv2] [D] [thread 24439] [16.0] [cxt 0] Table 'MyEgress.ip_forward': miss
[10:59:12.052] [bmv2] [D] [thread 24439] [16.0] [cxt 0] Action entry is NoAction - 
[10:59:12.052] [bmv2] [T] [thread 24439] [16.0] [cxt 0] Action NoAction
[10:59:12.052] [bmv2] [D] [thread 24439] [16.0] [cxt 0] Pipeline 'egress': end
[10:59:12.052] [bmv2] [D] [thread 24439] [16.0] [cxt 0] Deparser 'deparser': start
[10:59:12.052] [bmv2] [T] [thread 24439] [16.0] [cxt 0] Skipping checksum 'cksum' update because condition not met
[10:59:12.052] [bmv2] [D] [thread 24439] [16.0] [cxt 0] Deparsing header 'ethernet'
[10:59:12.052] [bmv2] [D] [thread 24439] [16.0] [cxt 0] Deparser 'deparser': end
[10:59:12.052] [bmv2] [D] [thread 24443] [16.0] [cxt 0] Transmitting packet of size 70 out of port 0
[10:59:12.820] [bmv2] [D] [thread 24438] [17.0] [cxt 0] Processing packet received on port 3
[10:59:12.820] [bmv2] [D] [thread 24438] [17.0] [cxt 0] Parser 'parser': start
[10:59:12.820] [bmv2] [D] [thread 24438] [17.0] [cxt 0] Parser 'parser' entering state 'start'
[10:59:12.820] [bmv2] [D] [thread 24438] [17.0] [cxt 0] Extracting header 'ethernet'
[10:59:12.820] [bmv2] [D] [thread 24438] [17.0] [cxt 0] Parser state 'start': key is 86dd
[10:59:12.820] [bmv2] [T] [thread 24438] [17.0] [cxt 0] Bytes parsed: 14
[10:59:12.820] [bmv2] [D] [thread 24438] [17.0] [cxt 0] Parser 'parser': end
[10:59:12.820] [bmv2] [D] [thread 24438] [17.0] [cxt 0] Pipeline 'ingress': start
[10:59:12.820] [bmv2] [T] [thread 24438] [17.0] [cxt 0] Applying table 'MyIngress.firewall'
[10:59:12.820] [bmv2] [D] [thread 24438] [17.0] [cxt 0] Looking up key:
* hdr.ipv4.srcAddr    : 00000000

[10:59:12.820] [bmv2] [D] [thread 24438] [17.0] [cxt 0] Table 'MyIngress.firewall': miss
[10:59:12.820] [bmv2] [D] [thread 24438] [17.0] [cxt 0] Action entry is NoAction - 
[10:59:12.820] [bmv2] [T] [thread 24438] [17.0] [cxt 0] Action NoAction
[10:59:12.820] [bmv2] [T] [thread 24438] [17.0] [cxt 0] syn_flood_filter.p4(262) Condition "meta.toBlock == 1" (node_3) is false
[10:59:12.820] [bmv2] [T] [thread 24438] [17.0] [cxt 0] syn_flood_filter.p4(268) Condition "hdr.ipv4.isValid()" (node_5) is false
[10:59:12.820] [bmv2] [T] [thread 24438] [17.0] [cxt 0] syn_flood_filter.p4(274) Condition "hdr.tcp.isValid()" (node_8) is false
[10:59:12.820] [bmv2] [D] [thread 24438] [17.0] [cxt 0] Pipeline 'ingress': end
[10:59:12.820] [bmv2] [D] [thread 24438] [17.0] [cxt 0] Egress port is 0
[10:59:12.820] [bmv2] [D] [thread 24439] [17.0] [cxt 0] Pipeline 'egress': start
[10:59:12.820] [bmv2] [T] [thread 24439] [17.0] [cxt 0] syn_flood_filter.p4(410) Condition "hdr.tcp.isValid()" (node_16) is false
[10:59:12.820] [bmv2] [T] [thread 24439] [17.0] [cxt 0] Applying table 'tbl_syn_flood_filter373'
[10:59:12.820] [bmv2] [D] [thread 24439] [17.0] [cxt 0] Looking up key:

[10:59:12.820] [bmv2] [D] [thread 24439] [17.0] [cxt 0] Table 'tbl_syn_flood_filter373': miss
[10:59:12.820] [bmv2] [D] [thread 24439] [17.0] [cxt 0] Action entry is syn_flood_filter373 - 
[10:59:12.820] [bmv2] [T] [thread 24439] [17.0] [cxt 0] Action syn_flood_filter373
[10:59:12.821] [bmv2] [T] [thread 24439] [17.0] [cxt 0] syn_flood_filter.p4(373) Primitive hdr.swtraces[0].swid
[10:59:12.821] [bmv2] [T] [thread 24439] [17.0] [cxt 0] Applying table 'MyEgress.debug_flow'
[10:59:12.821] [bmv2] [D] [thread 24439] [17.0] [cxt 0] Looking up key:
* meta.cntSyn         : 00000000
* meta.cntSynAckRst   : 00000000
* hdr.swtraces[0].swid: 00000000
* hdr.mri.count       : 0000

[10:59:12.821] [bmv2] [D] [thread 24439] [17.0] [cxt 0] Table 'MyEgress.debug_flow': miss
[10:59:12.821] [bmv2] [D] [thread 24439] [17.0] [cxt 0] Action entry is NoAction - 
[10:59:12.821] [bmv2] [T] [thread 24439] [17.0] [cxt 0] Action NoAction
[10:59:12.821] [bmv2] [T] [thread 24439] [17.0] [cxt 0] syn_flood_filter.p4(427) Condition "hdr.mri.isValid()" (node_23) is false
[10:59:12.821] [bmv2] [T] [thread 24439] [17.0] [cxt 0] Applying table 'MyEgress.ip_forward'
[10:59:12.821] [bmv2] [D] [thread 24439] [17.0] [cxt 0] Looking up key:
* hdr.ipv4.dstAddr    : 00000000

[10:59:12.821] [bmv2] [D] [thread 24439] [17.0] [cxt 0] Table 'MyEgress.ip_forward': miss
[10:59:12.821] [bmv2] [D] [thread 24439] [17.0] [cxt 0] Action entry is NoAction - 
[10:59:12.821] [bmv2] [T] [thread 24439] [17.0] [cxt 0] Action NoAction
[10:59:12.821] [bmv2] [D] [thread 24439] [17.0] [cxt 0] Pipeline 'egress': end
[10:59:12.821] [bmv2] [D] [thread 24439] [17.0] [cxt 0] Deparser 'deparser': start
[10:59:12.821] [bmv2] [T] [thread 24439] [17.0] [cxt 0] Skipping checksum 'cksum' update because condition not met
[10:59:12.821] [bmv2] [D] [thread 24439] [17.0] [cxt 0] Deparsing header 'ethernet'
[10:59:12.821] [bmv2] [D] [thread 24439] [17.0] [cxt 0] Deparser 'deparser': end
[10:59:12.821] [bmv2] [D] [thread 24443] [17.0] [cxt 0] Transmitting packet of size 70 out of port 0
[10:59:16.406] [bmv2] [D] [thread 24438] [18.0] [cxt 0] Processing packet received on port 2
[10:59:16.406] [bmv2] [D] [thread 24438] [18.0] [cxt 0] Parser 'parser': start
[10:59:16.406] [bmv2] [D] [thread 24438] [18.0] [cxt 0] Parser 'parser' entering state 'start'
[10:59:16.406] [bmv2] [D] [thread 24438] [18.0] [cxt 0] Extracting header 'ethernet'
[10:59:16.406] [bmv2] [D] [thread 24438] [18.0] [cxt 0] Parser state 'start': key is 86dd
[10:59:16.406] [bmv2] [T] [thread 24438] [18.0] [cxt 0] Bytes parsed: 14
[10:59:16.406] [bmv2] [D] [thread 24438] [18.0] [cxt 0] Parser 'parser': end
[10:59:16.406] [bmv2] [D] [thread 24438] [18.0] [cxt 0] Pipeline 'ingress': start
[10:59:16.406] [bmv2] [T] [thread 24438] [18.0] [cxt 0] Applying table 'MyIngress.firewall'
[10:59:16.406] [bmv2] [D] [thread 24438] [18.0] [cxt 0] Looking up key:
* hdr.ipv4.srcAddr    : 00000000

[10:59:16.406] [bmv2] [D] [thread 24438] [18.0] [cxt 0] Table 'MyIngress.firewall': miss
[10:59:16.406] [bmv2] [D] [thread 24438] [18.0] [cxt 0] Action entry is NoAction - 
[10:59:16.406] [bmv2] [T] [thread 24438] [18.0] [cxt 0] Action NoAction
[10:59:16.406] [bmv2] [T] [thread 24438] [18.0] [cxt 0] syn_flood_filter.p4(262) Condition "meta.toBlock == 1" (node_3) is false
[10:59:16.406] [bmv2] [T] [thread 24438] [18.0] [cxt 0] syn_flood_filter.p4(268) Condition "hdr.ipv4.isValid()" (node_5) is false
[10:59:16.406] [bmv2] [T] [thread 24438] [18.0] [cxt 0] syn_flood_filter.p4(274) Condition "hdr.tcp.isValid()" (node_8) is false
[10:59:16.406] [bmv2] [D] [thread 24438] [18.0] [cxt 0] Pipeline 'ingress': end
[10:59:16.406] [bmv2] [D] [thread 24438] [18.0] [cxt 0] Egress port is 0
[10:59:16.406] [bmv2] [D] [thread 24438] [19.0] [cxt 0] Processing packet received on port 4
[10:59:16.406] [bmv2] [D] [thread 24438] [19.0] [cxt 0] Parser 'parser': start
[10:59:16.406] [bmv2] [D] [thread 24438] [19.0] [cxt 0] Parser 'parser' entering state 'start'
[10:59:16.406] [bmv2] [D] [thread 24438] [19.0] [cxt 0] Extracting header 'ethernet'
[10:59:16.406] [bmv2] [D] [thread 24438] [19.0] [cxt 0] Parser state 'start': key is 86dd
[10:59:16.406] [bmv2] [T] [thread 24438] [19.0] [cxt 0] Bytes parsed: 14
[10:59:16.406] [bmv2] [D] [thread 24438] [19.0] [cxt 0] Parser 'parser': end
[10:59:16.406] [bmv2] [D] [thread 24438] [19.0] [cxt 0] Pipeline 'ingress': start
[10:59:16.406] [bmv2] [T] [thread 24438] [19.0] [cxt 0] Applying table 'MyIngress.firewall'
[10:59:16.406] [bmv2] [D] [thread 24438] [19.0] [cxt 0] Looking up key:
* hdr.ipv4.srcAddr    : 00000000

[10:59:16.406] [bmv2] [D] [thread 24438] [19.0] [cxt 0] Table 'MyIngress.firewall': miss
[10:59:16.407] [bmv2] [D] [thread 24438] [19.0] [cxt 0] Action entry is NoAction - 
[10:59:16.407] [bmv2] [T] [thread 24438] [19.0] [cxt 0] Action NoAction
[10:59:16.407] [bmv2] [T] [thread 24438] [19.0] [cxt 0] syn_flood_filter.p4(262) Condition "meta.toBlock == 1" (node_3) is false
[10:59:16.407] [bmv2] [T] [thread 24438] [19.0] [cxt 0] syn_flood_filter.p4(268) Condition "hdr.ipv4.isValid()" (node_5) is false
[10:59:16.407] [bmv2] [T] [thread 24438] [19.0] [cxt 0] syn_flood_filter.p4(274) Condition "hdr.tcp.isValid()" (node_8) is false
[10:59:16.407] [bmv2] [D] [thread 24438] [19.0] [cxt 0] Pipeline 'ingress': end
[10:59:16.407] [bmv2] [D] [thread 24438] [19.0] [cxt 0] Egress port is 0
[10:59:16.407] [bmv2] [D] [thread 24438] [20.0] [cxt 0] Processing packet received on port 2
[10:59:16.407] [bmv2] [D] [thread 24438] [20.0] [cxt 0] Parser 'parser': start
[10:59:16.407] [bmv2] [D] [thread 24438] [20.0] [cxt 0] Parser 'parser' entering state 'start'
[10:59:16.407] [bmv2] [D] [thread 24438] [20.0] [cxt 0] Extracting header 'ethernet'
[10:59:16.407] [bmv2] [D] [thread 24438] [20.0] [cxt 0] Parser state 'start': key is 86dd
[10:59:16.407] [bmv2] [T] [thread 24438] [20.0] [cxt 0] Bytes parsed: 14
[10:59:16.407] [bmv2] [D] [thread 24438] [20.0] [cxt 0] Parser 'parser': end
[10:59:16.407] [bmv2] [D] [thread 24438] [20.0] [cxt 0] Pipeline 'ingress': start
[10:59:16.407] [bmv2] [T] [thread 24438] [20.0] [cxt 0] Applying table 'MyIngress.firewall'
[10:59:16.407] [bmv2] [D] [thread 24438] [20.0] [cxt 0] Looking up key:
* hdr.ipv4.srcAddr    : 00000000

[10:59:16.407] [bmv2] [D] [thread 24438] [20.0] [cxt 0] Table 'MyIngress.firewall': miss
[10:59:16.407] [bmv2] [D] [thread 24438] [20.0] [cxt 0] Action entry is NoAction - 
[10:59:16.407] [bmv2] [T] [thread 24438] [20.0] [cxt 0] Action NoAction
[10:59:16.407] [bmv2] [T] [thread 24438] [20.0] [cxt 0] syn_flood_filter.p4(262) Condition "meta.toBlock == 1" (node_3) is false
[10:59:16.407] [bmv2] [T] [thread 24438] [20.0] [cxt 0] syn_flood_filter.p4(268) Condition "hdr.ipv4.isValid()" (node_5) is false
[10:59:16.407] [bmv2] [T] [thread 24438] [20.0] [cxt 0] syn_flood_filter.p4(274) Condition "hdr.tcp.isValid()" (node_8) is false
[10:59:16.407] [bmv2] [D] [thread 24438] [20.0] [cxt 0] Pipeline 'ingress': end
[10:59:16.407] [bmv2] [D] [thread 24438] [20.0] [cxt 0] Egress port is 0
[10:59:16.410] [bmv2] [D] [thread 24439] [18.0] [cxt 0] Pipeline 'egress': start
[10:59:16.410] [bmv2] [T] [thread 24439] [18.0] [cxt 0] syn_flood_filter.p4(410) Condition "hdr.tcp.isValid()" (node_16) is false
[10:59:16.410] [bmv2] [T] [thread 24439] [18.0] [cxt 0] Applying table 'tbl_syn_flood_filter373'
[10:59:16.410] [bmv2] [D] [thread 24439] [18.0] [cxt 0] Looking up key:

[10:59:16.410] [bmv2] [D] [thread 24439] [18.0] [cxt 0] Table 'tbl_syn_flood_filter373': miss
[10:59:16.410] [bmv2] [D] [thread 24439] [18.0] [cxt 0] Action entry is syn_flood_filter373 - 
[10:59:16.410] [bmv2] [T] [thread 24439] [18.0] [cxt 0] Action syn_flood_filter373
[10:59:16.410] [bmv2] [T] [thread 24439] [18.0] [cxt 0] syn_flood_filter.p4(373) Primitive hdr.swtraces[0].swid
[10:59:16.410] [bmv2] [T] [thread 24439] [18.0] [cxt 0] Applying table 'MyEgress.debug_flow'
[10:59:16.410] [bmv2] [D] [thread 24439] [18.0] [cxt 0] Looking up key:
* meta.cntSyn         : 00000000
* meta.cntSynAckRst   : 00000000
* hdr.swtraces[0].swid: 00000000
* hdr.mri.count       : 0000

[10:59:16.410] [bmv2] [D] [thread 24439] [18.0] [cxt 0] Table 'MyEgress.debug_flow': miss
[10:59:16.410] [bmv2] [D] [thread 24439] [18.0] [cxt 0] Action entry is NoAction - 
[10:59:16.410] [bmv2] [T] [thread 24439] [18.0] [cxt 0] Action NoAction
[10:59:16.410] [bmv2] [T] [thread 24439] [18.0] [cxt 0] syn_flood_filter.p4(427) Condition "hdr.mri.isValid()" (node_23) is false
[10:59:16.410] [bmv2] [T] [thread 24439] [18.0] [cxt 0] Applying table 'MyEgress.ip_forward'
[10:59:16.410] [bmv2] [D] [thread 24439] [18.0] [cxt 0] Looking up key:
* hdr.ipv4.dstAddr    : 00000000

[10:59:16.410] [bmv2] [D] [thread 24439] [18.0] [cxt 0] Table 'MyEgress.ip_forward': miss
[10:59:16.410] [bmv2] [D] [thread 24439] [18.0] [cxt 0] Action entry is NoAction - 
[10:59:16.410] [bmv2] [T] [thread 24439] [18.0] [cxt 0] Action NoAction
[10:59:16.410] [bmv2] [D] [thread 24439] [18.0] [cxt 0] Pipeline 'egress': end
[10:59:16.410] [bmv2] [D] [thread 24439] [18.0] [cxt 0] Deparser 'deparser': start
[10:59:16.410] [bmv2] [T] [thread 24439] [18.0] [cxt 0] Skipping checksum 'cksum' update because condition not met
[10:59:16.410] [bmv2] [D] [thread 24439] [18.0] [cxt 0] Deparsing header 'ethernet'
[10:59:16.410] [bmv2] [D] [thread 24439] [18.0] [cxt 0] Deparser 'deparser': end
[10:59:16.410] [bmv2] [D] [thread 24439] [19.0] [cxt 0] Pipeline 'egress': start
[10:59:16.410] [bmv2] [T] [thread 24439] [19.0] [cxt 0] syn_flood_filter.p4(410) Condition "hdr.tcp.isValid()" (node_16) is false
[10:59:16.410] [bmv2] [T] [thread 24439] [19.0] [cxt 0] Applying table 'tbl_syn_flood_filter373'
[10:59:16.410] [bmv2] [D] [thread 24439] [19.0] [cxt 0] Looking up key:

[10:59:16.410] [bmv2] [D] [thread 24439] [19.0] [cxt 0] Table 'tbl_syn_flood_filter373': miss
[10:59:16.410] [bmv2] [D] [thread 24439] [19.0] [cxt 0] Action entry is syn_flood_filter373 - 
[10:59:16.410] [bmv2] [T] [thread 24439] [19.0] [cxt 0] Action syn_flood_filter373
[10:59:16.410] [bmv2] [T] [thread 24439] [19.0] [cxt 0] syn_flood_filter.p4(373) Primitive hdr.swtraces[0].swid
[10:59:16.410] [bmv2] [T] [thread 24439] [19.0] [cxt 0] Applying table 'MyEgress.debug_flow'
[10:59:16.410] [bmv2] [D] [thread 24439] [19.0] [cxt 0] Looking up key:
* meta.cntSyn         : 00000000
* meta.cntSynAckRst   : 00000000
* hdr.swtraces[0].swid: 00000000
* hdr.mri.count       : 0000

[10:59:16.410] [bmv2] [D] [thread 24439] [19.0] [cxt 0] Table 'MyEgress.debug_flow': miss
[10:59:16.410] [bmv2] [D] [thread 24439] [19.0] [cxt 0] Action entry is NoAction - 
[10:59:16.410] [bmv2] [T] [thread 24439] [19.0] [cxt 0] Action NoAction
[10:59:16.410] [bmv2] [T] [thread 24439] [19.0] [cxt 0] syn_flood_filter.p4(427) Condition "hdr.mri.isValid()" (node_23) is false
[10:59:16.410] [bmv2] [T] [thread 24439] [19.0] [cxt 0] Applying table 'MyEgress.ip_forward'
[10:59:16.410] [bmv2] [D] [thread 24439] [19.0] [cxt 0] Looking up key:
* hdr.ipv4.dstAddr    : 00000000

[10:59:16.410] [bmv2] [D] [thread 24439] [19.0] [cxt 0] Table 'MyEgress.ip_forward': miss
[10:59:16.410] [bmv2] [D] [thread 24439] [19.0] [cxt 0] Action entry is NoAction - 
[10:59:16.410] [bmv2] [T] [thread 24439] [19.0] [cxt 0] Action NoAction
[10:59:16.410] [bmv2] [D] [thread 24439] [19.0] [cxt 0] Pipeline 'egress': end
[10:59:16.410] [bmv2] [D] [thread 24439] [19.0] [cxt 0] Deparser 'deparser': start
[10:59:16.410] [bmv2] [T] [thread 24439] [19.0] [cxt 0] Skipping checksum 'cksum' update because condition not met
[10:59:16.410] [bmv2] [D] [thread 24439] [19.0] [cxt 0] Deparsing header 'ethernet'
[10:59:16.410] [bmv2] [D] [thread 24439] [19.0] [cxt 0] Deparser 'deparser': end
[10:59:16.410] [bmv2] [D] [thread 24439] [20.0] [cxt 0] Pipeline 'egress': start
[10:59:16.410] [bmv2] [T] [thread 24439] [20.0] [cxt 0] syn_flood_filter.p4(410) Condition "hdr.tcp.isValid()" (node_16) is false
[10:59:16.410] [bmv2] [T] [thread 24439] [20.0] [cxt 0] Applying table 'tbl_syn_flood_filter373'
[10:59:16.410] [bmv2] [D] [thread 24439] [20.0] [cxt 0] Looking up key:

[10:59:16.410] [bmv2] [D] [thread 24439] [20.0] [cxt 0] Table 'tbl_syn_flood_filter373': miss
[10:59:16.410] [bmv2] [D] [thread 24439] [20.0] [cxt 0] Action entry is syn_flood_filter373 - 
[10:59:16.410] [bmv2] [T] [thread 24439] [20.0] [cxt 0] Action syn_flood_filter373
[10:59:16.410] [bmv2] [T] [thread 24439] [20.0] [cxt 0] syn_flood_filter.p4(373) Primitive hdr.swtraces[0].swid
[10:59:16.410] [bmv2] [T] [thread 24439] [20.0] [cxt 0] Applying table 'MyEgress.debug_flow'
[10:59:16.410] [bmv2] [D] [thread 24439] [20.0] [cxt 0] Looking up key:
* meta.cntSyn         : 00000000
* meta.cntSynAckRst   : 00000000
* hdr.swtraces[0].swid: 00000000
* hdr.mri.count       : 0000

[10:59:16.410] [bmv2] [D] [thread 24439] [20.0] [cxt 0] Table 'MyEgress.debug_flow': miss
[10:59:16.410] [bmv2] [D] [thread 24439] [20.0] [cxt 0] Action entry is NoAction - 
[10:59:16.410] [bmv2] [T] [thread 24439] [20.0] [cxt 0] Action NoAction
[10:59:16.410] [bmv2] [T] [thread 24439] [20.0] [cxt 0] syn_flood_filter.p4(427) Condition "hdr.mri.isValid()" (node_23) is false
[10:59:16.410] [bmv2] [T] [thread 24439] [20.0] [cxt 0] Applying table 'MyEgress.ip_forward'
[10:59:16.410] [bmv2] [D] [thread 24439] [20.0] [cxt 0] Looking up key:
* hdr.ipv4.dstAddr    : 00000000

[10:59:16.410] [bmv2] [D] [thread 24439] [20.0] [cxt 0] Table 'MyEgress.ip_forward': miss
[10:59:16.410] [bmv2] [D] [thread 24439] [20.0] [cxt 0] Action entry is NoAction - 
[10:59:16.410] [bmv2] [T] [thread 24439] [20.0] [cxt 0] Action NoAction
[10:59:16.410] [bmv2] [D] [thread 24439] [20.0] [cxt 0] Pipeline 'egress': end
[10:59:16.410] [bmv2] [D] [thread 24439] [20.0] [cxt 0] Deparser 'deparser': start
[10:59:16.410] [bmv2] [T] [thread 24439] [20.0] [cxt 0] Skipping checksum 'cksum' update because condition not met
[10:59:16.410] [bmv2] [D] [thread 24439] [20.0] [cxt 0] Deparsing header 'ethernet'
[10:59:16.410] [bmv2] [D] [thread 24439] [20.0] [cxt 0] Deparser 'deparser': end
[10:59:16.411] [bmv2] [D] [thread 24443] [18.0] [cxt 0] Transmitting packet of size 70 out of port 0
[10:59:16.411] [bmv2] [D] [thread 24443] [19.0] [cxt 0] Transmitting packet of size 70 out of port 0
[10:59:16.411] [bmv2] [D] [thread 24443] [20.0] [cxt 0] Transmitting packet of size 70 out of port 0
open: No such file or directory
open: No such file or directory
open: No such file or directory
open: No such file or directory
open: No such file or directory
open: No such file or directory
open: No such file or directory
open: No such file or directory
open: No such file or directory
open: No such file or directory
open: No such file or directory
open: No such file or directory
open: No such file or directory
open: No such file or directory
open: No such file or directory
open: No such file or directory
open: No such file or directory
open: No such file or directory
open: No such file or directory
open: No such file or directory
open: No such file or directory
open: No such file or directory
open: No such file or directory
